

*******************************************************************************
Wed Aug 27 22:16:58 2025


FIT:    data read from 'data.csv' using 4:3:(X_ERR):(Y_ERR) xyerrors
        format = x:z:sx:s


*******************************************************************************
Wed Aug 27 22:17:28 2025


FIT:    data read from 'data.csv' using 4:3:(X_ERR(x)):(Y_ERR) xyerrors
        format = x:z:sx:s


*******************************************************************************
Wed Aug 27 22:19:52 2025


FIT:    data read from 'data.csv' using 4:3:(X_ERR($4)):(Y_ERR) xyerrors
        format = x:z:sx:s
        #datapoints = 9
function used for fitting: f(x)
	f(x) = a*x + b
fitted parameters initialized with current variable values

   4 2.5402775627e+00  -3.50e-11  3.53e+04   -1.072435e+02  -1.792167e+01

After 4 iterations the fit converged.
final sum of squares of residuals : 2.54028
rel. change during last iteration : -3.49638e-16

degrees of freedom    (FIT_NDF)                        : 7
rms of residuals      (FIT_STDFIT) = sqrt(WSSR/ndf)    : 0.602409
variance of residuals (reduced chisquare) = WSSR/ndf   : 0.362897
p-value of the Chisq distribution (FIT_P)              : 0.924034

Final set of parameters            Asymptotic Standard Error
=======================            ==========================
a               = -107.244         +/- 2.626        (2.448%)
b               = -17.9217         +/- 2.189        (12.21%)

correlation matrix of the fit parameters:
                a      b      
a               1.000 
b              -0.955  1.000 


*******************************************************************************
Wed Aug 27 22:20:49 2025


FIT:    data read from 'data.csv' using 4:3:(X_ERR($4)):(Y_ERR) xyerrors
        format = x:z:sx:s
        #datapoints = 9
function used for fitting: f(x)
	f(x) = a*x + b
fitted parameters initialized with current variable values

   1 2.5402775627e+00  -1.64e-09  1.99e+06   -1.072435e+02  -1.792167e+01

After 1 iterations the fit converged.
final sum of squares of residuals : 2.54028
rel. change during last iteration : -1.6433e-14

degrees of freedom    (FIT_NDF)                        : 7
rms of residuals      (FIT_STDFIT) = sqrt(WSSR/ndf)    : 0.602409
variance of residuals (reduced chisquare) = WSSR/ndf   : 0.362897
p-value of the Chisq distribution (FIT_P)              : 0.924034

Final set of parameters            Asymptotic Standard Error
=======================            ==========================
a               = -107.244         +/- 2.626        (2.448%)
b               = -17.9217         +/- 2.189        (12.21%)

correlation matrix of the fit parameters:
                a      b      
a               1.000 
b              -0.955  1.000 


*******************************************************************************
Wed Aug 27 22:21:55 2025


FIT:    data read from 'data.csv' using 4:3:(X_ERR($4)):(Y_ERR) xyerrors
        format = x:z:sx:s
        #datapoints = 9
function used for fitting: f(x)
	f(x) = a*x + b
fitted parameters initialized with current variable values

   4 2.5402775627e+00  -3.50e-11  3.53e+04   -1.072435e+02  -1.792167e+01

After 4 iterations the fit converged.
final sum of squares of residuals : 2.54028
rel. change during last iteration : -3.49638e-16

degrees of freedom    (FIT_NDF)                        : 7
rms of residuals      (FIT_STDFIT) = sqrt(WSSR/ndf)    : 0.602409
variance of residuals (reduced chisquare) = WSSR/ndf   : 0.362897
p-value of the Chisq distribution (FIT_P)              : 0.924034

Final set of parameters            Asymptotic Standard Error
=======================            ==========================
a               = -107.244         +/- 2.626        (2.448%)
b               = -17.9217         +/- 2.189        (12.21%)

correlation matrix of the fit parameters:
                a      b      
a               1.000 
b              -0.955  1.000 


*******************************************************************************
Wed Aug 27 22:23:15 2025


FIT:    data read from 'data.csv' using 4:3:(X_ERR($4)):(Y_ERR) xyerrors
        format = x:z:sx:s
        x range restricted to [0.00000 : 1.00000]
        #datapoints = 9
function used for fitting: f(x)
	f(x) = a*x + b
fitted parameters initialized with current variable values

   1 2.5402775627e+00  -1.64e-09  1.99e+06   -1.072435e+02  -1.792167e+01

After 1 iterations the fit converged.
final sum of squares of residuals : 2.54028
rel. change during last iteration : -1.6433e-14

degrees of freedom    (FIT_NDF)                        : 7
rms of residuals      (FIT_STDFIT) = sqrt(WSSR/ndf)    : 0.602409
variance of residuals (reduced chisquare) = WSSR/ndf   : 0.362897
p-value of the Chisq distribution (FIT_P)              : 0.924034

Final set of parameters            Asymptotic Standard Error
=======================            ==========================
a               = -107.244         +/- 2.626        (2.448%)
b               = -17.9217         +/- 2.189        (12.21%)

correlation matrix of the fit parameters:
                a      b      
a               1.000 
b              -0.955  1.000 


*******************************************************************************
Wed Aug 27 22:27:36 2025


FIT:    data read from 'data.csv' using 4:3:(X_ERR($4)):(Y_ERR) xyerrors
        format = x:z:sx:s
        x range restricted to [0.00000 : 1.00000]
        #datapoints = 9
function used for fitting: f(x)
	f(x) = a*x + b
fitted parameters initialized with current variable values

   1 2.5402775627e+00  -4.84e-09  1.99e+06   -1.072435e+02  -1.792167e+01

After 1 iterations the fit converged.
final sum of squares of residuals : 2.54028
rel. change during last iteration : -4.84249e-14

degrees of freedom    (FIT_NDF)                        : 7
rms of residuals      (FIT_STDFIT) = sqrt(WSSR/ndf)    : 0.602409
variance of residuals (reduced chisquare) = WSSR/ndf   : 0.362897
p-value of the Chisq distribution (FIT_P)              : 0.924034

Final set of parameters            Asymptotic Standard Error
=======================            ==========================
a               = -107.244         +/- 2.626        (2.448%)
b               = -17.9217         +/- 2.189        (12.21%)

correlation matrix of the fit parameters:
                a      b      
a               1.000 
b              -0.955  1.000 


*******************************************************************************
Wed Sep 03 18:40:40 2025


FIT:    data read from 'data.csv' using 4:3:(X_ERR($4)):(Y_ERR) xyerrors
        format = x:z:sx:s
        x range restricted to [0.00000 : 1.00000]
        #datapoints = 9
function used for fitting: f(x)
	f(x) = a*x + b
fitted parameters initialized with current variable values

   4 2.5402700203e+00  -1.75e-11  3.53e+03   -1.072440e+02  -9.213597e-01

After 4 iterations the fit converged.
final sum of squares of residuals : 2.54027
rel. change during last iteration : -1.7482e-16

degrees of freedom    (FIT_NDF)                        : 7
rms of residuals      (FIT_STDFIT) = sqrt(WSSR/ndf)    : 0.602408
variance of residuals (reduced chisquare) = WSSR/ndf   : 0.362896
p-value of the Chisq distribution (FIT_P)              : 0.924034

Final set of parameters            Asymptotic Standard Error
=======================            ==========================
a               = -107.244         +/- 2.626        (2.448%)
b               = -0.92136         +/- 2.189        (237.6%)

correlation matrix of the fit parameters:
                a      b      
a               1.000 
b              -0.955  1.000 


*******************************************************************************
Wed Sep 03 18:46:44 2025


FIT:    data read from 'data.csv' using 4:3:(X_ERR($4)):(Y_ERR) xyerrors
        format = x:z:sx:s
        x range restricted to [0.00000 : 1.00000]
        #datapoints = 9
function used for fitting: f(x)
	f(x) = a*x + b
fitted parameters initialized with current variable values

   1 2.5402700203e+00   0.00e+00  1.95e+07   -1.072440e+02  -9.213597e-01

After 1 iterations the fit converged.
final sum of squares of residuals : 2.54027
rel. change during last iteration : 0

degrees of freedom    (FIT_NDF)                        : 7
rms of residuals      (FIT_STDFIT) = sqrt(WSSR/ndf)    : 0.602408
variance of residuals (reduced chisquare) = WSSR/ndf   : 0.362896
p-value of the Chisq distribution (FIT_P)              : 0.924034

Final set of parameters            Asymptotic Standard Error
=======================            ==========================
a               = -107.244         +/- 2.626        (2.448%)
b               = -0.92136         +/- 2.189        (237.6%)

correlation matrix of the fit parameters:
                a      b      
a               1.000 
b              -0.955  1.000 
