

*******************************************************************************
Tue Aug 26 18:11:35 2025


FIT:    data read from '1.csv' using ($1*s):3 every ::2
        format = x:z
        #datapoints = 159
        residuals are weighted equally (unit weight)

function used for fitting: f(x)
fitted parameters initialized with current variable values



 Iteration 0
 WSSR        : 382.238           delta(WSSR)/WSSR   : 0
 delta(WSSR) : 0                 limit for stopping : 1e-005
 lambda	  : 5.57062

initial set of free parameter values

t1              = 42.527
t2              = 30.96
x0              = 74.8347
b               = -0.087956

After 8 iterations the fit converged.
final sum of squares of residuals : 158.899
rel. change during last iteration : -9.56078e-006

degrees of freedom    (FIT_NDF)                        : 155
rms of residuals      (FIT_STDFIT) = sqrt(WSSR/ndf)    : 1.0125
variance of residuals (reduced chisquare) = WSSR/ndf   : 1.02515

Final set of parameters            Asymptotic Standard Error
=======================            ==========================

t1              = 43.2634          +/- 0.1138       (0.2631%)
t2              = 31.0182          +/- 0.1171       (0.3777%)
x0              = 76.778           +/- 0.1786       (0.2326%)
b               = -0.553593        +/- 0.109        (19.68%)


correlation matrix of the fit parameters:

               t1     t2     x0     b      
t1              1.000 
t2             -0.004  1.000 
x0              0.117  0.121  1.000 
b               0.092 -0.100 -0.022  1.000 
