

*******************************************************************************
Tue Aug 26 18:13:22 2025


FIT:    data read from '2.csv' using ($1*s):3 every ::2
        format = x:z
        #datapoints = 159
        residuals are weighted equally (unit weight)

function used for fitting: f(x)
fitted parameters initialized with current variable values



 Iteration 0
 WSSR        : 262.785           delta(WSSR)/WSSR   : 0
 delta(WSSR) : 0                 limit for stopping : 1e-005
 lambda	  : 0.661955

initial set of free parameter values

t1              = 43.2634
t2              = 31.0182
x0              = 76.778
b               = -0.553593

After 23 iterations the fit converged.
final sum of squares of residuals : 194.519
rel. change during last iteration : -7.85557e-006

degrees of freedom    (FIT_NDF)                        : 155
rms of residuals      (FIT_STDFIT) = sqrt(WSSR/ndf)    : 1.12025
variance of residuals (reduced chisquare) = WSSR/ndf   : 1.25496

Final set of parameters            Asymptotic Standard Error
=======================            ==========================

t1              = 42.6689          +/- 0.1291       (0.3024%)
t2              = 31.2917          +/- 0.1358       (0.4339%)
x0              = 75.3674          +/- 0.3808       (0.5053%)
b               = -0.183385        +/- 0.02525      (13.77%)


correlation matrix of the fit parameters:

               t1     t2     x0     b      
t1              1.000 
t2             -0.013  1.000 
x0              0.201  0.212  1.000 
b               0.166 -0.177 -0.011  1.000 
