

*******************************************************************************
Tue Aug 26 18:14:06 2025


FIT:    data read from '3.csv' using ($1*s):3 every ::2
        format = x:z
        #datapoints = 159
        residuals are weighted equally (unit weight)

function used for fitting: f(x)
fitted parameters initialized with current variable values



 Iteration 0
 WSSR        : 245.91            delta(WSSR)/WSSR   : 0
 delta(WSSR) : 0                 limit for stopping : 1e-005
 lambda	  : 1.88266

initial set of free parameter values

t1              = 42.6689
t2              = 31.2917
x0              = 75.3674
b               = -0.183385

After 13 iterations the fit converged.
final sum of squares of residuals : 182.721
rel. change during last iteration : -2.67495e-006

degrees of freedom    (FIT_NDF)                        : 155
rms of residuals      (FIT_STDFIT) = sqrt(WSSR/ndf)    : 1.08575
variance of residuals (reduced chisquare) = WSSR/ndf   : 1.17884

Final set of parameters            Asymptotic Standard Error
=======================            ==========================

t1              = 42.2853          +/- 0.1389       (0.3286%)
t2              = 30.8117          +/- 0.1509       (0.4897%)
x0              = 74.3472          +/- 0.6969       (0.9373%)
b               = -0.062067        +/- 0.005164     (8.32%)


correlation matrix of the fit parameters:

               t1     t2     x0     b      
t1              1.000 
t2             -0.049  1.000 
x0              0.332  0.364  1.000 
b               0.306 -0.331 -0.021  1.000 


*******************************************************************************
Tue Aug 26 18:14:14 2025


FIT:    data read from '3.csv' using ($1*s):3 every ::2
        format = x:z
        #datapoints = 159
        residuals are weighted equally (unit weight)

function used for fitting: f(x)
fitted parameters initialized with current variable values



 Iteration 0
 WSSR        : 182.721           delta(WSSR)/WSSR   : 0
 delta(WSSR) : 0                 limit for stopping : 1e-005
 lambda	  : 9.29757

initial set of free parameter values

t1              = 42.2853
t2              = 30.8117
x0              = 74.3472
b               = -0.062067

After 1 iterations the fit converged.
final sum of squares of residuals : 182.721
rel. change during last iteration : -6.2922e-007

degrees of freedom    (FIT_NDF)                        : 155
rms of residuals      (FIT_STDFIT) = sqrt(WSSR/ndf)    : 1.08574
variance of residuals (reduced chisquare) = WSSR/ndf   : 1.17884

Final set of parameters            Asymptotic Standard Error
=======================            ==========================

t1              = 42.2854          +/- 0.139        (0.3286%)
t2              = 30.8116          +/- 0.1509       (0.4898%)
x0              = 74.3472          +/- 0.6971       (0.9376%)
b               = -0.0620352       +/- 0.005161     (8.319%)


correlation matrix of the fit parameters:

               t1     t2     x0     b      
t1              1.000 
t2             -0.049  1.000 
x0              0.332  0.364  1.000 
b               0.306 -0.331 -0.021  1.000 
