

*******************************************************************************
Tue Aug 26 18:16:06 2025


FIT:    data read from '5.csv' using ($1*s):3 every ::2
        format = x:z
        #datapoints = 159
        residuals are weighted equally (unit weight)

function used for fitting: f(x)
fitted parameters initialized with current variable values



 Iteration 0
 WSSR        : 157.692           delta(WSSR)/WSSR   : 0
 delta(WSSR) : 0                 limit for stopping : 1e-005
 lambda	  : 13.8266

initial set of free parameter values

t1              = 41.9597
t2              = 30.9821
x0              = 73.1769
b               = -0.0462325

After 5 iterations the fit converged.
final sum of squares of residuals : 133.338
rel. change during last iteration : -2.94176e-006

degrees of freedom    (FIT_NDF)                        : 155
rms of residuals      (FIT_STDFIT) = sqrt(WSSR/ndf)    : 0.927494
variance of residuals (reduced chisquare) = WSSR/ndf   : 0.860245

Final set of parameters            Asymptotic Standard Error
=======================            ==========================

t1              = 41.6319          +/- 0.132        (0.3171%)
t2              = 31.0976          +/- 0.1564       (0.503%)
x0              = 71.804           +/- 0.9254       (1.289%)
b               = -0.038724        +/- 0.002649     (6.842%)


correlation matrix of the fit parameters:

               t1     t2     x0     b      
t1              1.000 
t2             -0.105  1.000 
x0              0.384  0.473  1.000 
b               0.411 -0.473 -0.066  1.000 
