

*******************************************************************************
Tue Aug 26 18:16:47 2025


FIT:    data read from '6.csv' using ($1*s):3 every ::2
        format = x:z
        #datapoints = 159
        residuals are weighted equally (unit weight)

function used for fitting: f(x)
fitted parameters initialized with current variable values



 Iteration 0
 WSSR        : 146.51            delta(WSSR)/WSSR   : 0
 delta(WSSR) : 0                 limit for stopping : 1e-005
 lambda	  : 17.3048

initial set of free parameter values

t1              = 41.6319
t2              = 31.0976
x0              = 71.804
b               = -0.038724

After 5 iterations the fit converged.
final sum of squares of residuals : 116.706
rel. change during last iteration : -6.18222e-006

degrees of freedom    (FIT_NDF)                        : 155
rms of residuals      (FIT_STDFIT) = sqrt(WSSR/ndf)    : 0.867723
variance of residuals (reduced chisquare) = WSSR/ndf   : 0.752943

Final set of parameters            Asymptotic Standard Error
=======================            ==========================

t1              = 41.0602          +/- 0.128        (0.3117%)
t2              = 30.99            +/- 0.1607       (0.5185%)
x0              = 70.3976          +/- 1.009        (1.434%)
b               = -0.0344672       +/- 0.002297     (6.665%)


correlation matrix of the fit parameters:

               t1     t2     x0     b      
t1              1.000 
t2             -0.132  1.000 
x0              0.382  0.514  1.000 
b               0.444 -0.528 -0.101  1.000 
