

*******************************************************************************
Tue Aug 26 18:17:20 2025


FIT:    data read from '7.csv' using ($1*s):3 every ::2
        format = x:z
        #datapoints = 159
        residuals are weighted equally (unit weight)

function used for fitting: f(x)
fitted parameters initialized with current variable values



 Iteration 0
 WSSR        : 124.064           delta(WSSR)/WSSR   : 0
 delta(WSSR) : 0                 limit for stopping : 1e-005
 lambda	  : 19.6978

initial set of free parameter values

t1              = 41.0602
t2              = 30.99
x0              = 70.3976
b               = -0.0344672

After 5 iterations the fit converged.
final sum of squares of residuals : 107.432
rel. change during last iteration : -4.45725e-006

degrees of freedom    (FIT_NDF)                        : 155
rms of residuals      (FIT_STDFIT) = sqrt(WSSR/ndf)    : 0.83253
variance of residuals (reduced chisquare) = WSSR/ndf   : 0.693107

Final set of parameters            Asymptotic Standard Error
=======================            ==========================

t1              = 40.7491          +/- 0.1272       (0.3122%)
t2              = 31.1777          +/- 0.1702       (0.5458%)
x0              = 69.1077          +/- 1.126        (1.629%)
b               = -0.031356        +/- 0.002133     (6.803%)


correlation matrix of the fit parameters:

               t1     t2     x0     b      
t1              1.000 
t2             -0.162  1.000 
x0              0.370  0.553  1.000 
b               0.474 -0.580 -0.143  1.000 
