

*******************************************************************************
Tue Aug 26 17:58:08 2025


FIT:    data read from '8.csv' using ($1*s):3
        format = x:z
	y range restricted to [0.00000 : 160.000]


*******************************************************************************
Tue Aug 26 18:00:06 2025


FIT:    data read from '8.csv' using ($1*s):3 every ::2
        format = x:z
	y range restricted to [0.00000 : 160.000]


*******************************************************************************
Tue Aug 26 18:02:49 2025


FIT:    data read from '8.csv' using ($1*s):3 every ::2
        format = x:z
	y range restricted to [0.00000 : 160.000]
        #datapoints = 159
        residuals are weighted equally (unit weight)

function used for fitting: f(x)
fitted parameters initialized with current variable values



 Iteration 0
 WSSR        : 2093.52           delta(WSSR)/WSSR   : 0
 delta(WSSR) : 0                 limit for stopping : 1e-005
 lambda	  : 2.29923

initial set of free parameter values

t1              = 43
t2              = 27
x0              = 80
b               = -0.2

After 16 iterations the fit converged.
final sum of squares of residuals : 199.578
rel. change during last iteration : -6.34143e-006

degrees of freedom    (FIT_NDF)                        : 155
rms of residuals      (FIT_STDFIT) = sqrt(WSSR/ndf)    : 1.13472
variance of residuals (reduced chisquare) = WSSR/ndf   : 1.2876

Final set of parameters            Asymptotic Standard Error
=======================            ==========================

t1              = 42.5275          +/- 0.1382       (0.3251%)
t2              = 30.9595          +/- 0.1477       (0.4769%)
x0              = 74.8348          +/- 0.5789       (0.7736%)
b               = -0.0877837       +/- 0.008665     (9.871%)


correlation matrix of the fit parameters:

               t1     t2     x0     b      
t1              1.000 
t2             -0.031  1.000 
x0              0.285  0.306  1.000 
b               0.249 -0.267 -0.013  1.000 
