

*******************************************************************************
Wed Aug 27 19:12:03 2025


FIT:    data read from 'data3.csv' using 1:($2/U_IN):(Y_ERR_N) yerrors
        format = x:z:s
        #datapoints = 22
function used for fitting: f(x)
	f(x) = a/sqrt(1+(b/x*(x**2 - b**2))**2)
fitted parameters initialized with current variable values

   1 7.1860278850e+11  -2.10e-01  1.00e+00    3.453845e+03  -3.448395e+03

After 1 iterations the fit converged.
final sum of squares of residuals : 7.18603e+11
rel. change during last iteration : -2.10336e-06

degrees of freedom    (FIT_NDF)                        : 20
rms of residuals      (FIT_STDFIT) = sqrt(WSSR/ndf)    : 189552
variance of residuals (reduced chisquare) = WSSR/ndf   : 3.59301e+10
p-value of the Chisq distribution (FIT_P)              : 0

Final set of parameters            Asymptotic Standard Error
=======================            ==========================
a               = 3453.84          +/- 3.352e+08    (9.704e+06%)
b               = -3448.39         +/- 1.487e+07    (4.312e+05%)

correlation matrix of the fit parameters:
                a      b      
a               1.000 
b              -0.603  1.000 


*******************************************************************************
Wed Aug 27 19:12:42 2025


FIT:    data read from 'data3.csv' using 1:($2/U_IN):(Y_ERR_N) yerrors
        format = x:z:s
        #datapoints = 22
function used for fitting: f(x)
	f(x) = a/sqrt(1+(b/x*(x**2 - b**2))**2)
fitted parameters initialized with current variable values

   4 4.8964074600e+11   0.00e+00  8.31e+12    4.316109e+05  -5.024515e+03

After 4 iterations the fit converged.
final sum of squares of residuals : 4.89641e+11
rel. change during last iteration : 0

degrees of freedom    (FIT_NDF)                        : 20
rms of residuals      (FIT_STDFIT) = sqrt(WSSR/ndf)    : 156467
variance of residuals (reduced chisquare) = WSSR/ndf   : 2.4482e+10
p-value of the Chisq distribution (FIT_P)              : 0

Final set of parameters            Asymptotic Standard Error
=======================            ==========================
a               = 431611           +/- 1.422e+05    (32.94%)
b               = -5024.51         +/- 21.61        (0.4301%)

correlation matrix of the fit parameters:
                a      b      
a               1.000 
b              -0.137  1.000 


*******************************************************************************
Wed Aug 27 19:13:30 2025


FIT:    data read from 'data3.csv' using 1:($2/U_IN)
        format = x:z
        #datapoints = 22
        residuals are weighted equally (unit weight)

function used for fitting: f(x)
	f(x) = a/sqrt(1+(b/x*(x**2 - b**2))**2)
fitted parameters initialized with current variable values

   1 2.6358640727e+00   0.00e+00  1.28e+07    4.316109e+05  -5.024515e+03

After 1 iterations the fit converged.
final sum of squares of residuals : 2.63586
rel. change during last iteration : 0

degrees of freedom    (FIT_NDF)                        : 20
rms of residuals      (FIT_STDFIT) = sqrt(WSSR/ndf)    : 0.363033
variance of residuals (reduced chisquare) = WSSR/ndf   : 0.131793

Final set of parameters            Asymptotic Standard Error
=======================            ==========================
a               = 431611           +/- 1.422e+05    (32.94%)
b               = -5024.51         +/- 21.61        (0.4301%)

correlation matrix of the fit parameters:
                a      b      
a               1.000 
b              -0.137  1.000 


*******************************************************************************
Wed Aug 27 19:14:08 2025


FIT:    data read from 'data3.csv' using 1:($2/U_IN)
        format = x:z
        #datapoints = 22
        residuals are weighted equally (unit weight)

function used for fitting: f(x)
	f(x) = 1/sqrt(1+(b/x*(x**2 - b**2))**2)
fitted parameters initialized with current variable values

   1 3.8684309940e+00  -4.55e-02  4.21e-03   -4.937493e+03

After 1 iterations the fit converged.
final sum of squares of residuals : 3.86843
rel. change during last iteration : -4.54854e-07

degrees of freedom    (FIT_NDF)                        : 21
rms of residuals      (FIT_STDFIT) = sqrt(WSSR/ndf)    : 0.429198
variance of residuals (reduced chisquare) = WSSR/ndf   : 0.184211

Final set of parameters            Asymptotic Standard Error
=======================            ==========================
b               = -4937.49         +/- 3.408e+06    (6.902e+04%)


*******************************************************************************
Wed Aug 27 19:15:20 2025


FIT:    data read from 'data3.csv' using 1:($2/U_IN)
        format = x:z
        #datapoints = 22
        residuals are weighted equally (unit weight)

function used for fitting: f(x)
	f(x) = a/sqrt(1+(b/x*(x**2 - c**2))**2)
fitted parameters initialized with current variable values

  14 9.0119738831e-01  -6.15e-01  1.66e-05    2.445590e+07   1.552896e+04   1.060558e+01

After 14 iterations the fit converged.
final sum of squares of residuals : 0.901197
rel. change during last iteration : -6.14692e-06

degrees of freedom    (FIT_NDF)                        : 19
rms of residuals      (FIT_STDFIT) = sqrt(WSSR/ndf)    : 0.217788
variance of residuals (reduced chisquare) = WSSR/ndf   : 0.0474314

Final set of parameters            Asymptotic Standard Error
=======================            ==========================
a               = 2.44559e+07      +/- 1.741e+19    (7.118e+13%)
b               = 15529            +/- 1.106e+16    (7.125e+13%)
c               = 10.6056          +/- 2.856e+05    (2.692e+06%)

correlation matrix of the fit parameters:
                a      b      c      
a               1.000 
b               1.000  1.000 
c               0.010  0.010  1.000 


*******************************************************************************
Wed Aug 27 19:15:37 2025


FIT:    data read from 'data3.csv' using 1:($2/U_IN)
        format = x:z
        #datapoints = 22
        residuals are weighted equally (unit weight)

function used for fitting: f(x)
	f(x) = 1/sqrt(1+(a/x*(x**2 - b**2))**2)
fitted parameters initialized with current variable values

   1 3.8684384774e+00  -8.13e-08  1.46e-06    2.364364e+07   1.439695e+04

After 1 iterations the fit converged.
final sum of squares of residuals : 3.86844
rel. change during last iteration : -8.12655e-13

degrees of freedom    (FIT_NDF)                        : 20
rms of residuals      (FIT_STDFIT) = sqrt(WSSR/ndf)    : 0.439798
variance of residuals (reduced chisquare) = WSSR/ndf   : 0.193422

Final set of parameters            Asymptotic Standard Error
=======================            ==========================
a               = 2.36436e+07      +/- 5.59e+19     (2.364e+14%)
b               = 14397            +/- 1.509e+16    (1.048e+14%)

correlation matrix of the fit parameters:
                a      b      
a               1.000 
b              -0.999  1.000 


*******************************************************************************
Wed Aug 27 19:16:20 2025


FIT:    data read from 'data3.csv' using 1:($2/U_IN)
        format = x:z
        #datapoints = 22
        residuals are weighted equally (unit weight)

function used for fitting: f(x)
	f(x) = 1/sqrt(1+(a/x*(x**2 - b**2))**2)
fitted parameters initialized with current variable values

   1 3.8684384774e+00  -7.86e-08  1.81e-06    2.302294e+07   1.355371e+04

After 1 iterations the fit converged.
final sum of squares of residuals : 3.86844
rel. change during last iteration : -7.85678e-13

degrees of freedom    (FIT_NDF)                        : 20
rms of residuals      (FIT_STDFIT) = sqrt(WSSR/ndf)    : 0.439798
variance of residuals (reduced chisquare) = WSSR/ndf   : 0.193422

Final set of parameters            Asymptotic Standard Error
=======================            ==========================
a               = 2.30229e+07      +/- 4.014e+19    (1.743e+14%)
b               = 13553.7          +/- 1.03e+16     (7.598e+13%)

correlation matrix of the fit parameters:
                a      b      
a               1.000 
b              -0.999  1.000 


*******************************************************************************
Wed Aug 27 19:17:28 2025


FIT:    data read from 'data3.csv' using 1:2
        format = x:z
        #datapoints = 22
        residuals are weighted equally (unit weight)

function used for fitting: f(x)
	f(x) = 1/sqrt(1+(a/x*(x**2 - b**2))**2)
fitted parameters initialized with current variable values

   1 7.1860500000e+07  -1.29e-09  2.16e-05    1.579059e+06  -1.504543e+04

After 1 iterations the fit converged.
final sum of squares of residuals : 7.18605e+07
rel. change during last iteration : -1.28565e-14

degrees of freedom    (FIT_NDF)                        : 20
rms of residuals      (FIT_STDFIT) = sqrt(WSSR/ndf)    : 1895.53
variance of residuals (reduced chisquare) = WSSR/ndf   : 3.59302e+06

Final set of parameters            Asymptotic Standard Error
=======================            ==========================
a               = 1.57906e+06      +/- 1.312e+21    (8.311e+16%)
b               = -15045.4         +/- 5.607e+18    (3.727e+16%)

correlation matrix of the fit parameters:
                a      b      
a               1.000 
b               0.999  1.000 


*******************************************************************************
Wed Aug 27 19:17:44 2025


FIT:    data read from 'data3.csv' using 1:($2/U_IN)
        format = x:z
        #datapoints = 22
        residuals are weighted equally (unit weight)

function used for fitting: f(x)
	f(x) = 1/sqrt(1+(a/x*(x**2 - b**2))**2)
fitted parameters initialized with current variable values

   1 3.8684384762e+00  -2.48e-05  2.43e-06    1.267419e+06  -8.485737e+03

After 1 iterations the fit converged.
final sum of squares of residuals : 3.86844
rel. change during last iteration : -2.47689e-10

degrees of freedom    (FIT_NDF)                        : 20
rms of residuals      (FIT_STDFIT) = sqrt(WSSR/ndf)    : 0.439798
variance of residuals (reduced chisquare) = WSSR/ndf   : 0.193422

Final set of parameters            Asymptotic Standard Error
=======================            ==========================
a               = 1.26742e+06      +/- 1.021e+16    (8.059e+11%)
b               = -8485.74         +/- 2.167e+13    (2.553e+11%)

correlation matrix of the fit parameters:
                a      b      
a               1.000 
b               0.988  1.000 


*******************************************************************************
Wed Aug 27 19:28:07 2025


FIT:    data read from 'data3.csv' using 1:($2/U_IN)
        format = x:z
        #datapoints = 22
        residuals are weighted equally (unit weight)

function used for fitting: f(x)
	f(x) = 1/sqrt(1+(a/x*(x**2 - b**2))**2)
fitted parameters initialized with current variable values

   1 3.8684384759e+00  -6.62e-06  1.75e-05    1.242731e+06  -8.005353e+03

After 1 iterations the fit converged.
final sum of squares of residuals : 3.86844
rel. change during last iteration : -6.62392e-11

degrees of freedom    (FIT_NDF)                        : 20
rms of residuals      (FIT_STDFIT) = sqrt(WSSR/ndf)    : 0.439798
variance of residuals (reduced chisquare) = WSSR/ndf   : 0.193422

Final set of parameters            Asymptotic Standard Error
=======================            ==========================
a               = 1.24273e+06      +/- 6.659e+15    (5.358e+11%)
b               = -8005.35         +/- 1.233e+13    (1.541e+11%)

correlation matrix of the fit parameters:
                a      b      
a               1.000 
b               0.982  1.000 


*******************************************************************************
Wed Aug 27 19:33:41 2025


FIT:    data read from 'data3.csv' using 1:($2/U_MAX)
        format = x:z
        #datapoints = 22
        residuals are weighted equally (unit weight)

function used for fitting: f(x)
	f(x) = 1/sqrt(1+(a/x*(x**2 - b**2))**2)
fitted parameters initialized with current variable values

   1 7.9315349695e+00  -6.16e-06  2.36e-05    1.219558e+06  -7.542602e+03

After 1 iterations the fit converged.
final sum of squares of residuals : 7.93153
rel. change during last iteration : -6.15598e-11

degrees of freedom    (FIT_NDF)                        : 20
rms of residuals      (FIT_STDFIT) = sqrt(WSSR/ndf)    : 0.629743
variance of residuals (reduced chisquare) = WSSR/ndf   : 0.396577

Final set of parameters            Asymptotic Standard Error
=======================            ==========================
a               = 1.21956e+06      +/- 5.939e+15    (4.87e+11%)
b               = -7542.6          +/- 9.196e+12    (1.219e+11%)

correlation matrix of the fit parameters:
                a      b      
a               1.000 
b               0.972  1.000 


*******************************************************************************
Wed Aug 27 19:35:45 2025


FIT:    data read from 'data3.csv' using 1:($2/U_MAX)
        format = x:z
        #datapoints = 22
        residuals are weighted equally (unit weight)

function used for fitting: f(x)
	f(x) = 1/sqrt(1+(a/x*(x**2 - b**2))**2)
fitted parameters initialized with current variable values

   1 7.9315349691e+00  -5.03e-06  3.39e-05    1.206006e+06  -7.259893e+03

After 1 iterations the fit converged.
final sum of squares of residuals : 7.93153
rel. change during last iteration : -5.02983e-11

degrees of freedom    (FIT_NDF)                        : 20
rms of residuals      (FIT_STDFIT) = sqrt(WSSR/ndf)    : 0.629743
variance of residuals (reduced chisquare) = WSSR/ndf   : 0.396577

Final set of parameters            Asymptotic Standard Error
=======================            ==========================
a               = 1.20601e+06      +/- 4.274e+15    (3.544e+11%)
b               = -7259.89         +/- 5.692e+12    (7.84e+10%)

correlation matrix of the fit parameters:
                a      b      
a               1.000 
b               0.962  1.000 


*******************************************************************************
Wed Aug 27 19:36:30 2025


FIT:    data read from 'data3.csv' using 1:($2/U_MAX)
        format = x:z
        #datapoints = 22
        residuals are weighted equally (unit weight)

function used for fitting: f(x)
	f(x) = c/sqrt(1+(a/x*(x**2 - b**2))**2)
fitted parameters initialized with current variable values

   1 7.9315341552e+00  -9.90e-03  4.00e-05    1.087746e+06  -4.687156e+03   1.164659e+01

After 1 iterations the fit converged.
final sum of squares of residuals : 7.93153
rel. change during last iteration : -9.90188e-08

degrees of freedom    (FIT_NDF)                        : 19
rms of residuals      (FIT_STDFIT) = sqrt(WSSR/ndf)    : 0.646103
variance of residuals (reduced chisquare) = WSSR/ndf   : 0.417449

Final set of parameters            Asymptotic Standard Error
=======================            ==========================
a               = 1.08775e+06      +/- 5.821e+25    (5.352e+21%)
b               = -4687.16         +/- 2.309e+08    (4.926e+06%)
c               = 11.6466          +/- 6.227e+20    (5.346e+21%)

correlation matrix of the fit parameters:
                a      b      c      
a               1.000 
b               0.809  1.000 
c               1.000  0.809  1.000 


*******************************************************************************
Wed Aug 27 19:37:07 2025


FIT:    data read from 'data3.csv' using 1:($2/U_MAX)
        format = x:z
        #datapoints = 22
        residuals are weighted equally (unit weight)

function used for fitting: f(x)
	f(x) = 2/sqrt(1+(a/x*(x**2 - x0**2))**2)
fitted parameters initialized with current variable values

BREAK: Singular matrix in Invert_RtR

*******************************************************************************
Wed Aug 27 19:37:24 2025


FIT:    data read from 'data3.csv' using 1:($2/U_MAX)
        format = x:z
        #datapoints = 22
        residuals are weighted equally (unit weight)

function used for fitting: f(x)
	f(x) = 2/sqrt(1+(a/x*(x**2 - x0**2))**2)
fitted parameters initialized with current variable values

BREAK: Singular matrix in Invert_RtR

*******************************************************************************
Wed Aug 27 19:37:39 2025


FIT:    data read from 'data3.csv' using 1:($2/U_MAX)
        format = x:z
        #datapoints = 22
        residuals are weighted equally (unit weight)

function used for fitting: f(x)
	f(x) = 1/sqrt(1+(a/x*(x**2 - x0**2))**2)
fitted parameters initialized with current variable values

   1 7.9315164183e+00  -5.93e-03  1.89e-03    4.208627e+04

After 1 iterations the fit converged.
final sum of squares of residuals : 7.93152
rel. change during last iteration : -5.93496e-08

degrees of freedom    (FIT_NDF)                        : 21
rms of residuals      (FIT_STDFIT) = sqrt(WSSR/ndf)    : 0.614566
variance of residuals (reduced chisquare) = WSSR/ndf   : 0.377691

Final set of parameters            Asymptotic Standard Error
=======================            ==========================
a               = 42086.3          +/- 2.848e+09    (6.768e+06%)


*******************************************************************************
Wed Aug 27 19:38:17 2025


FIT:    data read from 'data3.csv' using 1:($2/U_MAX)
        format = x:z
        #datapoints = 22
        residuals are weighted equally (unit weight)

function used for fitting: f(x)
	f(x) = a/sqrt(1+(0.0022/x*(x**2 - b**2))**2)
fitted parameters initialized with current variable values

  12 7.6077943459e-02  -4.04e-01  1.18e-07    1.123339e+00  -4.508873e+03

After 12 iterations the fit converged.
final sum of squares of residuals : 0.0760779
rel. change during last iteration : -4.04465e-06

degrees of freedom    (FIT_NDF)                        : 20
rms of residuals      (FIT_STDFIT) = sqrt(WSSR/ndf)    : 0.0616757
variance of residuals (reduced chisquare) = WSSR/ndf   : 0.0038039

Final set of parameters            Asymptotic Standard Error
=======================            ==========================
a               = 1.12334          +/- 0.02472      (2.201%)
b               = -4508.87         +/- 12.93        (0.2868%)

correlation matrix of the fit parameters:
                a      b      
a               1.000 
b               0.008  1.000 


*******************************************************************************
Wed Aug 27 19:38:54 2025


FIT:    data read from 'data3.csv' using 1:($2/U_MAX)
        format = x:z
        #datapoints = 22
        residuals are weighted equally (unit weight)

function used for fitting: f(x)
	f(x) = 1/sqrt(1+(a/x*(x**2 - b**2))**2)
fitted parameters initialized with current variable values

   5 7.6890950157e+00  -8.07e-01  2.75e+00    4.360240e-01  -3.902551e+03

After 5 iterations the fit converged.
final sum of squares of residuals : 7.6891
rel. change during last iteration : -8.07316e-06

degrees of freedom    (FIT_NDF)                        : 20
rms of residuals      (FIT_STDFIT) = sqrt(WSSR/ndf)    : 0.620044
variance of residuals (reduced chisquare) = WSSR/ndf   : 0.384455

Final set of parameters            Asymptotic Standard Error
=======================            ==========================
a               = 0.436024         +/- 8.609        (1974%)
b               = -3902.55         +/- 111.8        (2.866%)

correlation matrix of the fit parameters:
                a      b      
a               1.000 
b               0.996  1.000 


*******************************************************************************
Wed Aug 27 19:39:08 2025


FIT:    data read from 'data3.csv' using 1:($2/U_MAX)
        format = x:z
        #datapoints = 22
        residuals are weighted equally (unit weight)

function used for fitting: f(x)
	f(x) = 1/sqrt(1+(a/x*(x**2 - b**2))**2)
fitted parameters initialized with current variable values

   2 7.6887893892e+00  -2.71e-01  3.56e+01    4.360237e-01  -3.902685e+03

After 2 iterations the fit converged.
final sum of squares of residuals : 7.68879
rel. change during last iteration : -2.71095e-06

degrees of freedom    (FIT_NDF)                        : 20
rms of residuals      (FIT_STDFIT) = sqrt(WSSR/ndf)    : 0.620032
variance of residuals (reduced chisquare) = WSSR/ndf   : 0.384439

Final set of parameters            Asymptotic Standard Error
=======================            ==========================
a               = 0.436024         +/- 8.581        (1968%)
b               = -3902.68         +/- 115.3        (2.955%)

correlation matrix of the fit parameters:
                a      b      
a               1.000 
b               0.996  1.000 


*******************************************************************************
Wed Aug 27 19:43:03 2025


FIT:    data read from 'data3.csv' using 1:($2/U_MAX)
        format = x:z
        #datapoints = 22
        residuals are weighted equally (unit weight)

function used for fitting: f(x)
	f(x) = 1/sqrt(1+(a/x*(x**2 - b**2))**2)
fitted parameters initialized with current variable values

   4 6.5075487544e-03  -4.27e-01  2.48e-04    1.619645e-03   4.523752e+03

After 4 iterations the fit converged.
final sum of squares of residuals : 0.00650755
rel. change during last iteration : -4.27149e-06

degrees of freedom    (FIT_NDF)                        : 20
rms of residuals      (FIT_STDFIT) = sqrt(WSSR/ndf)    : 0.0180382
variance of residuals (reduced chisquare) = WSSR/ndf   : 0.000325377

Final set of parameters            Asymptotic Standard Error
=======================            ==========================
a               = 0.00161965       +/- 2.143e-05    (1.323%)
b               = 4523.75          +/- 5.167        (0.1142%)

correlation matrix of the fit parameters:
                a      b      
a               1.000 
b              -0.140  1.000 


*******************************************************************************
Wed Aug 27 19:43:26 2025


FIT:    data read from 'data3.csv' using 1:($2/U_MAX)
        format = x:z
        #datapoints = 22
        residuals are weighted equally (unit weight)

function used for fitting: f(x)
	f(x) = 1/sqrt(1+(a/x*(x**2 - b**2))**2)
fitted parameters initialized with current variable values

   1 6.5075487544e-03   0.00e+00  2.41e+05    1.619645e-03   4.523752e+03

After 1 iterations the fit converged.
final sum of squares of residuals : 0.00650755
rel. change during last iteration : 0

degrees of freedom    (FIT_NDF)                        : 20
rms of residuals      (FIT_STDFIT) = sqrt(WSSR/ndf)    : 0.0180382
variance of residuals (reduced chisquare) = WSSR/ndf   : 0.000325377

Final set of parameters            Asymptotic Standard Error
=======================            ==========================
a               = 0.00161965       +/- 2.143e-05    (1.323%)
b               = 4523.75          +/- 5.167        (0.1142%)

correlation matrix of the fit parameters:
                a      b      
a               1.000 
b              -0.140  1.000 


*******************************************************************************
Wed Aug 27 19:43:30 2025


FIT:    data read from 'data3.csv' using 1:($2/U_MAX)
        format = x:z
        #datapoints = 22
        residuals are weighted equally (unit weight)

function used for fitting: f(x)
	f(x) = 1/sqrt(1+(a/x*(x**2 - b**2))**2)
fitted parameters initialized with current variable values

   1 6.5075487544e-03   0.00e+00  2.41e+05    1.619645e-03   4.523752e+03

After 1 iterations the fit converged.
final sum of squares of residuals : 0.00650755
rel. change during last iteration : 0

degrees of freedom    (FIT_NDF)                        : 20
rms of residuals      (FIT_STDFIT) = sqrt(WSSR/ndf)    : 0.0180382
variance of residuals (reduced chisquare) = WSSR/ndf   : 0.000325377

Final set of parameters            Asymptotic Standard Error
=======================            ==========================
a               = 0.00161965       +/- 2.143e-05    (1.323%)
b               = 4523.75          +/- 5.167        (0.1142%)

correlation matrix of the fit parameters:
                a      b      
a               1.000 
b              -0.140  1.000 


*******************************************************************************
Wed Aug 27 19:46:31 2025


FIT:    data read from 'data3.csv' using 1:($2/U_MAX)
        format = x:z
        #datapoints = 22
        residuals are weighted equally (unit weight)

function used for fitting: f(x)
	f(x) = 1/sqrt(1+(a/x*(x**2 - b**2))**2)
fitted parameters initialized with current variable values

   1 6.5075487544e-03   0.00e+00  2.41e+05    1.619645e-03   4.523752e+03

After 1 iterations the fit converged.
final sum of squares of residuals : 0.00650755
rel. change during last iteration : 0

degrees of freedom    (FIT_NDF)                        : 20
rms of residuals      (FIT_STDFIT) = sqrt(WSSR/ndf)    : 0.0180382
variance of residuals (reduced chisquare) = WSSR/ndf   : 0.000325377

Final set of parameters            Asymptotic Standard Error
=======================            ==========================
a               = 0.00161965       +/- 2.143e-05    (1.323%)
b               = 4523.75          +/- 5.167        (0.1142%)

correlation matrix of the fit parameters:
                a      b      
a               1.000 
b              -0.140  1.000 


*******************************************************************************
Wed Aug 27 19:54:11 2025


FIT:    data read from 'data3.csv' using 1:($2/U_MAX)
        format = x:z
        #datapoints = 22
        residuals are weighted equally (unit weight)

function used for fitting: f(x)
	f(x) = 1/sqrt(1+(a/x*(x**2 - b**2))**2)
fitted parameters initialized with current variable values

   1 6.5075487544e-03   0.00e+00  2.41e+05    1.619645e-03   4.523752e+03

After 1 iterations the fit converged.
final sum of squares of residuals : 0.00650755
rel. change during last iteration : 0

degrees of freedom    (FIT_NDF)                        : 20
rms of residuals      (FIT_STDFIT) = sqrt(WSSR/ndf)    : 0.0180382
variance of residuals (reduced chisquare) = WSSR/ndf   : 0.000325377

Final set of parameters            Asymptotic Standard Error
=======================            ==========================
a               = 0.00161965       +/- 2.143e-05    (1.323%)
b               = 4523.75          +/- 5.167        (0.1142%)

correlation matrix of the fit parameters:
                a      b      
a               1.000 
b              -0.140  1.000 


*******************************************************************************
Wed Aug 27 20:28:25 2025


FIT:    data read from 'data3.csv' using 1:($2/U_MAX)
        format = x:z
        #datapoints = 22
        residuals are weighted equally (unit weight)

function used for fitting: f(x)
	f(x) = 1/sqrt(1+(a/x*(x**2 - b**2))**2)
fitted parameters initialized with current variable values

   1 6.5075487544e-03   0.00e+00  2.41e+05    1.619645e-03   4.523752e+03

After 1 iterations the fit converged.
final sum of squares of residuals : 0.00650755
rel. change during last iteration : 0

degrees of freedom    (FIT_NDF)                        : 20
rms of residuals      (FIT_STDFIT) = sqrt(WSSR/ndf)    : 0.0180382
variance of residuals (reduced chisquare) = WSSR/ndf   : 0.000325377

Final set of parameters            Asymptotic Standard Error
=======================            ==========================
a               = 0.00161965       +/- 2.143e-05    (1.323%)
b               = 4523.75          +/- 5.167        (0.1142%)

correlation matrix of the fit parameters:
                a      b      
a               1.000 
b              -0.140  1.000 


*******************************************************************************
Wed Aug 27 20:28:52 2025


FIT:    data read from 'data3.csv' using 1:($2/U_MAX)
        format = x:z
        #datapoints = 22
        residuals are weighted equally (unit weight)

function used for fitting: f(x)
	f(x) = 1/sqrt(1+(a/x*(x**2 - b**2))**2)
fitted parameters initialized with current variable values

  36 1.6246413928e+00  -5.32e-01  1.65e-03   -3.464326e-04   9.998260e-01

After 36 iterations the fit converged.
final sum of squares of residuals : 1.62464
rel. change during last iteration : -5.32443e-06

degrees of freedom    (FIT_NDF)                        : 20
rms of residuals      (FIT_STDFIT) = sqrt(WSSR/ndf)    : 0.285012
variance of residuals (reduced chisquare) = WSSR/ndf   : 0.0812321

Final set of parameters            Asymptotic Standard Error
=======================            ==========================
a               = -0.000346433     +/- 0.0001757    (50.71%)
b               = 0.999826         +/- 4.397e+06    (4.398e+08%)

correlation matrix of the fit parameters:
                a      b      
a               1.000 
b              -0.948  1.000 


*******************************************************************************
Wed Aug 27 20:29:22 2025


FIT:    data read from 'data3.csv' using 1:($2/U_MAX)
        format = x:z
        #datapoints = 22
        residuals are weighted equally (unit weight)

function used for fitting: f(x)
	f(x) = 1/sqrt(1+(a/x*(x**2 - b**2))**2)
fitted parameters initialized with current variable values

   4 6.5075487544e-03  -4.27e-01  2.48e-04    1.619645e-03   4.523752e+03

After 4 iterations the fit converged.
final sum of squares of residuals : 0.00650755
rel. change during last iteration : -4.27149e-06

degrees of freedom    (FIT_NDF)                        : 20
rms of residuals      (FIT_STDFIT) = sqrt(WSSR/ndf)    : 0.0180382
variance of residuals (reduced chisquare) = WSSR/ndf   : 0.000325377

Final set of parameters            Asymptotic Standard Error
=======================            ==========================
a               = 0.00161965       +/- 2.143e-05    (1.323%)
b               = 4523.75          +/- 5.167        (0.1142%)

correlation matrix of the fit parameters:
                a      b      
a               1.000 
b              -0.140  1.000 


*******************************************************************************
Wed Aug 27 20:32:03 2025


FIT:    data read from 'data3.csv' using 1:($2/U_MAX)
        format = x:z
        #datapoints = 22
        residuals are weighted equally (unit weight)

function used for fitting: f(x)
	f(x) = 1/sqrt(1+(a/x*(x**2 - b**2))**2)
fitted parameters initialized with current variable values

   4 6.5075487544e-03  -4.27e-01  2.48e-04    1.619645e-03   4.523752e+03

After 4 iterations the fit converged.
final sum of squares of residuals : 0.00650755
rel. change during last iteration : -4.27149e-06

degrees of freedom    (FIT_NDF)                        : 20
rms of residuals      (FIT_STDFIT) = sqrt(WSSR/ndf)    : 0.0180382
variance of residuals (reduced chisquare) = WSSR/ndf   : 0.000325377

Final set of parameters            Asymptotic Standard Error
=======================            ==========================
a               = 0.00161965       +/- 2.143e-05    (1.323%)
b               = 4523.75          +/- 5.167        (0.1142%)

correlation matrix of the fit parameters:
                a      b      
a               1.000 
b              -0.140  1.000 


*******************************************************************************
Wed Aug 27 20:33:18 2025


FIT:    data read from 'data3.csv' using 1:($2/U_MAX)
        format = x:z
        #datapoints = 22
        residuals are weighted equally (unit weight)

function used for fitting: f(x)
	f(x) = 1/sqrt(1+(a/x*(x**2 - b**2))**2)
fitted parameters initialized with current variable values

   4 6.5075487544e-03  -4.27e-01  2.48e-04    1.619645e-03   4.523752e+03

After 4 iterations the fit converged.
final sum of squares of residuals : 0.00650755
rel. change during last iteration : -4.27149e-06

degrees of freedom    (FIT_NDF)                        : 20
rms of residuals      (FIT_STDFIT) = sqrt(WSSR/ndf)    : 0.0180382
variance of residuals (reduced chisquare) = WSSR/ndf   : 0.000325377

Final set of parameters            Asymptotic Standard Error
=======================            ==========================
a               = 0.00161965       +/- 2.143e-05    (1.323%)
b               = 4523.75          +/- 5.167        (0.1142%)

correlation matrix of the fit parameters:
                a      b      
a               1.000 
b              -0.140  1.000 


*******************************************************************************
Wed Aug 27 20:34:07 2025


FIT:    data read from 'data3.csv' using 1:($2/U_MAX)
        format = x:z
        #datapoints = 22
        residuals are weighted equally (unit weight)

function used for fitting: f(x)
	f(x) = 1/sqrt(1+(a/x*(x**2 - b**2))**2)
fitted parameters initialized with current variable values

   4 6.5075487544e-03  -4.27e-01  2.48e-04    1.619645e-03   4.523752e+03

After 4 iterations the fit converged.
final sum of squares of residuals : 0.00650755
rel. change during last iteration : -4.27149e-06

degrees of freedom    (FIT_NDF)                        : 20
rms of residuals      (FIT_STDFIT) = sqrt(WSSR/ndf)    : 0.0180382
variance of residuals (reduced chisquare) = WSSR/ndf   : 0.000325377

Final set of parameters            Asymptotic Standard Error
=======================            ==========================
a               = 0.00161965       +/- 2.143e-05    (1.323%)
b               = 4523.75          +/- 5.167        (0.1142%)

correlation matrix of the fit parameters:
                a      b      
a               1.000 
b              -0.140  1.000 
