

*******************************************************************************
Thu Aug 28 21:31:39 2025


FIT:    data read from 'data1.csv' using 1:2:(X_ERR):(Y_ERR) xyerrors
        format = x:z:sx:s
        #datapoints = 10
function used for fitting: f(x)
	f(x) = a*1/x + b
fitted parameters initialized with current variable values

   7 6.8987671268e-01  -4.57e-01  7.07e-08   -4.814980e+04   6.653128e+02

After 7 iterations the fit converged.
final sum of squares of residuals : 0.689877
rel. change during last iteration : -4.5732e-06

degrees of freedom    (FIT_NDF)                        : 8
rms of residuals      (FIT_STDFIT) = sqrt(WSSR/ndf)    : 0.293657
variance of residuals (reduced chisquare) = WSSR/ndf   : 0.0862346
p-value of the Chisq distribution (FIT_P)              : 0.999552

Final set of parameters            Asymptotic Standard Error
=======================            ==========================
a               = -48149.8         +/- 799          (1.659%)
b               = 665.313          +/- 9.747        (1.465%)

correlation matrix of the fit parameters:
                a      b      
a               1.000 
b              -0.998  1.000 


*******************************************************************************
Thu Aug 28 21:32:27 2025


FIT:    data read from 'data1.csv' using 1:2:(X_ERR):(Y_ERR) xyerrors
        format = x:z:sx:s
        #datapoints = 10
function used for fitting: f(x)
	f(x) = -a*1/x + b
fitted parameters initialized with current variable values

   5 6.8987671148e-01  -7.98e-03  8.60e-04    4.814980e+04   6.653128e+02

After 5 iterations the fit converged.
final sum of squares of residuals : 0.689877
rel. change during last iteration : -7.9753e-08

degrees of freedom    (FIT_NDF)                        : 8
rms of residuals      (FIT_STDFIT) = sqrt(WSSR/ndf)    : 0.293657
variance of residuals (reduced chisquare) = WSSR/ndf   : 0.0862346
p-value of the Chisq distribution (FIT_P)              : 0.999552

Final set of parameters            Asymptotic Standard Error
=======================            ==========================
a               = 48149.8          +/- 799          (1.659%)
b               = 665.313          +/- 9.747        (1.465%)

correlation matrix of the fit parameters:
                a      b      
a               1.000 
b               0.998  1.000 


*******************************************************************************
Thu Aug 28 21:32:44 2025


FIT:    data read from 'data1.csv' using 1:2:(X_ERR):(Y_ERR) xyerrors
        format = x:z:sx:s
        #datapoints = 10
function used for fitting: f(x)
	f(x) = a*1/x + b
fitted parameters initialized with current variable values

   7 6.8987671268e-01  -4.57e-01  7.07e-08   -4.814980e+04   6.653128e+02

After 7 iterations the fit converged.
final sum of squares of residuals : 0.689877
rel. change during last iteration : -4.5732e-06

degrees of freedom    (FIT_NDF)                        : 8
rms of residuals      (FIT_STDFIT) = sqrt(WSSR/ndf)    : 0.293657
variance of residuals (reduced chisquare) = WSSR/ndf   : 0.0862346
p-value of the Chisq distribution (FIT_P)              : 0.999552

Final set of parameters            Asymptotic Standard Error
=======================            ==========================
a               = -48149.8         +/- 799          (1.659%)
b               = 665.313          +/- 9.747        (1.465%)

correlation matrix of the fit parameters:
                a      b      
a               1.000 
b              -0.998  1.000 


*******************************************************************************
Thu Aug 28 21:32:49 2025


FIT:    data read from 'data1.csv' using 1:2:(X_ERR):(Y_ERR) xyerrors
        format = x:z:sx:s
        #datapoints = 10
function used for fitting: f(x)
	f(x) = a*1/x + b
fitted parameters initialized with current variable values

   7 6.8987671268e-01  -4.57e-01  7.07e-08   -4.814980e+04   6.653128e+02

After 7 iterations the fit converged.
final sum of squares of residuals : 0.689877
rel. change during last iteration : -4.57381e-06

degrees of freedom    (FIT_NDF)                        : 8
rms of residuals      (FIT_STDFIT) = sqrt(WSSR/ndf)    : 0.293657
variance of residuals (reduced chisquare) = WSSR/ndf   : 0.0862346
p-value of the Chisq distribution (FIT_P)              : 0.999552

Final set of parameters            Asymptotic Standard Error
=======================            ==========================
a               = -48149.8         +/- 799          (1.659%)
b               = 665.313          +/- 9.747        (1.465%)

correlation matrix of the fit parameters:
                a      b      
a               1.000 
b              -0.998  1.000 
