

*******************************************************************************
Wed Sep 03 10:02:57 2025


FIT:    data read from 'data.csv' using ($1/72):(p0/(p0 - $2)):(X_ERR):(Y_ERR) xyerrors
        format = x:z:sx:s
        #datapoints = 10
function used for fitting: f(x)
	f(x) = a*x+b
fitted parameters initialized with current variable values

   5 5.0013381557e-03  -1.03e-03  7.54e-05    9.065375e-01   8.962227e-02

After 5 iterations the fit converged.
final sum of squares of residuals : 0.00500134
rel. change during last iteration : -1.02624e-08

degrees of freedom    (FIT_NDF)                        : 8
rms of residuals      (FIT_STDFIT) = sqrt(WSSR/ndf)    : 0.0250033
variance of residuals (reduced chisquare) = WSSR/ndf   : 0.000625167
p-value of the Chisq distribution (FIT_P)              : 1

Final set of parameters            Asymptotic Standard Error
=======================            ==========================
a               = 0.906538         +/- 0.01338      (1.476%)
b               = 0.0896223        +/- 0.01509      (16.83%)

correlation matrix of the fit parameters:
                a      b      
a               1.000 
b              -0.997  1.000 


*******************************************************************************
Wed Sep 03 10:05:53 2025


FIT:    data read from 'data.csv' using ($1/xA):(p0/(p0 - $2))
        format = x:z
        #datapoints = 10
        residuals are weighted equally (unit weight)

function used for fitting: f(x)
	f(x) = a*x+b
fitted parameters initialized with current variable values

   1 9.1114894337e-05   0.00e+00  7.26e-02    9.065375e-01   8.962227e-02

After 1 iterations the fit converged.
final sum of squares of residuals : 9.11149e-05
rel. change during last iteration : 0

degrees of freedom    (FIT_NDF)                        : 8
rms of residuals      (FIT_STDFIT) = sqrt(WSSR/ndf)    : 0.00337481
variance of residuals (reduced chisquare) = WSSR/ndf   : 1.13894e-05

Final set of parameters            Asymptotic Standard Error
=======================            ==========================
a               = 0.906538         +/- 0.01338      (1.476%)
b               = 0.0896223        +/- 0.01509      (16.83%)

correlation matrix of the fit parameters:
                a      b      
a               1.000 
b              -0.997  1.000 


*******************************************************************************
Wed Sep 03 10:06:37 2025


FIT:    data read from 'data.csv' using ($1/xA):(p0/(p0 - $2))
        format = x:z
        #datapoints = 10
        residuals are weighted equally (unit weight)

function used for fitting: f(x)
	f(x) = a*x+b
fitted parameters initialized with current variable values

   1 9.1114894337e-05   0.00e+00  7.26e-02    9.065375e-01   8.962227e-02

After 1 iterations the fit converged.
final sum of squares of residuals : 9.11149e-05
rel. change during last iteration : 0

degrees of freedom    (FIT_NDF)                        : 8
rms of residuals      (FIT_STDFIT) = sqrt(WSSR/ndf)    : 0.00337481
variance of residuals (reduced chisquare) = WSSR/ndf   : 1.13894e-05

Final set of parameters            Asymptotic Standard Error
=======================            ==========================
a               = 0.906538         +/- 0.01338      (1.476%)
b               = 0.0896223        +/- 0.01509      (16.83%)

correlation matrix of the fit parameters:
                a      b      
a               1.000 
b              -0.997  1.000 


*******************************************************************************
Wed Sep 03 10:06:53 2025


FIT:    data read from 'data.csv' using ($1/xA):(p0/(p0 - $2))
        format = x:z
        #datapoints = 10
        residuals are weighted equally (unit weight)

function used for fitting: f(x)
	f(x) = a*x+b
fitted parameters initialized with current variable values

   1 9.1114894337e-05   0.00e+00  7.26e-02    9.065375e-01   8.962227e-02

After 1 iterations the fit converged.
final sum of squares of residuals : 9.11149e-05
rel. change during last iteration : 0

degrees of freedom    (FIT_NDF)                        : 8
rms of residuals      (FIT_STDFIT) = sqrt(WSSR/ndf)    : 0.00337481
variance of residuals (reduced chisquare) = WSSR/ndf   : 1.13894e-05

Final set of parameters            Asymptotic Standard Error
=======================            ==========================
a               = 0.906538         +/- 0.01338      (1.476%)
b               = 0.0896223        +/- 0.01509      (16.83%)

correlation matrix of the fit parameters:
                a      b      
a               1.000 
b              -0.997  1.000 


*******************************************************************************
Wed Sep 03 10:06:56 2025


FIT:    data read from 'data.csv' using ($1/xA):(p0/(p0 - $2))
        format = x:z
        #datapoints = 10
        residuals are weighted equally (unit weight)

function used for fitting: f(x)
	f(x) = a*x+b
fitted parameters initialized with current variable values

   1 9.1114894337e-05   0.00e+00  7.26e-02    9.065375e-01   8.962227e-02

After 1 iterations the fit converged.
final sum of squares of residuals : 9.11149e-05
rel. change during last iteration : 0

degrees of freedom    (FIT_NDF)                        : 8
rms of residuals      (FIT_STDFIT) = sqrt(WSSR/ndf)    : 0.00337481
variance of residuals (reduced chisquare) = WSSR/ndf   : 1.13894e-05

Final set of parameters            Asymptotic Standard Error
=======================            ==========================
a               = 0.906538         +/- 0.01338      (1.476%)
b               = 0.0896223        +/- 0.01509      (16.83%)

correlation matrix of the fit parameters:
                a      b      
a               1.000 
b              -0.997  1.000 


*******************************************************************************
Wed Sep 03 10:07:16 2025


FIT:    data read from 'data.csv' using ($1/xA):(p0/(p0 - $2))
        format = x:z
        #datapoints = 10
        residuals are weighted equally (unit weight)

function used for fitting: f(x)
	f(x) = a*x+b
fitted parameters initialized with current variable values

   1 9.1114894337e-05   0.00e+00  7.26e-02    9.065375e-01   8.962227e-02

After 1 iterations the fit converged.
final sum of squares of residuals : 9.11149e-05
rel. change during last iteration : 0

degrees of freedom    (FIT_NDF)                        : 8
rms of residuals      (FIT_STDFIT) = sqrt(WSSR/ndf)    : 0.00337481
variance of residuals (reduced chisquare) = WSSR/ndf   : 1.13894e-05

Final set of parameters            Asymptotic Standard Error
=======================            ==========================
a               = 0.906538         +/- 0.01338      (1.476%)
b               = 0.0896223        +/- 0.01509      (16.83%)

correlation matrix of the fit parameters:
                a      b      
a               1.000 
b              -0.997  1.000 


*******************************************************************************
Wed Sep 03 10:07:25 2025


FIT:    data read from 'data.csv' using ($1/xA):(p0/(p0 - $2))
        format = x:z
        #datapoints = 10
        residuals are weighted equally (unit weight)

function used for fitting: f(x)
	f(x) = a*x+b
fitted parameters initialized with current variable values

   1 9.1114894337e-05   0.00e+00  7.26e-02    9.065375e-01   8.962227e-02

After 1 iterations the fit converged.
final sum of squares of residuals : 9.11149e-05
rel. change during last iteration : 0

degrees of freedom    (FIT_NDF)                        : 8
rms of residuals      (FIT_STDFIT) = sqrt(WSSR/ndf)    : 0.00337481
variance of residuals (reduced chisquare) = WSSR/ndf   : 1.13894e-05

Final set of parameters            Asymptotic Standard Error
=======================            ==========================
a               = 0.906538         +/- 0.01338      (1.476%)
b               = 0.0896223        +/- 0.01509      (16.83%)

correlation matrix of the fit parameters:
                a      b      
a               1.000 
b              -0.997  1.000 


*******************************************************************************
Wed Sep 03 10:07:47 2025


FIT:    data read from 'data.csv' using ($1/xA):(p0/(p0 - $2))
        format = x:z
        #datapoints = 10
        residuals are weighted equally (unit weight)

function used for fitting: f(x)
	f(x) = a*x+b
fitted parameters initialized with current variable values

   1 9.1114894337e-05   0.00e+00  7.26e-02    9.065375e-01   8.962227e-02

After 1 iterations the fit converged.
final sum of squares of residuals : 9.11149e-05
rel. change during last iteration : 0

degrees of freedom    (FIT_NDF)                        : 8
rms of residuals      (FIT_STDFIT) = sqrt(WSSR/ndf)    : 0.00337481
variance of residuals (reduced chisquare) = WSSR/ndf   : 1.13894e-05

Final set of parameters            Asymptotic Standard Error
=======================            ==========================
a               = 0.906538         +/- 0.01338      (1.476%)
b               = 0.0896223        +/- 0.01509      (16.83%)

correlation matrix of the fit parameters:
                a      b      
a               1.000 
b              -0.997  1.000 


*******************************************************************************
Wed Sep 03 10:08:25 2025


FIT:    data read from 'data.csv' using ($1/xA):(p0/(p0 - $2))
        format = x:z
        #datapoints = 10
        residuals are weighted equally (unit weight)

function used for fitting: f(x)
	f(x) = a*x+b
fitted parameters initialized with current variable values

   1 9.1114894337e-05   0.00e+00  7.26e-02    9.065375e-01   8.962227e-02

After 1 iterations the fit converged.
final sum of squares of residuals : 9.11149e-05
rel. change during last iteration : 0

degrees of freedom    (FIT_NDF)                        : 8
rms of residuals      (FIT_STDFIT) = sqrt(WSSR/ndf)    : 0.00337481
variance of residuals (reduced chisquare) = WSSR/ndf   : 1.13894e-05

Final set of parameters            Asymptotic Standard Error
=======================            ==========================
a               = 0.906538         +/- 0.01338      (1.476%)
b               = 0.0896223        +/- 0.01509      (16.83%)

correlation matrix of the fit parameters:
                a      b      
a               1.000 
b              -0.997  1.000 


*******************************************************************************
Wed Sep 03 10:09:56 2025


FIT:    data read from 'data.csv' using ($1/xA):(p0/(p0 - $2))
        format = x:z
        #datapoints = 10
        residuals are weighted equally (unit weight)

function used for fitting: f(x)
	f(x) = a*x+b
fitted parameters initialized with current variable values

   1 9.1114894337e-05   0.00e+00  7.26e-02    9.065375e-01   8.962227e-02

After 1 iterations the fit converged.
final sum of squares of residuals : 9.11149e-05
rel. change during last iteration : 0

degrees of freedom    (FIT_NDF)                        : 8
rms of residuals      (FIT_STDFIT) = sqrt(WSSR/ndf)    : 0.00337481
variance of residuals (reduced chisquare) = WSSR/ndf   : 1.13894e-05

Final set of parameters            Asymptotic Standard Error
=======================            ==========================
a               = 0.906538         +/- 0.01338      (1.476%)
b               = 0.0896223        +/- 0.01509      (16.83%)

correlation matrix of the fit parameters:
                a      b      
a               1.000 
b              -0.997  1.000 


*******************************************************************************
Wed Sep 03 10:17:46 2025


FIT:    data read from 'data.csv' using ($1/xA):(p0/(p0 - $2))
        format = x:z
        #datapoints = 10
        residuals are weighted equally (unit weight)

function used for fitting: f(x)
	f(x) = a*x+b
fitted parameters initialized with current variable values

   1 9.1114894337e-05   0.00e+00  7.26e-02    9.065375e-01   8.962227e-02

After 1 iterations the fit converged.
final sum of squares of residuals : 9.11149e-05
rel. change during last iteration : 0

degrees of freedom    (FIT_NDF)                        : 8
rms of residuals      (FIT_STDFIT) = sqrt(WSSR/ndf)    : 0.00337481
variance of residuals (reduced chisquare) = WSSR/ndf   : 1.13894e-05

Final set of parameters            Asymptotic Standard Error
=======================            ==========================
a               = 0.906538         +/- 0.01338      (1.476%)
b               = 0.0896223        +/- 0.01509      (16.83%)

correlation matrix of the fit parameters:
                a      b      
a               1.000 
b              -0.997  1.000 


*******************************************************************************
Wed Sep 03 10:27:43 2025


FIT:    data read from 'data.csv' using ($1/xA):(p0/(p0 - $2))
        format = x:z
        #datapoints = 10
        residuals are weighted equally (unit weight)

function used for fitting: f(x)
	f(x) = a*x+b
fitted parameters initialized with current variable values

   1 9.1114894337e-05   0.00e+00  7.26e-02    9.065375e-01   8.962227e-02

After 1 iterations the fit converged.
final sum of squares of residuals : 9.11149e-05
rel. change during last iteration : 0

degrees of freedom    (FIT_NDF)                        : 8
rms of residuals      (FIT_STDFIT) = sqrt(WSSR/ndf)    : 0.00337481
variance of residuals (reduced chisquare) = WSSR/ndf   : 1.13894e-05

Final set of parameters            Asymptotic Standard Error
=======================            ==========================
a               = 0.906538         +/- 0.01338      (1.476%)
b               = 0.0896223        +/- 0.01509      (16.83%)

correlation matrix of the fit parameters:
                a      b      
a               1.000 
b              -0.997  1.000 


*******************************************************************************
Wed Sep 03 10:28:38 2025


FIT:    data read from 'data.csv' using ($1/xA):(p0/(p0 - $2))
        format = x:z
        #datapoints = 10
        residuals are weighted equally (unit weight)

function used for fitting: f(x)
	f(x) = a*x+b
fitted parameters initialized with current variable values

   1 9.1114894337e-05   0.00e+00  7.26e-02    9.065375e-01   8.962227e-02

After 1 iterations the fit converged.
final sum of squares of residuals : 9.11149e-05
rel. change during last iteration : 0

degrees of freedom    (FIT_NDF)                        : 8
rms of residuals      (FIT_STDFIT) = sqrt(WSSR/ndf)    : 0.00337481
variance of residuals (reduced chisquare) = WSSR/ndf   : 1.13894e-05

Final set of parameters            Asymptotic Standard Error
=======================            ==========================
a               = 0.906538         +/- 0.01338      (1.476%)
b               = 0.0896223        +/- 0.01509      (16.83%)

correlation matrix of the fit parameters:
                a      b      
a               1.000 
b              -0.997  1.000 


*******************************************************************************
Wed Sep 03 10:29:07 2025


FIT:    data read from 'data.csv' using ($1/xA):(p0/(p0 - $2))
        format = x:z
        #datapoints = 10
        residuals are weighted equally (unit weight)

function used for fitting: f(x)
	f(x) = a*x+b
fitted parameters initialized with current variable values

   1 9.1114894337e-05   0.00e+00  7.26e-02    9.065375e-01   8.962227e-02

After 1 iterations the fit converged.
final sum of squares of residuals : 9.11149e-05
rel. change during last iteration : 0

degrees of freedom    (FIT_NDF)                        : 8
rms of residuals      (FIT_STDFIT) = sqrt(WSSR/ndf)    : 0.00337481
variance of residuals (reduced chisquare) = WSSR/ndf   : 1.13894e-05

Final set of parameters            Asymptotic Standard Error
=======================            ==========================
a               = 0.906538         +/- 0.01338      (1.476%)
b               = 0.0896223        +/- 0.01509      (16.83%)

correlation matrix of the fit parameters:
                a      b      
a               1.000 
b              -0.997  1.000 


*******************************************************************************
Wed Sep 03 10:29:23 2025


FIT:    data read from 'data.csv' using ($1/xA):(p0/(p0 - $2))
        format = x:z
        #datapoints = 10
        residuals are weighted equally (unit weight)

function used for fitting: f(x)
	f(x) = a*x+b
fitted parameters initialized with current variable values

   1 9.1114894337e-05   0.00e+00  7.26e-02    9.065375e-01   8.962227e-02

After 1 iterations the fit converged.
final sum of squares of residuals : 9.11149e-05
rel. change during last iteration : 0

degrees of freedom    (FIT_NDF)                        : 8
rms of residuals      (FIT_STDFIT) = sqrt(WSSR/ndf)    : 0.00337481
variance of residuals (reduced chisquare) = WSSR/ndf   : 1.13894e-05

Final set of parameters            Asymptotic Standard Error
=======================            ==========================
a               = 0.906538         +/- 0.01338      (1.476%)
b               = 0.0896223        +/- 0.01509      (16.83%)

correlation matrix of the fit parameters:
                a      b      
a               1.000 
b              -0.997  1.000 


*******************************************************************************
Wed Sep 03 11:28:50 2025


FIT:    data read from 'data.csv' using ($1/xA):(p0/(p0 - $2))
        format = x:z
        #datapoints = 10
        residuals are weighted equally (unit weight)

function used for fitting: f(x)
	f(x) = a*x+b
fitted parameters initialized with current variable values

   1 9.1114894337e-05   0.00e+00  7.26e-02    9.065375e-01   8.962227e-02

After 1 iterations the fit converged.
final sum of squares of residuals : 9.11149e-05
rel. change during last iteration : 0

degrees of freedom    (FIT_NDF)                        : 8
rms of residuals      (FIT_STDFIT) = sqrt(WSSR/ndf)    : 0.00337481
variance of residuals (reduced chisquare) = WSSR/ndf   : 1.13894e-05

Final set of parameters            Asymptotic Standard Error
=======================            ==========================
a               = 0.906538         +/- 0.01338      (1.476%)
b               = 0.0896223        +/- 0.01509      (16.83%)

correlation matrix of the fit parameters:
                a      b      
a               1.000 
b              -0.997  1.000 


*******************************************************************************
Wed Sep 03 11:29:49 2025


FIT:    data read from 'data.csv' using ($1/xA):(p0/(p0 - $2))
        format = x:z
        #datapoints = 10
        residuals are weighted equally (unit weight)

function used for fitting: f(x)
	f(x) = a*x+b
fitted parameters initialized with current variable values

   1 9.1114894337e-05   0.00e+00  7.26e-02    9.065375e-01   8.962227e-02

After 1 iterations the fit converged.
final sum of squares of residuals : 9.11149e-05
rel. change during last iteration : 0

degrees of freedom    (FIT_NDF)                        : 8
rms of residuals      (FIT_STDFIT) = sqrt(WSSR/ndf)    : 0.00337481
variance of residuals (reduced chisquare) = WSSR/ndf   : 1.13894e-05

Final set of parameters            Asymptotic Standard Error
=======================            ==========================
a               = 0.906538         +/- 0.01338      (1.476%)
b               = 0.0896223        +/- 0.01509      (16.83%)

correlation matrix of the fit parameters:
                a      b      
a               1.000 
b              -0.997  1.000 


*******************************************************************************
Wed Sep 03 11:31:21 2025


FIT:    data read from 'data.csv' using ($1/xA):(p0/(p0 - $2))
        format = x:z
        #datapoints = 10
        residuals are weighted equally (unit weight)

function used for fitting: f(x)
	f(x) = a*x+b
fitted parameters initialized with current variable values

   1 9.1114894337e-05   0.00e+00  7.26e-02    9.065375e-01   8.962227e-02

After 1 iterations the fit converged.
final sum of squares of residuals : 9.11149e-05
rel. change during last iteration : 0

degrees of freedom    (FIT_NDF)                        : 8
rms of residuals      (FIT_STDFIT) = sqrt(WSSR/ndf)    : 0.00337481
variance of residuals (reduced chisquare) = WSSR/ndf   : 1.13894e-05

Final set of parameters            Asymptotic Standard Error
=======================            ==========================
a               = 0.906538         +/- 0.01338      (1.476%)
b               = 0.0896223        +/- 0.01509      (16.83%)

correlation matrix of the fit parameters:
                a      b      
a               1.000 
b              -0.997  1.000 


*******************************************************************************
Wed Sep 03 11:39:38 2025


FIT:    data read from 'data.csv' using 1:(p0/(p0 - $2))
        format = x:z
        #datapoints = 10
        residuals are weighted equally (unit weight)

function used for fitting: f(x)
	f(x) = a*x+b
fitted parameters initialized with current variable values

   4 9.1115330176e-05  -1.52e-01  5.21e-03    1.259195e-02   8.952895e-02

After 4 iterations the fit converged.
final sum of squares of residuals : 9.11153e-05
rel. change during last iteration : -1.52457e-06

degrees of freedom    (FIT_NDF)                        : 8
rms of residuals      (FIT_STDFIT) = sqrt(WSSR/ndf)    : 0.00337482
variance of residuals (reduced chisquare) = WSSR/ndf   : 1.13894e-05

Final set of parameters            Asymptotic Standard Error
=======================            ==========================
a               = 0.0125919        +/- 0.0001858    (1.475%)
b               = 0.0895289        +/- 0.01509      (16.85%)

correlation matrix of the fit parameters:
                a      b      
a               1.000 
b              -0.997  1.000 


*******************************************************************************
Wed Sep 03 11:43:56 2025


FIT:    data read from 'data.csv' using 1:(p0/(p0 - $2))
        format = x:z
        #datapoints = 10
        residuals are weighted equally (unit weight)

function used for fitting: f(x)
	f(x) = a*x+b
fitted parameters initialized with current variable values

   1 9.1115329518e-05  -7.22e-04  7.26e-02    1.259194e-02   8.952902e-02

After 1 iterations the fit converged.
final sum of squares of residuals : 9.11153e-05
rel. change during last iteration : -7.22314e-09

degrees of freedom    (FIT_NDF)                        : 8
rms of residuals      (FIT_STDFIT) = sqrt(WSSR/ndf)    : 0.00337482
variance of residuals (reduced chisquare) = WSSR/ndf   : 1.13894e-05

Final set of parameters            Asymptotic Standard Error
=======================            ==========================
a               = 0.0125919        +/- 0.0001858    (1.475%)
b               = 0.089529         +/- 0.01509      (16.85%)

correlation matrix of the fit parameters:
                a      b      
a               1.000 
b              -0.997  1.000 
