

*******************************************************************************
Thu Mar 12 15:55:34 2026


FIT:    data read from 'data-TV2-papier.csv' using (cos($1/180*pi)/cos(15/180*pi)):(($2 - U0/2.2))
        format = x:z


*******************************************************************************
Thu Mar 12 15:55:53 2026


FIT:    data read from 'data-TV2-papier.csv' using (cos($1/180*pi)/cos(15/180*pi)):(($2 - U0/2.2))
        format = x:z


*******************************************************************************
Thu Mar 12 15:56:10 2026


FIT:    data read from 'data-TV2-papier.csv' using (cos($1/180*pi)/cos(15/180*pi)):(($2 - U0/2.2))
        format = x:z


*******************************************************************************
Thu Mar 12 15:56:46 2026


FIT:    data read from 'data-TV2-papier.csv' using (cos($1/180*pi)/cos(15/180*pi)):(($2 - U0/2.2))
        format = x:z
        #datapoints = 14
        residuals are weighted equally (unit weight)

function used for fitting: f(x)
	f(x) = a * x + b
fitted parameters initialized with current variable values

Warning: Initial value of parameter 'b' is zero.
BREAK: Singular matrix in Invert_RtR

*******************************************************************************
Thu Mar 12 15:56:56 2026


FIT:    data read from 'data-TV2-papier.csv' using (cos($1/180*pi)/cos(15/180*pi)):(($2 - U0/2.2))
        format = x:z
        #datapoints = 14
        residuals are weighted equally (unit weight)

function used for fitting: f(x)
	f(x) = a * x + b
fitted parameters initialized with current variable values

Warning: Initial value of parameter 'b' is zero.
BREAK: Singular matrix in Invert_RtR

*******************************************************************************
Thu Mar 12 15:57:10 2026


FIT:    data read from 'data-TV2-papier.csv' using (cos($1/180*pi)/cos(15/180*pi)):(($2 - U0/2.2))
        format = x:z
        #datapoints = 14
        residuals are weighted equally (unit weight)

function used for fitting: f(x)
	f(x) = a * x + b
fitted parameters initialized with current variable values

   4 2.5212314496e-01  -2.56e-03  4.88e-05    2.453515e+00  -3.283109e-01

After 4 iterations the fit converged.
final sum of squares of residuals : 0.252123
rel. change during last iteration : -2.56002e-08

degrees of freedom    (FIT_NDF)                        : 12
rms of residuals      (FIT_STDFIT) = sqrt(WSSR/ndf)    : 0.144949
variance of residuals (reduced chisquare) = WSSR/ndf   : 0.0210103

Final set of parameters            Asymptotic Standard Error
=======================            ==========================
a               = 2.45352          +/- 0.1534       (6.252%)
b               = -0.328311        +/- 0.1048       (31.91%)

correlation matrix of the fit parameters:
                a      b      
a               1.000 
b              -0.929  1.000 


*******************************************************************************
Thu Mar 12 15:57:32 2026


FIT:    data read from 'data-TV2-papier.csv' using (cos($1/180*pi)/cos(15/180*pi)):(($2 - U0/2.2))
        format = x:z
        #datapoints = 14
        residuals are weighted equally (unit weight)

function used for fitting: f(x)
	f(x) = a * x + b
fitted parameters initialized with current variable values

   4 2.5212314496e-01  -2.56e-03  4.88e-05    2.453515e+00  -3.283109e-01

After 4 iterations the fit converged.
final sum of squares of residuals : 0.252123
rel. change during last iteration : -2.56002e-08

degrees of freedom    (FIT_NDF)                        : 12
rms of residuals      (FIT_STDFIT) = sqrt(WSSR/ndf)    : 0.144949
variance of residuals (reduced chisquare) = WSSR/ndf   : 0.0210103

Final set of parameters            Asymptotic Standard Error
=======================            ==========================
a               = 2.45352          +/- 0.1534       (6.252%)
b               = -0.328311        +/- 0.1048       (31.91%)

correlation matrix of the fit parameters:
                a      b      
a               1.000 
b              -0.929  1.000 


*******************************************************************************
Thu Mar 12 15:58:22 2026


FIT:    data read from 'data-TV2-papier.csv' using (cos($1/180*pi)/cos(15/180*pi)):(($2 - U0/2.2))
        format = x:z
        #datapoints = 14
        residuals are weighted equally (unit weight)

function used for fitting: f(x)
	f(x) = a * x + b
fitted parameters initialized with current variable values

   4 2.6928108430e-01  -2.14e-03  4.88e-05    2.422546e+00  -3.043739e-01

After 4 iterations the fit converged.
final sum of squares of residuals : 0.269281
rel. change during last iteration : -2.14341e-08

degrees of freedom    (FIT_NDF)                        : 12
rms of residuals      (FIT_STDFIT) = sqrt(WSSR/ndf)    : 0.1498
variance of residuals (reduced chisquare) = WSSR/ndf   : 0.0224401

Final set of parameters            Asymptotic Standard Error
=======================            ==========================
a               = 2.42255          +/- 0.1585       (6.544%)
b               = -0.304374        +/- 0.1083       (35.57%)

correlation matrix of the fit parameters:
                a      b      
a               1.000 
b              -0.929  1.000 


*******************************************************************************
Thu Mar 12 15:58:33 2026


FIT:    data read from 'data-TV2-papier.csv' using (cos($1/180*pi)/cos(15/180*pi)):(($2 - U0/2.2))
        format = x:z
        #datapoints = 14
        residuals are weighted equally (unit weight)

function used for fitting: f(x)
	f(x) = a * x + b
fitted parameters initialized with current variable values

   4 2.4540900511e-01  -2.77e-03  4.88e-05    2.469000e+00  -3.402794e-01

After 4 iterations the fit converged.
final sum of squares of residuals : 0.245409
rel. change during last iteration : -2.77496e-08

degrees of freedom    (FIT_NDF)                        : 12
rms of residuals      (FIT_STDFIT) = sqrt(WSSR/ndf)    : 0.143006
variance of residuals (reduced chisquare) = WSSR/ndf   : 0.0204508

Final set of parameters            Asymptotic Standard Error
=======================            ==========================
a               = 2.469            +/- 0.1513       (6.129%)
b               = -0.340279        +/- 0.1034       (30.37%)

correlation matrix of the fit parameters:
                a      b      
a               1.000 
b              -0.929  1.000 


*******************************************************************************
Thu Mar 12 15:58:46 2026


FIT:    data read from 'data-TV2-papier.csv' using (cos($1/180*pi)/cos(15/180*pi)):(($2 - U0/2.2))
        format = x:z
        #datapoints = 14
        residuals are weighted equally (unit weight)

function used for fitting: f(x)
	f(x) = a * x + b
fitted parameters initialized with current variable values

   4 2.3698148288e-01  -3.13e-03  4.88e-05    2.494807e+00  -3.602269e-01

After 4 iterations the fit converged.
final sum of squares of residuals : 0.236981
rel. change during last iteration : -3.13268e-08

degrees of freedom    (FIT_NDF)                        : 12
rms of residuals      (FIT_STDFIT) = sqrt(WSSR/ndf)    : 0.140529
variance of residuals (reduced chisquare) = WSSR/ndf   : 0.0197485

Final set of parameters            Asymptotic Standard Error
=======================            ==========================
a               = 2.49481          +/- 0.1487       (5.961%)
b               = -0.360227        +/- 0.1016       (28.19%)

correlation matrix of the fit parameters:
                a      b      
a               1.000 
b              -0.929  1.000 


*******************************************************************************
Thu Mar 12 15:58:54 2026


FIT:    data read from 'data-TV2-papier.csv' using (cos($1/180*pi)/cos(15/180*pi)):(($2 - U0/2.2))
        format = x:z
        #datapoints = 14
        residuals are weighted equally (unit weight)

function used for fitting: f(x)
	f(x) = a * x + b
fitted parameters initialized with current variable values

   4 2.4540900511e-01  -2.77e-03  4.88e-05    2.469000e+00  -3.402794e-01

After 4 iterations the fit converged.
final sum of squares of residuals : 0.245409
rel. change during last iteration : -2.77496e-08

degrees of freedom    (FIT_NDF)                        : 12
rms of residuals      (FIT_STDFIT) = sqrt(WSSR/ndf)    : 0.143006
variance of residuals (reduced chisquare) = WSSR/ndf   : 0.0204508

Final set of parameters            Asymptotic Standard Error
=======================            ==========================
a               = 2.469            +/- 0.1513       (6.129%)
b               = -0.340279        +/- 0.1034       (30.37%)

correlation matrix of the fit parameters:
                a      b      
a               1.000 
b              -0.929  1.000 


*******************************************************************************
Thu Mar 12 15:59:29 2026


FIT:    data read from 'data-TV2-papier.csv' using (cos($1/180*pi)/cos(15/180*pi)):(($2 - U0/2.2))
        format = x:z
        #datapoints = 14
        residuals are weighted equally (unit weight)

function used for fitting: f(x)
	f(x) = a * x + b
fitted parameters initialized with current variable values

   4 2.4540900511e-01  -2.77e-03  4.88e-05    2.469000e+00  -3.402794e-01

After 4 iterations the fit converged.
final sum of squares of residuals : 0.245409
rel. change during last iteration : -2.77496e-08

degrees of freedom    (FIT_NDF)                        : 12
rms of residuals      (FIT_STDFIT) = sqrt(WSSR/ndf)    : 0.143006
variance of residuals (reduced chisquare) = WSSR/ndf   : 0.0204508

Final set of parameters            Asymptotic Standard Error
=======================            ==========================
a               = 2.469            +/- 0.1513       (6.129%)
b               = -0.340279        +/- 0.1034       (30.37%)

correlation matrix of the fit parameters:
                a      b      
a               1.000 
b              -0.929  1.000 


*******************************************************************************
Thu Mar 12 15:59:46 2026


FIT:    data read from 'data-TV2-papier.csv' using (cos($1/180*pi)/cos(15/180*pi)):(($2 - U0/2.2))
        format = x:z
        #datapoints = 13
        residuals are weighted equally (unit weight)

function used for fitting: f(x)
	f(x) = a * x + b
fitted parameters initialized with current variable values

   4 2.3048046304e-01  -1.38e-02  5.05e-05    2.544882e+00  -3.989324e-01

After 4 iterations the fit converged.
final sum of squares of residuals : 0.23048
rel. change during last iteration : -1.38166e-07

degrees of freedom    (FIT_NDF)                        : 11
rms of residuals      (FIT_STDFIT) = sqrt(WSSR/ndf)    : 0.144751
variance of residuals (reduced chisquare) = WSSR/ndf   : 0.0209528

Final set of parameters            Asymptotic Standard Error
=======================            ==========================
a               = 2.54488          +/- 0.1776       (6.979%)
b               = -0.398932        +/- 0.1256       (31.48%)

correlation matrix of the fit parameters:
                a      b      
a               1.000 
b              -0.948  1.000 


*******************************************************************************
Thu Mar 12 15:59:58 2026


FIT:    data read from 'data-TV2-papier.csv' using (cos($1/180*pi)/cos(15/180*pi)):(($2 - U0/2.2))
        format = x:z
        #datapoints = 14
        residuals are weighted equally (unit weight)

function used for fitting: f(x)
	f(x) = a * x + b
fitted parameters initialized with current variable values

   4 1.4346945830e-01  -4.07e-03  4.88e-05    2.394781e+00  -3.074698e-01

After 4 iterations the fit converged.
final sum of squares of residuals : 0.143469
rel. change during last iteration : -4.07476e-08

degrees of freedom    (FIT_NDF)                        : 12
rms of residuals      (FIT_STDFIT) = sqrt(WSSR/ndf)    : 0.109343
variance of residuals (reduced chisquare) = WSSR/ndf   : 0.0119558

Final set of parameters            Asymptotic Standard Error
=======================            ==========================
a               = 2.39478          +/- 0.1157       (4.832%)
b               = -0.30747         +/- 0.07903      (25.7%)

correlation matrix of the fit parameters:
                a      b      
a               1.000 
b              -0.929  1.000 


*******************************************************************************
Thu Mar 12 16:00:10 2026


FIT:    data read from 'data-TV2-papier.csv' using (cos($1/180*pi)/cos(15/180*pi)):(($2 - U0/2.2))
        format = x:z
        #datapoints = 14
        residuals are weighted equally (unit weight)

function used for fitting: f(x)
	f(x) = a * x + b
fitted parameters initialized with current variable values

   4 8.9795143189e-02  -5.57e-03  4.88e-05    2.323501e+00  -2.765242e-01

After 4 iterations the fit converged.
final sum of squares of residuals : 0.0897951
rel. change during last iteration : -5.57243e-08

degrees of freedom    (FIT_NDF)                        : 12
rms of residuals      (FIT_STDFIT) = sqrt(WSSR/ndf)    : 0.0865039
variance of residuals (reduced chisquare) = WSSR/ndf   : 0.00748293

Final set of parameters            Asymptotic Standard Error
=======================            ==========================
a               = 2.3235           +/- 0.09154      (3.94%)
b               = -0.276524        +/- 0.06252      (22.61%)

correlation matrix of the fit parameters:
                a      b      
a               1.000 
b              -0.929  1.000 


*******************************************************************************
Thu Mar 12 16:00:41 2026


FIT:    data read from 'data-TV2-papier.csv' using (cos($1/180*pi)/cos(15/180*pi)):(($2 - U0/2.2))
        format = x:z
        x range restricted to [0.00000 : 2.00000]
        #datapoints = 14
        residuals are weighted equally (unit weight)

function used for fitting: f(x)
	f(x) = a * x + b
fitted parameters initialized with current variable values

   4 8.9795143189e-02  -5.57e-03  4.88e-05    2.323501e+00  -2.765242e-01

After 4 iterations the fit converged.
final sum of squares of residuals : 0.0897951
rel. change during last iteration : -5.57243e-08

degrees of freedom    (FIT_NDF)                        : 12
rms of residuals      (FIT_STDFIT) = sqrt(WSSR/ndf)    : 0.0865039
variance of residuals (reduced chisquare) = WSSR/ndf   : 0.00748293

Final set of parameters            Asymptotic Standard Error
=======================            ==========================
a               = 2.3235           +/- 0.09154      (3.94%)
b               = -0.276524        +/- 0.06252      (22.61%)

correlation matrix of the fit parameters:
                a      b      
a               1.000 
b              -0.929  1.000 


*******************************************************************************
Thu Mar 12 16:01:02 2026


FIT:    data read from 'data-TV2-papier.csv' using (cos($1/180*pi)/cos(15/180*pi)):(($2 - U0/2.2))
        format = x:z
        x range restricted to [0.00000 : 2.00000]
        #datapoints = 14
        residuals are weighted equally (unit weight)

function used for fitting: f(x)
	f(x) = a * x + b
fitted parameters initialized with current variable values

   4 8.9795143189e-02  -5.57e-03  4.88e-05    2.323501e+00  -2.765242e-01

After 4 iterations the fit converged.
final sum of squares of residuals : 0.0897951
rel. change during last iteration : -5.57243e-08

degrees of freedom    (FIT_NDF)                        : 12
rms of residuals      (FIT_STDFIT) = sqrt(WSSR/ndf)    : 0.0865039
variance of residuals (reduced chisquare) = WSSR/ndf   : 0.00748293

Final set of parameters            Asymptotic Standard Error
=======================            ==========================
a               = 2.3235           +/- 0.09154      (3.94%)
b               = -0.276524        +/- 0.06252      (22.61%)

correlation matrix of the fit parameters:
                a      b      
a               1.000 
b              -0.929  1.000 


*******************************************************************************
Thu Mar 12 16:01:10 2026


FIT:    data read from 'data-TV2-papier.csv' using (cos($1/180*pi)/cos(15/180*pi)):(($2 - U0/2.2))
        format = x:z
        x range restricted to [0.00000 : 2.00000]
        #datapoints = 14
        residuals are weighted equally (unit weight)

function used for fitting: f(x)
	f(x) = a * x + b
fitted parameters initialized with current variable values

   4 8.9795143189e-02  -5.57e-03  4.88e-05    2.323501e+00  -2.765242e-01

After 4 iterations the fit converged.
final sum of squares of residuals : 0.0897951
rel. change during last iteration : -5.57243e-08

degrees of freedom    (FIT_NDF)                        : 12
rms of residuals      (FIT_STDFIT) = sqrt(WSSR/ndf)    : 0.0865039
variance of residuals (reduced chisquare) = WSSR/ndf   : 0.00748293

Final set of parameters            Asymptotic Standard Error
=======================            ==========================
a               = 2.3235           +/- 0.09154      (3.94%)
b               = -0.276524        +/- 0.06252      (22.61%)

correlation matrix of the fit parameters:
                a      b      
a               1.000 
b              -0.929  1.000 


*******************************************************************************
Thu Mar 12 16:01:24 2026


FIT:    data read from 'data-TV2-papier.csv' using (cos($1/180*pi)/cos(15/180*pi)):(($2 - U0/2.2))
        format = x:z
        x range restricted to [0.00000 : 2.00000]
        #datapoints = 14
        residuals are weighted equally (unit weight)

function used for fitting: f(x)
	f(x) = a * x + b
fitted parameters initialized with current variable values

   4 8.9795143189e-02  -5.57e-03  4.88e-05    2.323501e+00  -2.765242e-01

After 4 iterations the fit converged.
final sum of squares of residuals : 0.0897951
rel. change during last iteration : -5.57243e-08

degrees of freedom    (FIT_NDF)                        : 12
rms of residuals      (FIT_STDFIT) = sqrt(WSSR/ndf)    : 0.0865039
variance of residuals (reduced chisquare) = WSSR/ndf   : 0.00748293

Final set of parameters            Asymptotic Standard Error
=======================            ==========================
a               = 2.3235           +/- 0.09154      (3.94%)
b               = -0.276524        +/- 0.06252      (22.61%)

correlation matrix of the fit parameters:
                a      b      
a               1.000 
b              -0.929  1.000 


*******************************************************************************
Thu Mar 12 16:12:28 2026


FIT:    data read from 'data-TV2-glas.csv' using (cos($1/180*pi)/cos(15/180*pi)):(($2 - U0)/1.93)
        format = x:z
        x range restricted to [0.00000 : 2.00000]
        #datapoints = 14
        residuals are weighted equally (unit weight)

function used for fitting: f(x)
	f(x) = a * x + b
fitted parameters initialized with current variable values

   4 3.0093007424e-02  -1.43e-02  4.88e-05    1.046506e+00  -2.647284e-01

After 4 iterations the fit converged.
final sum of squares of residuals : 0.030093
rel. change during last iteration : -1.42563e-07

degrees of freedom    (FIT_NDF)                        : 12
rms of residuals      (FIT_STDFIT) = sqrt(WSSR/ndf)    : 0.0500774
variance of residuals (reduced chisquare) = WSSR/ndf   : 0.00250775

Final set of parameters            Asymptotic Standard Error
=======================            ==========================
a               = 1.04651          +/- 0.05299      (5.064%)
b               = -0.264728        +/- 0.03619      (13.67%)

correlation matrix of the fit parameters:
                a      b      
a               1.000 
b              -0.929  1.000 


*******************************************************************************
Thu Mar 12 16:12:35 2026


FIT:    data read from 'data-TV2-glas.csv' using (cos($1/180*pi)/cos(15/180*pi)):(($2 - U0)/1.93)
        format = x:z
        x range restricted to [0.00000 : 2.00000]
        #datapoints = 14
        residuals are weighted equally (unit weight)

function used for fitting: f(x)
	f(x) = a * x + b
fitted parameters initialized with current variable values

   4 3.0093007424e-02  -1.43e-02  4.88e-05    1.046506e+00  -2.647284e-01

After 4 iterations the fit converged.
final sum of squares of residuals : 0.030093
rel. change during last iteration : -1.42563e-07

degrees of freedom    (FIT_NDF)                        : 12
rms of residuals      (FIT_STDFIT) = sqrt(WSSR/ndf)    : 0.0500774
variance of residuals (reduced chisquare) = WSSR/ndf   : 0.00250775

Final set of parameters            Asymptotic Standard Error
=======================            ==========================
a               = 1.04651          +/- 0.05299      (5.064%)
b               = -0.264728        +/- 0.03619      (13.67%)

correlation matrix of the fit parameters:
                a      b      
a               1.000 
b              -0.929  1.000 


*******************************************************************************
Thu Mar 12 16:12:48 2026


FIT:    data read from 'data-TV2-glas.csv' using (cos($1/180*pi)/cos(15/180*pi)):(($2 - U0)/1.93)
        format = x:z
        x range restricted to [0.00000 : 2.00000]
        #datapoints = 14
        residuals are weighted equally (unit weight)

function used for fitting: f(x)
	f(x) = a * x + b
fitted parameters initialized with current variable values

   4 3.0093007424e-02  -1.43e-02  4.88e-05    1.046506e+00  -2.647284e-01

After 4 iterations the fit converged.
final sum of squares of residuals : 0.030093
rel. change during last iteration : -1.42563e-07

degrees of freedom    (FIT_NDF)                        : 12
rms of residuals      (FIT_STDFIT) = sqrt(WSSR/ndf)    : 0.0500774
variance of residuals (reduced chisquare) = WSSR/ndf   : 0.00250775

Final set of parameters            Asymptotic Standard Error
=======================            ==========================
a               = 1.04651          +/- 0.05299      (5.064%)
b               = -0.264728        +/- 0.03619      (13.67%)

correlation matrix of the fit parameters:
                a      b      
a               1.000 
b              -0.929  1.000 


*******************************************************************************
Thu Mar 12 16:13:07 2026


FIT:    data read from 'data-TV2-glas.csv' using (cos($1/180*pi)/cos(15/180*pi)):(($2 - U0)/1.93)
        format = x:z
        x range restricted to [0.00000 : 2.00000]
        #datapoints = 14
        residuals are weighted equally (unit weight)

function used for fitting: f(x)
	f(x) = a * x + b
fitted parameters initialized with current variable values

   4 3.0093007424e-02  -1.43e-02  4.88e-05    1.046506e+00  -2.647284e-01

After 4 iterations the fit converged.
final sum of squares of residuals : 0.030093
rel. change during last iteration : -1.42563e-07

degrees of freedom    (FIT_NDF)                        : 12
rms of residuals      (FIT_STDFIT) = sqrt(WSSR/ndf)    : 0.0500774
variance of residuals (reduced chisquare) = WSSR/ndf   : 0.00250775

Final set of parameters            Asymptotic Standard Error
=======================            ==========================
a               = 1.04651          +/- 0.05299      (5.064%)
b               = -0.264728        +/- 0.03619      (13.67%)

correlation matrix of the fit parameters:
                a      b      
a               1.000 
b              -0.929  1.000 


*******************************************************************************
Thu Mar 12 16:13:16 2026


FIT:    data read from 'data-TV2-glas.csv' using (cos($1/180*pi)/cos(15/180*pi)):(($2 - U0)/1.93)
        format = x:z
        x range restricted to [0.00000 : 2.00000]
        #datapoints = 14
        residuals are weighted equally (unit weight)

function used for fitting: f(x)
	f(x) = a * x + b
fitted parameters initialized with current variable values

   4 3.0093007424e-02  -1.43e-02  4.88e-05    1.046506e+00  -2.647284e-01

After 4 iterations the fit converged.
final sum of squares of residuals : 0.030093
rel. change during last iteration : -1.42563e-07

degrees of freedom    (FIT_NDF)                        : 12
rms of residuals      (FIT_STDFIT) = sqrt(WSSR/ndf)    : 0.0500774
variance of residuals (reduced chisquare) = WSSR/ndf   : 0.00250775

Final set of parameters            Asymptotic Standard Error
=======================            ==========================
a               = 1.04651          +/- 0.05299      (5.064%)
b               = -0.264728        +/- 0.03619      (13.67%)

correlation matrix of the fit parameters:
                a      b      
a               1.000 
b              -0.929  1.000 


*******************************************************************************
Thu Mar 12 16:13:43 2026


FIT:    data read from 'data-TV2-papier.csv' using (cos($1/180*pi)/cos(15/180*pi)):(($2 - U0)/2.23)
        format = x:z
        x range restricted to [0.00000 : 2.00000]
        #datapoints = 14
        residuals are weighted equally (unit weight)

function used for fitting: f(x)
	f(x) = a * x + b
fitted parameters initialized with current variable values

   4 1.8056897020e-02  -1.66e-02  4.88e-05    1.041929e+00  -2.047194e-01

After 4 iterations the fit converged.
final sum of squares of residuals : 0.0180569
rel. change during last iteration : -1.65886e-07

degrees of freedom    (FIT_NDF)                        : 12
rms of residuals      (FIT_STDFIT) = sqrt(WSSR/ndf)    : 0.038791
variance of residuals (reduced chisquare) = WSSR/ndf   : 0.00150474

Final set of parameters            Asymptotic Standard Error
=======================            ==========================
a               = 1.04193          +/- 0.04105      (3.94%)
b               = -0.204719        +/- 0.02804      (13.69%)

correlation matrix of the fit parameters:
                a      b      
a               1.000 
b              -0.929  1.000 


*******************************************************************************
Fri Mar 13 13:00:09 2026


FIT:    data read from 'data-TV2-papier.csv' using (cos($1/180*pi)/cos(15/180*pi)):(($2 - U0)/2.23)
        format = x:z
        x range restricted to [0.00000 : 2.00000]
        #datapoints = 14
        residuals are weighted equally (unit weight)

function used for fitting: f(x)
	f(x) = a * x + b
fitted parameters initialized with current variable values

   4 1.8056897020e-02  -1.66e-02  4.88e-05    1.041929e+00  -2.047194e-01

After 4 iterations the fit converged.
final sum of squares of residuals : 0.0180569
rel. change during last iteration : -1.65886e-07

degrees of freedom    (FIT_NDF)                        : 12
rms of residuals      (FIT_STDFIT) = sqrt(WSSR/ndf)    : 0.038791
variance of residuals (reduced chisquare) = WSSR/ndf   : 0.00150474

Final set of parameters            Asymptotic Standard Error
=======================            ==========================
a               = 1.04193          +/- 0.04105      (3.94%)
b               = -0.204719        +/- 0.02804      (13.69%)

correlation matrix of the fit parameters:
                a      b      
a               1.000 
b              -0.929  1.000 


*******************************************************************************
Fri Mar 13 13:01:20 2026


FIT:    data read from 'data-TV2-papier.csv' using (cos($1/180*pi)/cos(15/180*pi)):(($2 - U0)/(2.23 - U0))
        format = x:z
        x range restricted to [0.00000 : 2.00000]
        #datapoints = 14
        residuals are weighted equally (unit weight)

function used for fitting: f(x)
	f(x) = a * x + b
fitted parameters initialized with current variable values

   4 2.4874000883e-02  -1.52e-02  4.88e-05    1.222895e+00  -2.402759e-01

After 4 iterations the fit converged.
final sum of squares of residuals : 0.024874
rel. change during last iteration : -1.52289e-07

degrees of freedom    (FIT_NDF)                        : 12
rms of residuals      (FIT_STDFIT) = sqrt(WSSR/ndf)    : 0.0455284
variance of residuals (reduced chisquare) = WSSR/ndf   : 0.00207283

Final set of parameters            Asymptotic Standard Error
=======================            ==========================
a               = 1.2229           +/- 0.04818      (3.94%)
b               = -0.240276        +/- 0.0329       (13.69%)

correlation matrix of the fit parameters:
                a      b      
a               1.000 
b              -0.929  1.000 


*******************************************************************************
Fri Mar 13 13:02:29 2026


FIT:    data read from 'data-TV2-papier.csv' using (cos($1/180*pi)/cos(15/180*pi)):(($2 - U0)/(2.23 - U0))
        format = x:z
        x range restricted to [0.00000 : 2.00000]
        #datapoints = 14
        residuals are weighted equally (unit weight)

function used for fitting: f(x)
	f(x) = a * x + b
fitted parameters initialized with current variable values

   4 2.4874000883e-02  -1.52e-02  4.88e-05    1.222895e+00  -2.402759e-01

After 4 iterations the fit converged.
final sum of squares of residuals : 0.024874
rel. change during last iteration : -1.52289e-07

degrees of freedom    (FIT_NDF)                        : 12
rms of residuals      (FIT_STDFIT) = sqrt(WSSR/ndf)    : 0.0455284
variance of residuals (reduced chisquare) = WSSR/ndf   : 0.00207283

Final set of parameters            Asymptotic Standard Error
=======================            ==========================
a               = 1.2229           +/- 0.04818      (3.94%)
b               = -0.240276        +/- 0.0329       (13.69%)

correlation matrix of the fit parameters:
                a      b      
a               1.000 
b              -0.929  1.000 


*******************************************************************************
Fri Mar 13 13:03:50 2026


FIT:    data read from 'data-TV2-papier.csv' using (cos($1/180*pi)/cos(15/180*pi)):(($2 - U0)/(2.23 - U0))
        format = x:z
        x range restricted to [0.00000 : 2.00000]
        #datapoints = 14
        residuals are weighted equally (unit weight)

function used for fitting: f(x)
	f(x) = a * x + b
fitted parameters initialized with current variable values

   4 2.4874000883e-02  -1.52e-02  4.88e-05    1.222895e+00  -2.402759e-01

After 4 iterations the fit converged.
final sum of squares of residuals : 0.024874
rel. change during last iteration : -1.52289e-07

degrees of freedom    (FIT_NDF)                        : 12
rms of residuals      (FIT_STDFIT) = sqrt(WSSR/ndf)    : 0.0455284
variance of residuals (reduced chisquare) = WSSR/ndf   : 0.00207283

Final set of parameters            Asymptotic Standard Error
=======================            ==========================
a               = 1.2229           +/- 0.04818      (3.94%)
b               = -0.240276        +/- 0.0329       (13.69%)

correlation matrix of the fit parameters:
                a      b      
a               1.000 
b              -0.929  1.000 


*******************************************************************************
Fri Mar 13 13:04:13 2026


FIT:    data read from 'data-TV2-papier.csv' using (cos($1/180*pi)/cos(15/180*pi)):(($2 - U0)/(2.23 - U0))
        format = x:z
        x range restricted to [0.00000 : 1.50000]
        #datapoints = 14
        residuals are weighted equally (unit weight)

function used for fitting: f(x)
	f(x) = a * x + b
fitted parameters initialized with current variable values

   4 2.4874000883e-02  -1.52e-02  4.88e-05    1.222895e+00  -2.402759e-01

After 4 iterations the fit converged.
final sum of squares of residuals : 0.024874
rel. change during last iteration : -1.52289e-07

degrees of freedom    (FIT_NDF)                        : 12
rms of residuals      (FIT_STDFIT) = sqrt(WSSR/ndf)    : 0.0455284
variance of residuals (reduced chisquare) = WSSR/ndf   : 0.00207283

Final set of parameters            Asymptotic Standard Error
=======================            ==========================
a               = 1.2229           +/- 0.04818      (3.94%)
b               = -0.240276        +/- 0.0329       (13.69%)

correlation matrix of the fit parameters:
                a      b      
a               1.000 
b              -0.929  1.000 


*******************************************************************************
Fri Mar 13 13:05:03 2026


FIT:    data read from 'data-TV2-papier.csv' using (cos($1/180*pi)/cos(15/180*pi)):(($2 - U0)/(2.23 - U0))
        format = x:z
        x range restricted to [0.00000 : 1.50000]
        #datapoints = 14
        residuals are weighted equally (unit weight)

function used for fitting: f(x)
	f(x) = a * x + b
fitted parameters initialized with current variable values

   4 2.4874000883e-02  -1.52e-02  4.88e-05    1.222895e+00  -2.402759e-01

After 4 iterations the fit converged.
final sum of squares of residuals : 0.024874
rel. change during last iteration : -1.52289e-07

degrees of freedom    (FIT_NDF)                        : 12
rms of residuals      (FIT_STDFIT) = sqrt(WSSR/ndf)    : 0.0455284
variance of residuals (reduced chisquare) = WSSR/ndf   : 0.00207283

Final set of parameters            Asymptotic Standard Error
=======================            ==========================
a               = 1.2229           +/- 0.04818      (3.94%)
b               = -0.240276        +/- 0.0329       (13.69%)

correlation matrix of the fit parameters:
                a      b      
a               1.000 
b              -0.929  1.000 


*******************************************************************************
Fri Mar 13 13:05:30 2026


FIT:    data read from 'data-TV2-papier.csv' using (cos($1/180*pi)/cos(15/180*pi)):(($2 - U0)/(2.23 - U0))
        format = x:z
        x range restricted to [0.00000 : 1.50000]
        #datapoints = 14
        residuals are weighted equally (unit weight)

function used for fitting: f(x)
	f(x) = a * x + b
fitted parameters initialized with current variable values

   4 5.7924868495e-02  -7.49e-03  4.88e-05    1.275629e+00  -2.635881e-01

After 4 iterations the fit converged.
final sum of squares of residuals : 0.0579249
rel. change during last iteration : -7.48715e-08

degrees of freedom    (FIT_NDF)                        : 12
rms of residuals      (FIT_STDFIT) = sqrt(WSSR/ndf)    : 0.0694771
variance of residuals (reduced chisquare) = WSSR/ndf   : 0.00482707

Final set of parameters            Asymptotic Standard Error
=======================            ==========================
a               = 1.27563          +/- 0.07352      (5.764%)
b               = -0.263588        +/- 0.05021      (19.05%)

correlation matrix of the fit parameters:
                a      b      
a               1.000 
b              -0.929  1.000 


*******************************************************************************
Fri Mar 13 13:05:41 2026


FIT:    data read from 'data-TV2-papier.csv' using (cos($1/180*pi)/cos(15/180*pi)):(($2 - U0)/(2.23 - U0))
        format = x:z
        x range restricted to [0.00000 : 1.50000]
        #datapoints = 14
        residuals are weighted equally (unit weight)

function used for fitting: f(x)
	f(x) = a * x + b
fitted parameters initialized with current variable values

   4 2.7658696651e-02  -1.27e-02  4.88e-05    1.206596e+00  -2.276775e-01

After 4 iterations the fit converged.
final sum of squares of residuals : 0.0276587
rel. change during last iteration : -1.26919e-07

degrees of freedom    (FIT_NDF)                        : 12
rms of residuals      (FIT_STDFIT) = sqrt(WSSR/ndf)    : 0.0480093
variance of residuals (reduced chisquare) = WSSR/ndf   : 0.00230489

Final set of parameters            Asymptotic Standard Error
=======================            ==========================
a               = 1.2066           +/- 0.05081      (4.211%)
b               = -0.227677        +/- 0.0347       (15.24%)

correlation matrix of the fit parameters:
                a      b      
a               1.000 
b              -0.929  1.000 


*******************************************************************************
Fri Mar 13 13:07:05 2026


FIT:    data read from 'data-TV2-papier.csv' using (cos($1/180*pi)/cos(15/180*pi)):(($2 - U0)/(2.23 - U0))
        format = x:z
        x range restricted to [0.00000 : 1.50000]
        #datapoints = 14
        residuals are weighted equally (unit weight)

function used for fitting: f(x)
	f(x) = a * x + b
fitted parameters initialized with current variable values

   5 2.6448975251e-02  -9.48e-03  4.83e-06    1.282659e+00  -2.864701e-01

After 5 iterations the fit converged.
final sum of squares of residuals : 0.026449
rel. change during last iteration : -9.48377e-08

degrees of freedom    (FIT_NDF)                        : 12
rms of residuals      (FIT_STDFIT) = sqrt(WSSR/ndf)    : 0.0469476
variance of residuals (reduced chisquare) = WSSR/ndf   : 0.00220408

Final set of parameters            Asymptotic Standard Error
=======================            ==========================
a               = 1.28266          +/- 0.04968      (3.873%)
b               = -0.28647         +/- 0.03393      (11.84%)

correlation matrix of the fit parameters:
                a      b      
a               1.000 
b              -0.929  1.000 


*******************************************************************************
Fri Mar 13 13:07:25 2026


FIT:    data read from 'data-TV2-papier.csv' using (cos($1/180*pi)/cos(15/180*pi)):(($2 - U0)/(2.23 - U0))
        format = x:z
        x range restricted to [0.00000 : 1.50000]
        #datapoints = 14
        residuals are weighted equally (unit weight)

function used for fitting: f(x)
	f(x) = a * x + b
fitted parameters initialized with current variable values

   5 2.6094157648e-02  -6.51e-03  4.83e-06    1.214745e+00  -2.339767e-01

After 5 iterations the fit converged.
final sum of squares of residuals : 0.0260942
rel. change during last iteration : -6.50988e-08

degrees of freedom    (FIT_NDF)                        : 12
rms of residuals      (FIT_STDFIT) = sqrt(WSSR/ndf)    : 0.0466317
variance of residuals (reduced chisquare) = WSSR/ndf   : 0.00217451

Final set of parameters            Asymptotic Standard Error
=======================            ==========================
a               = 1.21475          +/- 0.04935      (4.062%)
b               = -0.233977        +/- 0.0337       (14.4%)

correlation matrix of the fit parameters:
                a      b      
a               1.000 
b              -0.929  1.000 


*******************************************************************************
Fri Mar 13 13:11:27 2026


FIT:    data read from 'data-TV2-glas.csv' using (cos($1/180*pi)/cos(15/180*pi)):(($2 - U0)/(1.93 - U0))
        format = x:z
        x range restricted to [0.00000 : 1.50000]
        #datapoints = 14
        residuals are weighted equally (unit weight)

function used for fitting: f(x)
	f(x) = a * x + b
fitted parameters initialized with current variable values

   5 4.3786501311e-02  -7.07e-03  4.83e-06    1.262348e+00  -3.193286e-01

After 5 iterations the fit converged.
final sum of squares of residuals : 0.0437865
rel. change during last iteration : -7.06852e-08

degrees of freedom    (FIT_NDF)                        : 12
rms of residuals      (FIT_STDFIT) = sqrt(WSSR/ndf)    : 0.0604059
variance of residuals (reduced chisquare) = WSSR/ndf   : 0.00364888

Final set of parameters            Asymptotic Standard Error
=======================            ==========================
a               = 1.26235          +/- 0.06392      (5.064%)
b               = -0.319329        +/- 0.04366      (13.67%)

correlation matrix of the fit parameters:
                a      b      
a               1.000 
b              -0.929  1.000 


*******************************************************************************
Fri Mar 13 13:12:06 2026


FIT:    data read from 'data-TV2-glas.csv' using (cos($1/180*pi)/cos(15/180*pi)):(($2 - U0)/(1.93))
        format = x:z
        x range restricted to [0.00000 : 1.50000]
        #datapoints = 14
        residuals are weighted equally (unit weight)

function used for fitting: f(x)
	f(x) = a * x + b
fitted parameters initialized with current variable values

   5 3.0093007424e-02  -7.16e-03  4.83e-06    1.046506e+00  -2.647284e-01

After 5 iterations the fit converged.
final sum of squares of residuals : 0.030093
rel. change during last iteration : -7.15611e-08

degrees of freedom    (FIT_NDF)                        : 12
rms of residuals      (FIT_STDFIT) = sqrt(WSSR/ndf)    : 0.0500774
variance of residuals (reduced chisquare) = WSSR/ndf   : 0.00250775

Final set of parameters            Asymptotic Standard Error
=======================            ==========================
a               = 1.04651          +/- 0.05299      (5.064%)
b               = -0.264728        +/- 0.03619      (13.67%)

correlation matrix of the fit parameters:
                a      b      
a               1.000 
b              -0.929  1.000 


*******************************************************************************
Fri Mar 13 13:13:04 2026


FIT:    data read from 'data-TV2-glas.csv' using (cos($1/180*pi)/cos(15/180*pi)):(($2 - U0)/(1.93 - U0))
        format = x:z
        x range restricted to [0.00000 : 1.50000]
        #datapoints = 14
        residuals are weighted equally (unit weight)

function used for fitting: f(x)
	f(x) = a * x + b
fitted parameters initialized with current variable values

   5 4.3786501311e-02  -7.07e-03  4.83e-06    1.262348e+00  -3.193286e-01

After 5 iterations the fit converged.
final sum of squares of residuals : 0.0437865
rel. change during last iteration : -7.06852e-08

degrees of freedom    (FIT_NDF)                        : 12
rms of residuals      (FIT_STDFIT) = sqrt(WSSR/ndf)    : 0.0604059
variance of residuals (reduced chisquare) = WSSR/ndf   : 0.00364888

Final set of parameters            Asymptotic Standard Error
=======================            ==========================
a               = 1.26235          +/- 0.06392      (5.064%)
b               = -0.319329        +/- 0.04366      (13.67%)

correlation matrix of the fit parameters:
                a      b      
a               1.000 
b              -0.929  1.000 


*******************************************************************************
Fri Mar 13 13:13:11 2026


FIT:    data read from 'data-TV2-glas.csv' using (cos($1/180*pi)/cos(15/180*pi)):(($2 - U0)/(1.93 - U0))
        format = x:z
        x range restricted to [0.00000 : 1.50000]
        #datapoints = 14
        residuals are weighted equally (unit weight)

function used for fitting: f(x)
	f(x) = a * x + b
fitted parameters initialized with current variable values

   5 4.3786501311e-02  -7.07e-03  4.83e-06    1.262348e+00  -3.193286e-01

After 5 iterations the fit converged.
final sum of squares of residuals : 0.0437865
rel. change during last iteration : -7.06852e-08

degrees of freedom    (FIT_NDF)                        : 12
rms of residuals      (FIT_STDFIT) = sqrt(WSSR/ndf)    : 0.0604059
variance of residuals (reduced chisquare) = WSSR/ndf   : 0.00364888

Final set of parameters            Asymptotic Standard Error
=======================            ==========================
a               = 1.26235          +/- 0.06392      (5.064%)
b               = -0.319329        +/- 0.04366      (13.67%)

correlation matrix of the fit parameters:
                a      b      
a               1.000 
b              -0.929  1.000 


*******************************************************************************
Fri Mar 13 13:14:59 2026


FIT:    data read from 'data-TV2-metall.csv' using (cos($1/180*pi)/cos(15/180*pi)):(($2 - U0)/(0.74 - U0))
        format = x:z
        x range restricted to [0.00000 : 1.50000]
        #datapoints = 14
        residuals are weighted equally (unit weight)

function used for fitting: f(x)
	f(x) = a * x + b
fitted parameters initialized with current variable values

   5 3.8091367236e-01  -5.81e-04  4.83e-06    9.138736e-01  -2.685162e-01

After 5 iterations the fit converged.
final sum of squares of residuals : 0.380914
rel. change during last iteration : -5.80969e-09

degrees of freedom    (FIT_NDF)                        : 12
rms of residuals      (FIT_STDFIT) = sqrt(WSSR/ndf)    : 0.178165
variance of residuals (reduced chisquare) = WSSR/ndf   : 0.0317428

Final set of parameters            Asymptotic Standard Error
=======================            ==========================
a               = 0.913874         +/- 0.1885       (20.63%)
b               = -0.268516        +/- 0.1288       (47.95%)

correlation matrix of the fit parameters:
                a      b      
a               1.000 
b              -0.929  1.000 


*******************************************************************************
Fri Mar 13 13:15:41 2026


FIT:    data read from 'data-TV2-metall.csv' using (cos($1/180*pi)/cos(15/180*pi)):(($2 - U0)/(0.74 - U0))
        format = x:z
        x range restricted to [0.00000 : 1.50000]
        #datapoints = 14
        residuals are weighted equally (unit weight)

function used for fitting: f(x)
	f(x) = a * x + b
fitted parameters initialized with current variable values

   5 4.1930190863e-01  -7.91e-04  4.83e-06    9.588182e-01  -3.309022e-01

After 5 iterations the fit converged.
final sum of squares of residuals : 0.419302
rel. change during last iteration : -7.9074e-09

degrees of freedom    (FIT_NDF)                        : 12
rms of residuals      (FIT_STDFIT) = sqrt(WSSR/ndf)    : 0.186927
variance of residuals (reduced chisquare) = WSSR/ndf   : 0.0349418

Final set of parameters            Asymptotic Standard Error
=======================            ==========================
a               = 0.958818         +/- 0.1978       (20.63%)
b               = -0.330902        +/- 0.1351       (40.83%)

correlation matrix of the fit parameters:
                a      b      
a               1.000 
b              -0.929  1.000 


*******************************************************************************
Fri Mar 13 13:15:46 2026


FIT:    data read from 'data-TV2-metall.csv' using (cos($1/180*pi)/cos(15/180*pi)):(($2 - U0)/(0.74 - U0))
        format = x:z
        x range restricted to [0.00000 : 1.50000]
        #datapoints = 14
        residuals are weighted equally (unit weight)

function used for fitting: f(x)
	f(x) = a * x + b
fitted parameters initialized with current variable values

   5 3.8091367236e-01  -5.81e-04  4.83e-06    9.138736e-01  -2.685162e-01

After 5 iterations the fit converged.
final sum of squares of residuals : 0.380914
rel. change during last iteration : -5.80969e-09

degrees of freedom    (FIT_NDF)                        : 12
rms of residuals      (FIT_STDFIT) = sqrt(WSSR/ndf)    : 0.178165
variance of residuals (reduced chisquare) = WSSR/ndf   : 0.0317428

Final set of parameters            Asymptotic Standard Error
=======================            ==========================
a               = 0.913874         +/- 0.1885       (20.63%)
b               = -0.268516        +/- 0.1288       (47.95%)

correlation matrix of the fit parameters:
                a      b      
a               1.000 
b              -0.929  1.000 


*******************************************************************************
Fri Mar 13 13:17:37 2026


FIT:    data read from 'data-TV2-gelb.csv' using (cos($1/180*pi)/cos(15/180*pi)):(($2 - U0)/(1.69 - U0))
        format = x:z
        x range restricted to [0.00000 : 1.50000]
        #datapoints = 14
        residuals are weighted equally (unit weight)

function used for fitting: f(x)
	f(x) = a * x + b
fitted parameters initialized with current variable values

   5 3.3606531288e-02  -8.17e-03  4.83e-06    1.260990e+00  -3.001635e-01

After 5 iterations the fit converged.
final sum of squares of residuals : 0.0336065
rel. change during last iteration : -8.16907e-08

degrees of freedom    (FIT_NDF)                        : 12
rms of residuals      (FIT_STDFIT) = sqrt(WSSR/ndf)    : 0.0529202
variance of residuals (reduced chisquare) = WSSR/ndf   : 0.00280054

Final set of parameters            Asymptotic Standard Error
=======================            ==========================
a               = 1.26099          +/- 0.056        (4.441%)
b               = -0.300163        +/- 0.03825      (12.74%)

correlation matrix of the fit parameters:
                a      b      
a               1.000 
b              -0.929  1.000 


*******************************************************************************
Fri Mar 13 13:18:56 2026


FIT:    data read from 'data-TV2-papier.csv' using (cos($1/180*pi)/cos(15/180*pi)):(($2 - U0)/(2.23 - U0))
        format = x:z
        x range restricted to [0.00000 : 1.50000]
        #datapoints = 14
        residuals are weighted equally (unit weight)

function used for fitting: f(x)
	f(x) = a * x + b
fitted parameters initialized with current variable values

   5 2.6094157648e-02  -6.51e-03  4.83e-06    1.214745e+00  -2.339767e-01

After 5 iterations the fit converged.
final sum of squares of residuals : 0.0260942
rel. change during last iteration : -6.50988e-08

degrees of freedom    (FIT_NDF)                        : 12
rms of residuals      (FIT_STDFIT) = sqrt(WSSR/ndf)    : 0.0466317
variance of residuals (reduced chisquare) = WSSR/ndf   : 0.00217451

Final set of parameters            Asymptotic Standard Error
=======================            ==========================
a               = 1.21475          +/- 0.04935      (4.062%)
b               = -0.233977        +/- 0.0337       (14.4%)

correlation matrix of the fit parameters:
                a      b      
a               1.000 
b              -0.929  1.000 


*******************************************************************************
Fri Mar 13 13:19:18 2026


FIT:    data read from 'data-TV2-glas.csv' using (cos($1/180*pi)/cos(15/180*pi)):(($2 - U0)/(1.93 - U0))
        format = x:z
        x range restricted to [0.00000 : 1.50000]
        #datapoints = 14
        residuals are weighted equally (unit weight)

function used for fitting: f(x)
	f(x) = a * x + b
fitted parameters initialized with current variable values

   5 4.3786501311e-02  -7.07e-03  4.83e-06    1.262348e+00  -3.193286e-01

After 5 iterations the fit converged.
final sum of squares of residuals : 0.0437865
rel. change during last iteration : -7.06852e-08

degrees of freedom    (FIT_NDF)                        : 12
rms of residuals      (FIT_STDFIT) = sqrt(WSSR/ndf)    : 0.0604059
variance of residuals (reduced chisquare) = WSSR/ndf   : 0.00364888

Final set of parameters            Asymptotic Standard Error
=======================            ==========================
a               = 1.26235          +/- 0.06392      (5.064%)
b               = -0.319329        +/- 0.04366      (13.67%)

correlation matrix of the fit parameters:
                a      b      
a               1.000 
b              -0.929  1.000 


*******************************************************************************
Fri Mar 13 13:19:22 2026


FIT:    data read from 'data-TV2-metall.csv' using (cos($1/180*pi)/cos(15/180*pi)):(($2 - U0)/(0.74 - U0))
        format = x:z
        x range restricted to [0.00000 : 1.50000]
        #datapoints = 14
        residuals are weighted equally (unit weight)

function used for fitting: f(x)
	f(x) = a * x + b
fitted parameters initialized with current variable values

   5 3.8091367236e-01  -5.81e-04  4.83e-06    9.138736e-01  -2.685162e-01

After 5 iterations the fit converged.
final sum of squares of residuals : 0.380914
rel. change during last iteration : -5.80969e-09

degrees of freedom    (FIT_NDF)                        : 12
rms of residuals      (FIT_STDFIT) = sqrt(WSSR/ndf)    : 0.178165
variance of residuals (reduced chisquare) = WSSR/ndf   : 0.0317428

Final set of parameters            Asymptotic Standard Error
=======================            ==========================
a               = 0.913874         +/- 0.1885       (20.63%)
b               = -0.268516        +/- 0.1288       (47.95%)

correlation matrix of the fit parameters:
                a      b      
a               1.000 
b              -0.929  1.000 


*******************************************************************************
Fri Mar 13 13:19:29 2026


FIT:    data read from 'data-TV2-gelb.csv' using (cos($1/180*pi)/cos(15/180*pi)):(($2 - U0)/(1.69 - U0))
        format = x:z
        x range restricted to [0.00000 : 1.50000]
        #datapoints = 14
        residuals are weighted equally (unit weight)

function used for fitting: f(x)
	f(x) = a * x + b
fitted parameters initialized with current variable values

   5 3.3606531288e-02  -8.17e-03  4.83e-06    1.260990e+00  -3.001635e-01

After 5 iterations the fit converged.
final sum of squares of residuals : 0.0336065
rel. change during last iteration : -8.16907e-08

degrees of freedom    (FIT_NDF)                        : 12
rms of residuals      (FIT_STDFIT) = sqrt(WSSR/ndf)    : 0.0529202
variance of residuals (reduced chisquare) = WSSR/ndf   : 0.00280054

Final set of parameters            Asymptotic Standard Error
=======================            ==========================
a               = 1.26099          +/- 0.056        (4.441%)
b               = -0.300163        +/- 0.03825      (12.74%)

correlation matrix of the fit parameters:
                a      b      
a               1.000 
b              -0.929  1.000 


*******************************************************************************
Fri Mar 13 13:22:35 2026


FIT:    data read from 'data-TV2-gelb.csv' using (cos($1/180*pi)/cos(15/180*pi)):(($2 - U0)/(1.69 - U0))
        format = x:z
        x range restricted to [0.00000 : 1.50000]
        #datapoints = 14
        residuals are weighted equally (unit weight)

function used for fitting: f(x)
	f(x) = a * x + b
fitted parameters initialized with current variable values

   5 3.3606531288e-02  -8.17e-03  4.83e-06    1.260990e+00  -3.001635e-01

After 5 iterations the fit converged.
final sum of squares of residuals : 0.0336065
rel. change during last iteration : -8.16907e-08

degrees of freedom    (FIT_NDF)                        : 12
rms of residuals      (FIT_STDFIT) = sqrt(WSSR/ndf)    : 0.0529202
variance of residuals (reduced chisquare) = WSSR/ndf   : 0.00280054

Final set of parameters            Asymptotic Standard Error
=======================            ==========================
a               = 1.26099          +/- 0.056        (4.441%)
b               = -0.300163        +/- 0.03825      (12.74%)

correlation matrix of the fit parameters:
                a      b      
a               1.000 
b              -0.929  1.000 


*******************************************************************************
Fri Mar 13 13:22:36 2026


FIT:    data read from 'data-TV2-metall.csv' using (cos($1/180*pi)/cos(15/180*pi)):(($2 - U0)/(0.74 - U0))
        format = x:z
        x range restricted to [0.00000 : 1.50000]
        #datapoints = 14
        residuals are weighted equally (unit weight)

function used for fitting: f(x)
	f(x) = a * x + b
fitted parameters initialized with current variable values

   5 3.8091367236e-01  -5.81e-04  4.83e-06    9.138736e-01  -2.685162e-01

After 5 iterations the fit converged.
final sum of squares of residuals : 0.380914
rel. change during last iteration : -5.80969e-09

degrees of freedom    (FIT_NDF)                        : 12
rms of residuals      (FIT_STDFIT) = sqrt(WSSR/ndf)    : 0.178165
variance of residuals (reduced chisquare) = WSSR/ndf   : 0.0317428

Final set of parameters            Asymptotic Standard Error
=======================            ==========================
a               = 0.913874         +/- 0.1885       (20.63%)
b               = -0.268516        +/- 0.1288       (47.95%)

correlation matrix of the fit parameters:
                a      b      
a               1.000 
b              -0.929  1.000 


*******************************************************************************
Fri Mar 13 13:22:38 2026


FIT:    data read from 'data-TV2-glas.csv' using (cos($1/180*pi)/cos(15/180*pi)):(($2 - U0)/(1.93 - U0))
        format = x:z
        x range restricted to [0.00000 : 1.50000]
        #datapoints = 14
        residuals are weighted equally (unit weight)

function used for fitting: f(x)
	f(x) = a * x + b
fitted parameters initialized with current variable values

   5 4.3786501311e-02  -7.07e-03  4.83e-06    1.262348e+00  -3.193286e-01

After 5 iterations the fit converged.
final sum of squares of residuals : 0.0437865
rel. change during last iteration : -7.06852e-08

degrees of freedom    (FIT_NDF)                        : 12
rms of residuals      (FIT_STDFIT) = sqrt(WSSR/ndf)    : 0.0604059
variance of residuals (reduced chisquare) = WSSR/ndf   : 0.00364888

Final set of parameters            Asymptotic Standard Error
=======================            ==========================
a               = 1.26235          +/- 0.06392      (5.064%)
b               = -0.319329        +/- 0.04366      (13.67%)

correlation matrix of the fit parameters:
                a      b      
a               1.000 
b              -0.929  1.000 


*******************************************************************************
Fri Mar 13 13:22:40 2026


FIT:    data read from 'data-TV2-papier.csv' using (cos($1/180*pi)/cos(15/180*pi)):(($2 - U0)/(2.23 - U0))
        format = x:z
        x range restricted to [0.00000 : 1.50000]
        #datapoints = 14
        residuals are weighted equally (unit weight)

function used for fitting: f(x)
	f(x) = a * x + b
fitted parameters initialized with current variable values

   5 2.6094157648e-02  -6.51e-03  4.83e-06    1.214745e+00  -2.339767e-01

After 5 iterations the fit converged.
final sum of squares of residuals : 0.0260942
rel. change during last iteration : -6.50988e-08

degrees of freedom    (FIT_NDF)                        : 12
rms of residuals      (FIT_STDFIT) = sqrt(WSSR/ndf)    : 0.0466317
variance of residuals (reduced chisquare) = WSSR/ndf   : 0.00217451

Final set of parameters            Asymptotic Standard Error
=======================            ==========================
a               = 1.21475          +/- 0.04935      (4.062%)
b               = -0.233977        +/- 0.0337       (14.4%)

correlation matrix of the fit parameters:
                a      b      
a               1.000 
b              -0.929  1.000 
