

*******************************************************************************
Mon Mar 02 00:18:02 2026


FIT:    data read from 'data-60fps.csv' using 1:3
        format = x:z
        x range restricted to [1.16600 : 2.86600]
        #datapoints = 102
        residuals are weighted equally (unit weight)

function used for fitting: h2(x)
	h2(x) = a2*x**2 + b2*x + c2
fitted parameters initialized with current variable values

   5 3.7369478902e-02  -1.84e-07  3.03e-05   -8.316072e-01   3.402516e+00  -2.827693e+00

After 5 iterations the fit converged.
final sum of squares of residuals : 0.0373695
rel. change during last iteration : -1.83882e-12

degrees of freedom    (FIT_NDF)                        : 99
rms of residuals      (FIT_STDFIT) = sqrt(WSSR/ndf)    : 0.0194286
variance of residuals (reduced chisquare) = WSSR/ndf   : 0.000377469

Final set of parameters            Asymptotic Standard Error
=======================            ==========================
a2              = -0.831607        +/- 0.008933     (1.074%)
b2              = 3.40252          +/- 0.03609      (1.061%)
c2              = -2.82769         +/- 0.03483      (1.232%)

correlation matrix of the fit parameters:
                a2     b2     c2     
a2              1.000 
b2             -0.994  1.000 
c2              0.973 -0.991  1.000 


*******************************************************************************
Mon Mar 02 00:18:02 2026


FIT:    data read from 'data-60fps.csv' using 1:3
        format = x:z
        x range restricted to [3.00000 : 4.50000]
        #datapoints = 91
        residuals are weighted equally (unit weight)

function used for fitting: h3(x)
	h3(x) = a3*x**2 + b3*x + c3
fitted parameters initialized with current variable values

   6 1.7623254959e-02  -2.72e-07  8.74e-06   -6.338738e-01   4.687933e+00  -8.294566e+00

After 6 iterations the fit converged.
final sum of squares of residuals : 0.0176233
rel. change during last iteration : -2.71992e-12

degrees of freedom    (FIT_NDF)                        : 88
rms of residuals      (FIT_STDFIT) = sqrt(WSSR/ndf)    : 0.0141515
variance of residuals (reduced chisquare) = WSSR/ndf   : 0.000200264

Final set of parameters            Asymptotic Standard Error
=======================            ==========================
a3              = -0.633874        +/- 0.008655     (1.365%)
b3              = 4.68793          +/- 0.065        (1.387%)
c3              = -8.29457         +/- 0.1207       (1.456%)

correlation matrix of the fit parameters:
                a3     b3     c3     
a3              1.000 
b3             -0.999  1.000 
c3              0.994 -0.999  1.000 


*******************************************************************************
Mon Mar 02 00:18:02 2026


FIT:    data read from 'data-60fps.csv' using 1:3
        format = x:z
        x range restricted to [4.50000 : 5.80000]
        #datapoints = 79
        residuals are weighted equally (unit weight)

function used for fitting: h4(x)
	h4(x) = a4*x**2 + b4*x + c4
fitted parameters initialized with current variable values

   6 5.6008346553e-03  -1.78e-01  1.59e-05   -4.425752e-01   4.528613e+00  -1.137870e+01

After 6 iterations the fit converged.
final sum of squares of residuals : 0.00560083
rel. change during last iteration : -1.77742e-06

degrees of freedom    (FIT_NDF)                        : 76
rms of residuals      (FIT_STDFIT) = sqrt(WSSR/ndf)    : 0.00858459
variance of residuals (reduced chisquare) = WSSR/ndf   : 7.36952e-05

Final set of parameters            Asymptotic Standard Error
=======================            ==========================
a4              = -0.442575        +/- 0.007478     (1.69%)
b4              = 4.52861          +/- 0.07706      (1.702%)
c4              = -11.3787         +/- 0.1977       (1.737%)

correlation matrix of the fit parameters:
                a4     b4     c4     
a4              1.000 
b4             -0.999  1.000 
c4              0.998 -0.999  1.000 


*******************************************************************************
Mon Mar 02 00:18:02 2026


FIT:    data read from 'data-60fps.csv' using 1:3
        format = x:z
        x range restricted to [5.80000 : 6.80000]
        #datapoints = 61
        residuals are weighted equally (unit weight)

function used for fitting: h5(x)
	h5(x) = a5*x**2 + b5*x + c5
fitted parameters initialized with current variable values

   7 2.7506508070e-03  -5.80e-05  2.34e-06   -4.291988e-01   5.379591e+00  -1.673990e+01

After 7 iterations the fit converged.
final sum of squares of residuals : 0.00275065
rel. change during last iteration : -5.80406e-10

degrees of freedom    (FIT_NDF)                        : 58
rms of residuals      (FIT_STDFIT) = sqrt(WSSR/ndf)    : 0.00688658
variance of residuals (reduced chisquare) = WSSR/ndf   : 4.7425e-05

Final set of parameters            Asymptotic Standard Error
=======================            ==========================
a5              = -0.429199        +/- 0.01145      (2.668%)
b5              = 5.37959          +/- 0.1443       (2.683%)
c5              = -16.7399         +/- 0.454        (2.712%)

correlation matrix of the fit parameters:
                a5     b5     c5     
a5              1.000 
b5             -1.000  1.000 
c5              0.999 -1.000  1.000 


*******************************************************************************
Mon Mar 02 00:19:06 2026


FIT:    data read from 'data-60fps.csv' using 1:3
        format = x:z
        x range restricted to [1.16600 : 2.86600]
        #datapoints = 102
        residuals are weighted equally (unit weight)

function used for fitting: h2(x)
	h2(x) = a2*x**2 + b2*x + c2
fitted parameters initialized with current variable values

   5 3.7369478902e-02  -1.84e-07  3.03e-05   -8.316072e-01   3.402516e+00  -2.827693e+00

After 5 iterations the fit converged.
final sum of squares of residuals : 0.0373695
rel. change during last iteration : -1.83882e-12

degrees of freedom    (FIT_NDF)                        : 99
rms of residuals      (FIT_STDFIT) = sqrt(WSSR/ndf)    : 0.0194286
variance of residuals (reduced chisquare) = WSSR/ndf   : 0.000377469

Final set of parameters            Asymptotic Standard Error
=======================            ==========================
a2              = -0.831607        +/- 0.008933     (1.074%)
b2              = 3.40252          +/- 0.03609      (1.061%)
c2              = -2.82769         +/- 0.03483      (1.232%)

correlation matrix of the fit parameters:
                a2     b2     c2     
a2              1.000 
b2             -0.994  1.000 
c2              0.973 -0.991  1.000 


*******************************************************************************
Mon Mar 02 00:19:06 2026


FIT:    data read from 'data-60fps.csv' using 1:3
        format = x:z
        x range restricted to [3.00000 : 4.50000]
        #datapoints = 91
        residuals are weighted equally (unit weight)

function used for fitting: h3(x)
	h3(x) = a3*x**2 + b3*x + c3
fitted parameters initialized with current variable values

   6 1.7623254959e-02  -2.72e-07  8.74e-06   -6.338738e-01   4.687933e+00  -8.294566e+00

After 6 iterations the fit converged.
final sum of squares of residuals : 0.0176233
rel. change during last iteration : -2.71992e-12

degrees of freedom    (FIT_NDF)                        : 88
rms of residuals      (FIT_STDFIT) = sqrt(WSSR/ndf)    : 0.0141515
variance of residuals (reduced chisquare) = WSSR/ndf   : 0.000200264

Final set of parameters            Asymptotic Standard Error
=======================            ==========================
a3              = -0.633874        +/- 0.008655     (1.365%)
b3              = 4.68793          +/- 0.065        (1.387%)
c3              = -8.29457         +/- 0.1207       (1.456%)

correlation matrix of the fit parameters:
                a3     b3     c3     
a3              1.000 
b3             -0.999  1.000 
c3              0.994 -0.999  1.000 


*******************************************************************************
Mon Mar 02 00:19:06 2026


FIT:    data read from 'data-60fps.csv' using 1:3
        format = x:z
        x range restricted to [4.50000 : 5.80000]
        #datapoints = 79
        residuals are weighted equally (unit weight)

function used for fitting: h4(x)
	h4(x) = a4*x**2 + b4*x + c4
fitted parameters initialized with current variable values

   6 5.6008346553e-03  -1.78e-01  1.59e-05   -4.425752e-01   4.528613e+00  -1.137870e+01

After 6 iterations the fit converged.
final sum of squares of residuals : 0.00560083
rel. change during last iteration : -1.77742e-06

degrees of freedom    (FIT_NDF)                        : 76
rms of residuals      (FIT_STDFIT) = sqrt(WSSR/ndf)    : 0.00858459
variance of residuals (reduced chisquare) = WSSR/ndf   : 7.36952e-05

Final set of parameters            Asymptotic Standard Error
=======================            ==========================
a4              = -0.442575        +/- 0.007478     (1.69%)
b4              = 4.52861          +/- 0.07706      (1.702%)
c4              = -11.3787         +/- 0.1977       (1.737%)

correlation matrix of the fit parameters:
                a4     b4     c4     
a4              1.000 
b4             -0.999  1.000 
c4              0.998 -0.999  1.000 


*******************************************************************************
Mon Mar 02 00:19:06 2026


FIT:    data read from 'data-60fps.csv' using 1:3
        format = x:z
        x range restricted to [5.80000 : 6.80000]
        #datapoints = 61
        residuals are weighted equally (unit weight)

function used for fitting: h5(x)
	h5(x) = a5*x**2 + b5*x + c5
fitted parameters initialized with current variable values

   7 2.7506508070e-03  -5.80e-05  2.34e-06   -4.291988e-01   5.379591e+00  -1.673990e+01

After 7 iterations the fit converged.
final sum of squares of residuals : 0.00275065
rel. change during last iteration : -5.80406e-10

degrees of freedom    (FIT_NDF)                        : 58
rms of residuals      (FIT_STDFIT) = sqrt(WSSR/ndf)    : 0.00688658
variance of residuals (reduced chisquare) = WSSR/ndf   : 4.7425e-05

Final set of parameters            Asymptotic Standard Error
=======================            ==========================
a5              = -0.429199        +/- 0.01145      (2.668%)
b5              = 5.37959          +/- 0.1443       (2.683%)
c5              = -16.7399         +/- 0.454        (2.712%)

correlation matrix of the fit parameters:
                a5     b5     c5     
a5              1.000 
b5             -1.000  1.000 
c5              0.999 -1.000  1.000 
