

*******************************************************************************
Sat Nov 01 21:14:53 2025


FIT:    data read from 'fft.csv' using ($1*1000):( ($2<=0 || $3<=0) ? NaN : 20*log10($3/$2) )
        format = x:z
        x range restricted to [10.0000 : 2000.00]
        #datapoints = 760
        residuals are weighted equally (unit weight)

function used for fitting: g(x)
	g(x) = 20*log10(a/sqrt(1+(x/b)**2))
fitted parameters initialized with current variable values

  19 4.2959698515e+01  -2.10e-02  8.68e-06    1.018105e+00   3.346712e+02

After 19 iterations the fit converged.
final sum of squares of residuals : 42.9597
rel. change during last iteration : -2.09923e-07

degrees of freedom    (FIT_NDF)                        : 758
rms of residuals      (FIT_STDFIT) = sqrt(WSSR/ndf)    : 0.238065
variance of residuals (reduced chisquare) = WSSR/ndf   : 0.0566751

Final set of parameters            Asymptotic Standard Error
=======================            ==========================
a               = 1.0181           +/- 0.003043     (0.2989%)
b               = 334.671          +/- 1.228        (0.3668%)

correlation matrix of the fit parameters:
                a      b      
a               1.000 
b              -0.943  1.000 


*******************************************************************************
Sat Nov 01 21:14:53 2025


FIT:    data read from 'fft.csv' using ($1*1000):7
        format = x:z
        x range restricted to [10.0000 : 2000.00]
        #datapoints = 760
        residuals are weighted equally (unit weight)

function used for fitting: h(x)
	h(x) = -c*atan(x/d)
fitted parameters initialized with current variable values

   7 1.1315673993e+03  -4.57e-02  6.35e-06    5.670031e+01   3.347429e+02

After 7 iterations the fit converged.
final sum of squares of residuals : 1131.57
rel. change during last iteration : -4.56564e-07

degrees of freedom    (FIT_NDF)                        : 758
rms of residuals      (FIT_STDFIT) = sqrt(WSSR/ndf)    : 1.22182
variance of residuals (reduced chisquare) = WSSR/ndf   : 1.49283

Final set of parameters            Asymptotic Standard Error
=======================            ==========================
c               = 56.7003          +/- 0.07403      (0.1306%)
d               = 334.743          +/- 1.568        (0.4683%)

correlation matrix of the fit parameters:
                c      d      
c               1.000 
d               0.856  1.000 
