

*******************************************************************************
Sun Mar 15 16:46:23 2026


FIT:    data read from 'dichte.csv' using 1:2
        format = x:z
        x range restricted to [0.00000 : 10.0000]
        #datapoints = 5
        residuals are weighted equally (unit weight)

function used for fitting: f(x)
	f(x) = a*x + b
fitted parameters initialized with current variable values

   4 1.1000000000e+00  -5.54e-02  3.08e-04    7.900000e+00   6.800000e+00

After 4 iterations the fit converged.
final sum of squares of residuals : 1.1
rel. change during last iteration : -5.5411e-07

degrees of freedom    (FIT_NDF)                        : 3
rms of residuals      (FIT_STDFIT) = sqrt(WSSR/ndf)    : 0.60553
variance of residuals (reduced chisquare) = WSSR/ndf   : 0.366667

Final set of parameters            Asymptotic Standard Error
=======================            ==========================
a               = 7.9              +/- 0.1915       (2.424%)
b               = 6.8              +/- 0.8124       (11.95%)

correlation matrix of the fit parameters:
                a      b      
a               1.000 
b              -0.943  1.000 


*******************************************************************************
Sun Mar 15 16:46:47 2026


FIT:    data read from 'dichte.csv' using 1:2
        format = x:z
        x range restricted to [0.00000 : 10.0000]
        #datapoints = 5
        residuals are weighted equally (unit weight)

function used for fitting: f(x)
	f(x) = a*x + b
fitted parameters initialized with current variable values

   4 1.1000000000e+00  -5.54e-02  3.08e-04    7.900000e+00   6.800000e+00

After 4 iterations the fit converged.
final sum of squares of residuals : 1.1
rel. change during last iteration : -5.5411e-07

degrees of freedom    (FIT_NDF)                        : 3
rms of residuals      (FIT_STDFIT) = sqrt(WSSR/ndf)    : 0.60553
variance of residuals (reduced chisquare) = WSSR/ndf   : 0.366667

Final set of parameters            Asymptotic Standard Error
=======================            ==========================
a               = 7.9              +/- 0.1915       (2.424%)
b               = 6.8              +/- 0.8124       (11.95%)

correlation matrix of the fit parameters:
                a      b      
a               1.000 
b              -0.943  1.000 


*******************************************************************************
Sun Mar 15 16:46:57 2026


FIT:    data read from 'dichte.csv' using 1:2
        format = x:z
        x range restricted to [0.00000 : 10.0000]
        #datapoints = 5
        residuals are weighted equally (unit weight)

function used for fitting: f(x)
	f(x) = a*x + b
fitted parameters initialized with current variable values

   4 1.1000000000e+00  -5.54e-02  3.08e-04    7.900000e+00   6.800000e+00

After 4 iterations the fit converged.
final sum of squares of residuals : 1.1
rel. change during last iteration : -5.5411e-07

degrees of freedom    (FIT_NDF)                        : 3
rms of residuals      (FIT_STDFIT) = sqrt(WSSR/ndf)    : 0.60553
variance of residuals (reduced chisquare) = WSSR/ndf   : 0.366667

Final set of parameters            Asymptotic Standard Error
=======================            ==========================
a               = 7.9              +/- 0.1915       (2.424%)
b               = 6.8              +/- 0.8124       (11.95%)

correlation matrix of the fit parameters:
                a      b      
a               1.000 
b              -0.943  1.000 


*******************************************************************************
Sun Mar 15 16:47:07 2026


FIT:    data read from 'dichte.csv' using 1:2
        format = x:z
        x range restricted to [0.00000 : 10.0000]
        #datapoints = 5
        residuals are weighted equally (unit weight)

function used for fitting: f(x)
	f(x) = a*x + b
fitted parameters initialized with current variable values

   4 1.1000000000e+00  -5.54e-02  3.08e-04    7.900000e+00   6.800000e+00

After 4 iterations the fit converged.
final sum of squares of residuals : 1.1
rel. change during last iteration : -5.5411e-07

degrees of freedom    (FIT_NDF)                        : 3
rms of residuals      (FIT_STDFIT) = sqrt(WSSR/ndf)    : 0.60553
variance of residuals (reduced chisquare) = WSSR/ndf   : 0.366667

Final set of parameters            Asymptotic Standard Error
=======================            ==========================
a               = 7.9              +/- 0.1915       (2.424%)
b               = 6.8              +/- 0.8124       (11.95%)

correlation matrix of the fit parameters:
                a      b      
a               1.000 
b              -0.943  1.000 


*******************************************************************************
Sun Mar 15 16:47:20 2026


FIT:    data read from 'dichte.csv' using 1:2
        format = x:z
        x range restricted to [0.00000 : 10.0000]
        #datapoints = 5
        residuals are weighted equally (unit weight)

function used for fitting: f(x)
	f(x) = a*x + b
fitted parameters initialized with current variable values

   4 1.1000000000e+00  -5.54e-02  3.08e-04    7.900000e+00   6.800000e+00

After 4 iterations the fit converged.
final sum of squares of residuals : 1.1
rel. change during last iteration : -5.5411e-07

degrees of freedom    (FIT_NDF)                        : 3
rms of residuals      (FIT_STDFIT) = sqrt(WSSR/ndf)    : 0.60553
variance of residuals (reduced chisquare) = WSSR/ndf   : 0.366667

Final set of parameters            Asymptotic Standard Error
=======================            ==========================
a               = 7.9              +/- 0.1915       (2.424%)
b               = 6.8              +/- 0.8124       (11.95%)

correlation matrix of the fit parameters:
                a      b      
a               1.000 
b              -0.943  1.000 


*******************************************************************************
Sun Mar 15 16:47:46 2026


FIT:    data read from 'dichte.csv' using 1:2
        format = x:z
        x range restricted to [0.00000 : 10.0000]
        #datapoints = 5
        residuals are weighted equally (unit weight)

function used for fitting: f(x)
	f(x) = a*x + b
fitted parameters initialized with current variable values

   4 1.1000000000e+00  -5.54e-02  3.08e-04    7.900000e+00   6.800000e+00

After 4 iterations the fit converged.
final sum of squares of residuals : 1.1
rel. change during last iteration : -5.5411e-07

degrees of freedom    (FIT_NDF)                        : 3
rms of residuals      (FIT_STDFIT) = sqrt(WSSR/ndf)    : 0.60553
variance of residuals (reduced chisquare) = WSSR/ndf   : 0.366667

Final set of parameters            Asymptotic Standard Error
=======================            ==========================
a               = 7.9              +/- 0.1915       (2.424%)
b               = 6.8              +/- 0.8124       (11.95%)

correlation matrix of the fit parameters:
                a      b      
a               1.000 
b              -0.943  1.000 


*******************************************************************************
Sun Mar 15 16:48:02 2026


FIT:    data read from 'dichte.csv' using 1:2
        format = x:z
        x range restricted to [0.00000 : 10.0000]
        #datapoints = 5
        residuals are weighted equally (unit weight)

function used for fitting: f(x)
	f(x) = a*x + b
fitted parameters initialized with current variable values

   4 1.1000000000e+00  -5.54e-02  3.08e-04    7.900000e+00   6.800000e+00

After 4 iterations the fit converged.
final sum of squares of residuals : 1.1
rel. change during last iteration : -5.5411e-07

degrees of freedom    (FIT_NDF)                        : 3
rms of residuals      (FIT_STDFIT) = sqrt(WSSR/ndf)    : 0.60553
variance of residuals (reduced chisquare) = WSSR/ndf   : 0.366667

Final set of parameters            Asymptotic Standard Error
=======================            ==========================
a               = 7.9              +/- 0.1915       (2.424%)
b               = 6.8              +/- 0.8124       (11.95%)

correlation matrix of the fit parameters:
                a      b      
a               1.000 
b              -0.943  1.000 


*******************************************************************************
Sun Mar 15 16:48:17 2026


FIT:    data read from 'dichte.csv' using 1:2
        format = x:z
        x range restricted to [0.00000 : 10.0000]
        #datapoints = 5
        residuals are weighted equally (unit weight)

function used for fitting: f(x)
	f(x) = a*x + b
fitted parameters initialized with current variable values

   4 1.1000000000e+00  -5.54e-02  3.08e-04    7.900000e+00   6.800000e+00

After 4 iterations the fit converged.
final sum of squares of residuals : 1.1
rel. change during last iteration : -5.5411e-07

degrees of freedom    (FIT_NDF)                        : 3
rms of residuals      (FIT_STDFIT) = sqrt(WSSR/ndf)    : 0.60553
variance of residuals (reduced chisquare) = WSSR/ndf   : 0.366667

Final set of parameters            Asymptotic Standard Error
=======================            ==========================
a               = 7.9              +/- 0.1915       (2.424%)
b               = 6.8              +/- 0.8124       (11.95%)

correlation matrix of the fit parameters:
                a      b      
a               1.000 
b              -0.943  1.000 


*******************************************************************************
Sun Mar 15 16:48:22 2026


FIT:    data read from 'dichte.csv' using 1:2
        format = x:z
        x range restricted to [0.00000 : 10.0000]
        #datapoints = 5
        residuals are weighted equally (unit weight)

function used for fitting: f(x)
	f(x) = a*x + b
fitted parameters initialized with current variable values

   4 1.1000000000e+00  -5.54e-02  3.08e-04    7.900000e+00   6.800000e+00

After 4 iterations the fit converged.
final sum of squares of residuals : 1.1
rel. change during last iteration : -5.5411e-07

degrees of freedom    (FIT_NDF)                        : 3
rms of residuals      (FIT_STDFIT) = sqrt(WSSR/ndf)    : 0.60553
variance of residuals (reduced chisquare) = WSSR/ndf   : 0.366667

Final set of parameters            Asymptotic Standard Error
=======================            ==========================
a               = 7.9              +/- 0.1915       (2.424%)
b               = 6.8              +/- 0.8124       (11.95%)

correlation matrix of the fit parameters:
                a      b      
a               1.000 
b              -0.943  1.000 


*******************************************************************************
Sun Mar 15 16:48:30 2026


FIT:    data read from 'dichte.csv' using 1:2
        format = x:z
        x range restricted to [0.00000 : 10.0000]
        #datapoints = 5
        residuals are weighted equally (unit weight)

function used for fitting: f(x)
	f(x) = a*x + b
fitted parameters initialized with current variable values

   4 1.1000000000e+00  -5.54e-02  3.08e-04    7.900000e+00   6.800000e+00

After 4 iterations the fit converged.
final sum of squares of residuals : 1.1
rel. change during last iteration : -5.5411e-07

degrees of freedom    (FIT_NDF)                        : 3
rms of residuals      (FIT_STDFIT) = sqrt(WSSR/ndf)    : 0.60553
variance of residuals (reduced chisquare) = WSSR/ndf   : 0.366667

Final set of parameters            Asymptotic Standard Error
=======================            ==========================
a               = 7.9              +/- 0.1915       (2.424%)
b               = 6.8              +/- 0.8124       (11.95%)

correlation matrix of the fit parameters:
                a      b      
a               1.000 
b              -0.943  1.000 


*******************************************************************************
Sun Mar 15 16:48:39 2026


FIT:    data read from 'dichte.csv' using 1:2
        format = x:z
        x range restricted to [0.00000 : 10.0000]
        #datapoints = 5
        residuals are weighted equally (unit weight)

function used for fitting: f(x)
	f(x) = a*x + b
fitted parameters initialized with current variable values

   4 1.1000000000e+00  -5.54e-02  3.08e-04    7.900000e+00   6.800000e+00

After 4 iterations the fit converged.
final sum of squares of residuals : 1.1
rel. change during last iteration : -5.5411e-07

degrees of freedom    (FIT_NDF)                        : 3
rms of residuals      (FIT_STDFIT) = sqrt(WSSR/ndf)    : 0.60553
variance of residuals (reduced chisquare) = WSSR/ndf   : 0.366667

Final set of parameters            Asymptotic Standard Error
=======================            ==========================
a               = 7.9              +/- 0.1915       (2.424%)
b               = 6.8              +/- 0.8124       (11.95%)

correlation matrix of the fit parameters:
                a      b      
a               1.000 
b              -0.943  1.000 


*******************************************************************************
Sun Mar 15 16:48:45 2026


FIT:    data read from 'dichte.csv' using 1:2
        format = x:z
        x range restricted to [0.00000 : 10.0000]
        #datapoints = 5
        residuals are weighted equally (unit weight)

function used for fitting: f(x)
	f(x) = a*x + b
fitted parameters initialized with current variable values

   4 1.1000000000e+00  -5.54e-02  3.08e-04    7.900000e+00   6.800000e+00

After 4 iterations the fit converged.
final sum of squares of residuals : 1.1
rel. change during last iteration : -5.5411e-07

degrees of freedom    (FIT_NDF)                        : 3
rms of residuals      (FIT_STDFIT) = sqrt(WSSR/ndf)    : 0.60553
variance of residuals (reduced chisquare) = WSSR/ndf   : 0.366667

Final set of parameters            Asymptotic Standard Error
=======================            ==========================
a               = 7.9              +/- 0.1915       (2.424%)
b               = 6.8              +/- 0.8124       (11.95%)

correlation matrix of the fit parameters:
                a      b      
a               1.000 
b              -0.943  1.000 


*******************************************************************************
Sun Mar 15 16:49:35 2026


FIT:    data read from 'dichte.csv' using 1:2
        format = x:z
        x range restricted to [0.00000 : 8.00000]
        #datapoints = 5
        residuals are weighted equally (unit weight)

function used for fitting: f(x)
	f(x) = a*x + b
fitted parameters initialized with current variable values

   4 1.1000000000e+00  -5.54e-02  3.08e-04    7.900000e+00   6.800000e+00

After 4 iterations the fit converged.
final sum of squares of residuals : 1.1
rel. change during last iteration : -5.5411e-07

degrees of freedom    (FIT_NDF)                        : 3
rms of residuals      (FIT_STDFIT) = sqrt(WSSR/ndf)    : 0.60553
variance of residuals (reduced chisquare) = WSSR/ndf   : 0.366667

Final set of parameters            Asymptotic Standard Error
=======================            ==========================
a               = 7.9              +/- 0.1915       (2.424%)
b               = 6.8              +/- 0.8124       (11.95%)

correlation matrix of the fit parameters:
                a      b      
a               1.000 
b              -0.943  1.000 


*******************************************************************************
Sun Mar 15 16:53:34 2026


FIT:    data read from 'dichte.csv' using 1:2
        format = x:z
        x range restricted to [0.00000 : 8.00000]
        #datapoints = 5
        residuals are weighted equally (unit weight)

function used for fitting: f(x)
	f(x) = a*x + b
fitted parameters initialized with current variable values

   4 1.1000000000e+00  -5.54e-02  3.08e-04    7.900000e+00   6.800000e+00

After 4 iterations the fit converged.
final sum of squares of residuals : 1.1
rel. change during last iteration : -5.5411e-07

degrees of freedom    (FIT_NDF)                        : 3
rms of residuals      (FIT_STDFIT) = sqrt(WSSR/ndf)    : 0.60553
variance of residuals (reduced chisquare) = WSSR/ndf   : 0.366667

Final set of parameters            Asymptotic Standard Error
=======================            ==========================
a               = 7.9              +/- 0.1915       (2.424%)
b               = 6.8              +/- 0.8124       (11.95%)

correlation matrix of the fit parameters:
                a      b      
a               1.000 
b              -0.943  1.000 


*******************************************************************************
Sun Mar 15 16:54:53 2026


FIT:    data read from 'dichte.csv' using 1:2
        format = x:z
        x range restricted to [0.00000 : 8.00000]
        #datapoints = 5
        residuals are weighted equally (unit weight)

function used for fitting: f(x)
	f(x) = a*x + b
fitted parameters initialized with current variable values

   4 4.0300000000e+01  -5.50e-04  3.08e-04    8.300000e+00   5.200000e+00

After 4 iterations the fit converged.
final sum of squares of residuals : 40.3
rel. change during last iteration : -5.50308e-09

degrees of freedom    (FIT_NDF)                        : 3
rms of residuals      (FIT_STDFIT) = sqrt(WSSR/ndf)    : 3.66515
variance of residuals (reduced chisquare) = WSSR/ndf   : 13.4333

Final set of parameters            Asymptotic Standard Error
=======================            ==========================
a               = 8.3              +/- 1.159        (13.96%)
b               = 5.2              +/- 4.917        (94.56%)

correlation matrix of the fit parameters:
                a      b      
a               1.000 
b              -0.943  1.000 


*******************************************************************************
Sun Mar 15 16:55:20 2026


FIT:    data read from 'dichte.csv' using 1:2
        format = x:z
        x range restricted to [0.00000 : 8.00000]
        #datapoints = 5
        residuals are weighted equally (unit weight)

function used for fitting: f(x)
	f(x) = a*x + b
fitted parameters initialized with current variable values

   4 3.2700000000e+01  -1.06e-03  3.08e-04    8.100000e+00   5.800000e+00

After 4 iterations the fit converged.
final sum of squares of residuals : 32.7
rel. change during last iteration : -1.06146e-08

degrees of freedom    (FIT_NDF)                        : 3
rms of residuals      (FIT_STDFIT) = sqrt(WSSR/ndf)    : 3.30151
variance of residuals (reduced chisquare) = WSSR/ndf   : 10.9

Final set of parameters            Asymptotic Standard Error
=======================            ==========================
a               = 8.1              +/- 1.044        (12.89%)
b               = 5.8              +/- 4.429        (76.37%)

correlation matrix of the fit parameters:
                a      b      
a               1.000 
b              -0.943  1.000 


*******************************************************************************
Sun Mar 15 16:55:35 2026


FIT:    data read from 'dichte.csv' using 1:2
        format = x:z
        x range restricted to [0.00000 : 8.00000]
        #datapoints = 5
        residuals are weighted equally (unit weight)

function used for fitting: f(x)
	f(x) = a*x + b
fitted parameters initialized with current variable values

   4 7.0000000000e-01  -4.48e-01  3.08e-04    6.100000e+00   1.180000e+01

After 4 iterations the fit converged.
final sum of squares of residuals : 0.7
rel. change during last iteration : -4.48242e-06

degrees of freedom    (FIT_NDF)                        : 3
rms of residuals      (FIT_STDFIT) = sqrt(WSSR/ndf)    : 0.483046
variance of residuals (reduced chisquare) = WSSR/ndf   : 0.233333

Final set of parameters            Asymptotic Standard Error
=======================            ==========================
a               = 6.1              +/- 0.1528       (2.504%)
b               = 11.8             +/- 0.6481       (5.492%)

correlation matrix of the fit parameters:
                a      b      
a               1.000 
b              -0.943  1.000 


*******************************************************************************
Sun Mar 15 16:55:50 2026


FIT:    data read from 'dichte.csv' using 1:2
        format = x:z
        x range restricted to [0.00000 : 8.00000]
        #datapoints = 5
        residuals are weighted equally (unit weight)

function used for fitting: f(x)
	f(x) = a*x + b
fitted parameters initialized with current variable values

   4 1.1000000000e+00  -2.27e-01  3.08e-04    6.300000e+00   1.080000e+01

After 4 iterations the fit converged.
final sum of squares of residuals : 1.1
rel. change during last iteration : -2.26884e-06

degrees of freedom    (FIT_NDF)                        : 3
rms of residuals      (FIT_STDFIT) = sqrt(WSSR/ndf)    : 0.60553
variance of residuals (reduced chisquare) = WSSR/ndf   : 0.366667

Final set of parameters            Asymptotic Standard Error
=======================            ==========================
a               = 6.3              +/- 0.1915       (3.039%)
b               = 10.8             +/- 0.8124       (7.522%)

correlation matrix of the fit parameters:
                a      b      
a               1.000 
b              -0.943  1.000 


*******************************************************************************
Sun Mar 15 16:56:21 2026


FIT:    data read from 'dichte.csv' using 1:2
        format = x:z
        x range restricted to [0.00000 : 8.00000]
        #datapoints = 5
        residuals are weighted equally (unit weight)

function used for fitting: f(x)
	f(x) = a*x + b
fitted parameters initialized with current variable values

   4 1.1000000000e+00  -1.28e-01  3.08e-04    6.900000e+00   8.800000e+00

After 4 iterations the fit converged.
final sum of squares of residuals : 1.1
rel. change during last iteration : -1.28401e-06

degrees of freedom    (FIT_NDF)                        : 3
rms of residuals      (FIT_STDFIT) = sqrt(WSSR/ndf)    : 0.60553
variance of residuals (reduced chisquare) = WSSR/ndf   : 0.366667

Final set of parameters            Asymptotic Standard Error
=======================            ==========================
a               = 6.9              +/- 0.1915       (2.775%)
b               = 8.8              +/- 0.8124       (9.232%)

correlation matrix of the fit parameters:
                a      b      
a               1.000 
b              -0.943  1.000 


*******************************************************************************
Sun Mar 15 16:57:20 2026


FIT:    data read from 'dichte.csv' using 1:2
        format = x:z
        x range restricted to [0.00000 : 8.00000]
        #datapoints = 5
        residuals are weighted equally (unit weight)

function used for fitting: f(x)
	f(x) = a*x + b
fitted parameters initialized with current variable values

   4 1.1000000000e+00  -1.28e-01  3.08e-04    6.900000e+00   8.800000e+00

After 4 iterations the fit converged.
final sum of squares of residuals : 1.1
rel. change during last iteration : -1.28401e-06

degrees of freedom    (FIT_NDF)                        : 3
rms of residuals      (FIT_STDFIT) = sqrt(WSSR/ndf)    : 0.60553
variance of residuals (reduced chisquare) = WSSR/ndf   : 0.366667

Final set of parameters            Asymptotic Standard Error
=======================            ==========================
a               = 6.9              +/- 0.1915       (2.775%)
b               = 8.8              +/- 0.8124       (9.232%)

correlation matrix of the fit parameters:
                a      b      
a               1.000 
b              -0.943  1.000 


*******************************************************************************
Sun Mar 15 16:57:37 2026


FIT:    data read from 'dichte.csv' using 1:2
        format = x:z
        x range restricted to [0.00000 : 8.00000]
        #datapoints = 5
        residuals are weighted equally (unit weight)

function used for fitting: f(x)
	f(x) = a*x + b
fitted parameters initialized with current variable values

   4 1.1000000000e+00  -1.28e-01  3.08e-04    6.900000e+00   8.800000e+00

After 4 iterations the fit converged.
final sum of squares of residuals : 1.1
rel. change during last iteration : -1.28401e-06

degrees of freedom    (FIT_NDF)                        : 3
rms of residuals      (FIT_STDFIT) = sqrt(WSSR/ndf)    : 0.60553
variance of residuals (reduced chisquare) = WSSR/ndf   : 0.366667

Final set of parameters            Asymptotic Standard Error
=======================            ==========================
a               = 6.9              +/- 0.1915       (2.775%)
b               = 8.8              +/- 0.8124       (9.232%)

correlation matrix of the fit parameters:
                a      b      
a               1.000 
b              -0.943  1.000 


*******************************************************************************
Sun Mar 15 16:57:50 2026


FIT:    data read from 'dichte.csv' using 1:2
        format = x:z
        x range restricted to [0.00000 : 8.00000]
        #datapoints = 5
        residuals are weighted equally (unit weight)

function used for fitting: f(x)
	f(x) = a*x + b
fitted parameters initialized with current variable values

   4 1.1000000000e+00  -1.28e-01  3.08e-04    6.900000e+00   8.800000e+00

After 4 iterations the fit converged.
final sum of squares of residuals : 1.1
rel. change during last iteration : -1.28401e-06

degrees of freedom    (FIT_NDF)                        : 3
rms of residuals      (FIT_STDFIT) = sqrt(WSSR/ndf)    : 0.60553
variance of residuals (reduced chisquare) = WSSR/ndf   : 0.366667

Final set of parameters            Asymptotic Standard Error
=======================            ==========================
a               = 6.9              +/- 0.1915       (2.775%)
b               = 8.8              +/- 0.8124       (9.232%)

correlation matrix of the fit parameters:
                a      b      
a               1.000 
b              -0.943  1.000 


*******************************************************************************
Sun Mar 15 16:58:27 2026


FIT:    data read from 'dichte.csv' using 1:2
        format = x:z
        x range restricted to [0.00000 : 8.00000]
        #datapoints = 5
        residuals are weighted equally (unit weight)

function used for fitting: f(x)
	f(x) = a*x + b
fitted parameters initialized with current variable values

   4 1.1000000000e+00  -1.28e-01  3.08e-04    6.900000e+00   8.800000e+00

After 4 iterations the fit converged.
final sum of squares of residuals : 1.1
rel. change during last iteration : -1.28401e-06

degrees of freedom    (FIT_NDF)                        : 3
rms of residuals      (FIT_STDFIT) = sqrt(WSSR/ndf)    : 0.60553
variance of residuals (reduced chisquare) = WSSR/ndf   : 0.366667

Final set of parameters            Asymptotic Standard Error
=======================            ==========================
a               = 6.9              +/- 0.1915       (2.775%)
b               = 8.8              +/- 0.8124       (9.232%)

correlation matrix of the fit parameters:
                a      b      
a               1.000 
b              -0.943  1.000 


*******************************************************************************
Sun Mar 15 16:58:38 2026


FIT:    data read from 'dichte.csv' using 1:2
        format = x:z
        x range restricted to [0.00000 : 8.00000]
        #datapoints = 5
        residuals are weighted equally (unit weight)

function used for fitting: f(x)
	f(x) = a*x + b
fitted parameters initialized with current variable values

   4 1.1000000000e+00  -1.28e-01  3.08e-04    6.900000e+00   8.800000e+00

After 4 iterations the fit converged.
final sum of squares of residuals : 1.1
rel. change during last iteration : -1.28401e-06

degrees of freedom    (FIT_NDF)                        : 3
rms of residuals      (FIT_STDFIT) = sqrt(WSSR/ndf)    : 0.60553
variance of residuals (reduced chisquare) = WSSR/ndf   : 0.366667

Final set of parameters            Asymptotic Standard Error
=======================            ==========================
a               = 6.9              +/- 0.1915       (2.775%)
b               = 8.8              +/- 0.8124       (9.232%)

correlation matrix of the fit parameters:
                a      b      
a               1.000 
b              -0.943  1.000 


*******************************************************************************
Sun Mar 15 18:20:39 2026


FIT:    data read from 'dichte.csv' using 1:2
        format = x:z
        x range restricted to [0.00000 : 8.00000]
        #datapoints = 5
        residuals are weighted equally (unit weight)

function used for fitting: f(x)
	f(x) = a*x + b
fitted parameters initialized with current variable values

   4 1.1000000000e+00  -1.28e-01  3.08e-04    6.900000e+00   8.800000e+00

After 4 iterations the fit converged.
final sum of squares of residuals : 1.1
rel. change during last iteration : -1.28401e-06

degrees of freedom    (FIT_NDF)                        : 3
rms of residuals      (FIT_STDFIT) = sqrt(WSSR/ndf)    : 0.60553
variance of residuals (reduced chisquare) = WSSR/ndf   : 0.366667

Final set of parameters            Asymptotic Standard Error
=======================            ==========================
a               = 6.9              +/- 0.1915       (2.775%)
b               = 8.8              +/- 0.8124       (9.232%)

correlation matrix of the fit parameters:
                a      b      
a               1.000 
b              -0.943  1.000 


*******************************************************************************
Mon Mar 16 15:15:45 2026


FIT:    data read from 'dichte.csv' using 1:2
        format = x:z
        x range restricted to [0.00000 : 8.00000]
        #datapoints = 5
        residuals are weighted equally (unit weight)

function used for fitting: f(x)
	f(x) = a*x + b
fitted parameters initialized with current variable values

   4 1.1000000000e+00  -1.28e-01  3.08e-04    6.900000e+00   8.800000e+00

After 4 iterations the fit converged.
final sum of squares of residuals : 1.1
rel. change during last iteration : -1.28401e-06

degrees of freedom    (FIT_NDF)                        : 3
rms of residuals      (FIT_STDFIT) = sqrt(WSSR/ndf)    : 0.60553
variance of residuals (reduced chisquare) = WSSR/ndf   : 0.366667

Final set of parameters            Asymptotic Standard Error
=======================            ==========================
a               = 6.9              +/- 0.1915       (2.775%)
b               = 8.8              +/- 0.8124       (9.232%)

correlation matrix of the fit parameters:
                a      b      
a               1.000 
b              -0.943  1.000 


*******************************************************************************
Mon Mar 16 15:16:57 2026


FIT:    data read from 'dichte.csv' using 1:2
        format = x:z
        x range restricted to [0.00000 : 8.00000]
        #datapoints = 5
        residuals are weighted equally (unit weight)

function used for fitting: f(x)
	f(x) = a*x + b
fitted parameters initialized with current variable values

   4 1.1000000000e+00  -1.28e-01  3.08e-04    6.900000e+00   8.800000e+00

After 4 iterations the fit converged.
final sum of squares of residuals : 1.1
rel. change during last iteration : -1.28401e-06

degrees of freedom    (FIT_NDF)                        : 3
rms of residuals      (FIT_STDFIT) = sqrt(WSSR/ndf)    : 0.60553
variance of residuals (reduced chisquare) = WSSR/ndf   : 0.366667

Final set of parameters            Asymptotic Standard Error
=======================            ==========================
a               = 6.9              +/- 0.1915       (2.775%)
b               = 8.8              +/- 0.8124       (9.232%)

correlation matrix of the fit parameters:
                a      b      
a               1.000 
b              -0.943  1.000 


*******************************************************************************
Mon Mar 16 15:17:08 2026


FIT:    data read from 'dichte.csv' using 1:2
        format = x:z
        x range restricted to [0.00000 : 8.00000]
        #datapoints = 5
        residuals are weighted equally (unit weight)

function used for fitting: f(x)
	f(x) = a*x + b
fitted parameters initialized with current variable values

   4 1.1000000000e+00  -1.28e-01  3.08e-04    6.900000e+00   8.800000e+00

After 4 iterations the fit converged.
final sum of squares of residuals : 1.1
rel. change during last iteration : -1.28401e-06

degrees of freedom    (FIT_NDF)                        : 3
rms of residuals      (FIT_STDFIT) = sqrt(WSSR/ndf)    : 0.60553
variance of residuals (reduced chisquare) = WSSR/ndf   : 0.366667

Final set of parameters            Asymptotic Standard Error
=======================            ==========================
a               = 6.9              +/- 0.1915       (2.775%)
b               = 8.8              +/- 0.8124       (9.232%)

correlation matrix of the fit parameters:
                a      b      
a               1.000 
b              -0.943  1.000 


*******************************************************************************
Mon Mar 16 15:17:19 2026


FIT:    data read from 'dichte.csv' using 1:2
        format = x:z
        x range restricted to [0.00000 : 8.00000]
        #datapoints = 5
        residuals are weighted equally (unit weight)

function used for fitting: f(x)
	f(x) = a*x + b
fitted parameters initialized with current variable values

   4 1.1000000000e+00  -1.28e-01  3.08e-04    6.900000e+00   8.800000e+00

After 4 iterations the fit converged.
final sum of squares of residuals : 1.1
rel. change during last iteration : -1.28401e-06

degrees of freedom    (FIT_NDF)                        : 3
rms of residuals      (FIT_STDFIT) = sqrt(WSSR/ndf)    : 0.60553
variance of residuals (reduced chisquare) = WSSR/ndf   : 0.366667

Final set of parameters            Asymptotic Standard Error
=======================            ==========================
a               = 6.9              +/- 0.1915       (2.775%)
b               = 8.8              +/- 0.8124       (9.232%)

correlation matrix of the fit parameters:
                a      b      
a               1.000 
b              -0.943  1.000 


*******************************************************************************
Mon Mar 16 15:17:46 2026


FIT:    data read from 'dichte.csv' using 1:2
        format = x:z
        x range restricted to [0.00000 : 8.00000]
        #datapoints = 5
        residuals are weighted equally (unit weight)

function used for fitting: f(x)
	f(x) = a*x + b
fitted parameters initialized with current variable values

   4 1.1000000000e+00  -1.28e-01  3.08e-04    6.900000e+00   8.800000e+00

After 4 iterations the fit converged.
final sum of squares of residuals : 1.1
rel. change during last iteration : -1.28401e-06

degrees of freedom    (FIT_NDF)                        : 3
rms of residuals      (FIT_STDFIT) = sqrt(WSSR/ndf)    : 0.60553
variance of residuals (reduced chisquare) = WSSR/ndf   : 0.366667

Final set of parameters            Asymptotic Standard Error
=======================            ==========================
a               = 6.9              +/- 0.1915       (2.775%)
b               = 8.8              +/- 0.8124       (9.232%)

correlation matrix of the fit parameters:
                a      b      
a               1.000 
b              -0.943  1.000 


*******************************************************************************
Mon Mar 16 15:17:51 2026


FIT:    data read from 'dichte.csv' using 1:2
        format = x:z
        x range restricted to [0.00000 : 8.00000]
        #datapoints = 5
        residuals are weighted equally (unit weight)

function used for fitting: f(x)
	f(x) = a*x + b
fitted parameters initialized with current variable values

   4 1.1000000000e+00  -1.28e-01  3.08e-04    6.900000e+00   8.800000e+00

After 4 iterations the fit converged.
final sum of squares of residuals : 1.1
rel. change during last iteration : -1.28401e-06

degrees of freedom    (FIT_NDF)                        : 3
rms of residuals      (FIT_STDFIT) = sqrt(WSSR/ndf)    : 0.60553
variance of residuals (reduced chisquare) = WSSR/ndf   : 0.366667

Final set of parameters            Asymptotic Standard Error
=======================            ==========================
a               = 6.9              +/- 0.1915       (2.775%)
b               = 8.8              +/- 0.8124       (9.232%)

correlation matrix of the fit parameters:
                a      b      
a               1.000 
b              -0.943  1.000 


*******************************************************************************
Mon Mar 16 15:18:49 2026


FIT:    data read from 'dichte.csv' using 1:2
        format = x:z
        x range restricted to [0.00000 : 8.00000]
        #datapoints = 5
        residuals are weighted equally (unit weight)

function used for fitting: f(x)
	f(x) = a*x + b
fitted parameters initialized with current variable values

   4 1.1000000000e+00  -1.28e-01  3.08e-04    6.900000e+00   8.800000e+00

After 4 iterations the fit converged.
final sum of squares of residuals : 1.1
rel. change during last iteration : -1.28401e-06

degrees of freedom    (FIT_NDF)                        : 3
rms of residuals      (FIT_STDFIT) = sqrt(WSSR/ndf)    : 0.60553
variance of residuals (reduced chisquare) = WSSR/ndf   : 0.366667

Final set of parameters            Asymptotic Standard Error
=======================            ==========================
a               = 6.9              +/- 0.1915       (2.775%)
b               = 8.8              +/- 0.8124       (9.232%)

correlation matrix of the fit parameters:
                a      b      
a               1.000 
b              -0.943  1.000 


*******************************************************************************
Mon Mar 16 15:19:08 2026


FIT:    data read from 'dichte.csv' using 1:2
        format = x:z
        x range restricted to [0.00000 : 8.00000]
        #datapoints = 5
        residuals are weighted equally (unit weight)

function used for fitting: f(x)
	f(x) = a*x + b
fitted parameters initialized with current variable values

   4 1.1000000000e+00  -1.28e-01  3.08e-04    6.900000e+00   8.800000e+00

After 4 iterations the fit converged.
final sum of squares of residuals : 1.1
rel. change during last iteration : -1.28401e-06

degrees of freedom    (FIT_NDF)                        : 3
rms of residuals      (FIT_STDFIT) = sqrt(WSSR/ndf)    : 0.60553
variance of residuals (reduced chisquare) = WSSR/ndf   : 0.366667

Final set of parameters            Asymptotic Standard Error
=======================            ==========================
a               = 6.9              +/- 0.1915       (2.775%)
b               = 8.8              +/- 0.8124       (9.232%)

correlation matrix of the fit parameters:
                a      b      
a               1.000 
b              -0.943  1.000 


*******************************************************************************
Mon Mar 16 15:19:32 2026


FIT:    data read from 'dichte.csv' using 1:2
        format = x:z
        x range restricted to [0.00000 : 8.00000]
        #datapoints = 5
        residuals are weighted equally (unit weight)

function used for fitting: f(x)
	f(x) = a*x + b
fitted parameters initialized with current variable values

   4 1.1000000000e+00  -1.28e-01  3.08e-04    6.900000e+00   8.800000e+00

After 4 iterations the fit converged.
final sum of squares of residuals : 1.1
rel. change during last iteration : -1.28401e-06

degrees of freedom    (FIT_NDF)                        : 3
rms of residuals      (FIT_STDFIT) = sqrt(WSSR/ndf)    : 0.60553
variance of residuals (reduced chisquare) = WSSR/ndf   : 0.366667

Final set of parameters            Asymptotic Standard Error
=======================            ==========================
a               = 6.9              +/- 0.1915       (2.775%)
b               = 8.8              +/- 0.8124       (9.232%)

correlation matrix of the fit parameters:
                a      b      
a               1.000 
b              -0.943  1.000 


*******************************************************************************
Mon Mar 16 15:19:43 2026


FIT:    data read from 'dichte.csv' using 1:2
        format = x:z
        x range restricted to [0.00000 : 8.00000]
        #datapoints = 5
        residuals are weighted equally (unit weight)

function used for fitting: f(x)
	f(x) = a*x + b
fitted parameters initialized with current variable values

   4 1.1000000000e+00  -1.28e-01  3.08e-04    6.900000e+00   8.800000e+00

After 4 iterations the fit converged.
final sum of squares of residuals : 1.1
rel. change during last iteration : -1.28401e-06

degrees of freedom    (FIT_NDF)                        : 3
rms of residuals      (FIT_STDFIT) = sqrt(WSSR/ndf)    : 0.60553
variance of residuals (reduced chisquare) = WSSR/ndf   : 0.366667

Final set of parameters            Asymptotic Standard Error
=======================            ==========================
a               = 6.9              +/- 0.1915       (2.775%)
b               = 8.8              +/- 0.8124       (9.232%)

correlation matrix of the fit parameters:
                a      b      
a               1.000 
b              -0.943  1.000 


*******************************************************************************
Mon Mar 16 15:20:00 2026


FIT:    data read from 'dichte.csv' using 1:2
        format = x:z
        x range restricted to [0.00000 : 8.00000]
        #datapoints = 5
        residuals are weighted equally (unit weight)

function used for fitting: f(x)
	f(x) = a*x + b
fitted parameters initialized with current variable values

   4 1.1000000000e+00  -1.28e-01  3.08e-04    6.900000e+00   8.800000e+00

After 4 iterations the fit converged.
final sum of squares of residuals : 1.1
rel. change during last iteration : -1.28401e-06

degrees of freedom    (FIT_NDF)                        : 3
rms of residuals      (FIT_STDFIT) = sqrt(WSSR/ndf)    : 0.60553
variance of residuals (reduced chisquare) = WSSR/ndf   : 0.366667

Final set of parameters            Asymptotic Standard Error
=======================            ==========================
a               = 6.9              +/- 0.1915       (2.775%)
b               = 8.8              +/- 0.8124       (9.232%)

correlation matrix of the fit parameters:
                a      b      
a               1.000 
b              -0.943  1.000 


*******************************************************************************
Mon Mar 16 15:20:07 2026


FIT:    data read from 'dichte.csv' using 1:2
        format = x:z
        x range restricted to [0.00000 : 8.00000]
        #datapoints = 5
        residuals are weighted equally (unit weight)

function used for fitting: f(x)
	f(x) = a*x + b
fitted parameters initialized with current variable values

   4 1.1000000000e+00  -1.28e-01  3.08e-04    6.900000e+00   8.800000e+00

After 4 iterations the fit converged.
final sum of squares of residuals : 1.1
rel. change during last iteration : -1.28401e-06

degrees of freedom    (FIT_NDF)                        : 3
rms of residuals      (FIT_STDFIT) = sqrt(WSSR/ndf)    : 0.60553
variance of residuals (reduced chisquare) = WSSR/ndf   : 0.366667

Final set of parameters            Asymptotic Standard Error
=======================            ==========================
a               = 6.9              +/- 0.1915       (2.775%)
b               = 8.8              +/- 0.8124       (9.232%)

correlation matrix of the fit parameters:
                a      b      
a               1.000 
b              -0.943  1.000 


*******************************************************************************
Mon Mar 16 15:20:16 2026


FIT:    data read from 'dichte.csv' using 1:2
        format = x:z
        x range restricted to [0.00000 : 8.00000]
        #datapoints = 5
        residuals are weighted equally (unit weight)

function used for fitting: f(x)
	f(x) = a*x + b
fitted parameters initialized with current variable values

   4 1.1000000000e+00  -1.28e-01  3.08e-04    6.900000e+00   8.800000e+00

After 4 iterations the fit converged.
final sum of squares of residuals : 1.1
rel. change during last iteration : -1.28401e-06

degrees of freedom    (FIT_NDF)                        : 3
rms of residuals      (FIT_STDFIT) = sqrt(WSSR/ndf)    : 0.60553
variance of residuals (reduced chisquare) = WSSR/ndf   : 0.366667

Final set of parameters            Asymptotic Standard Error
=======================            ==========================
a               = 6.9              +/- 0.1915       (2.775%)
b               = 8.8              +/- 0.8124       (9.232%)

correlation matrix of the fit parameters:
                a      b      
a               1.000 
b              -0.943  1.000 


*******************************************************************************
Mon Mar 16 15:20:34 2026


FIT:    data read from 'dichte.csv' using 1:2
        format = x:z
        x range restricted to [0.00000 : 8.00000]
        #datapoints = 5
        residuals are weighted equally (unit weight)

function used for fitting: f(x)
	f(x) = a*x + b
fitted parameters initialized with current variable values

   4 1.1000000000e+00  -1.28e-01  3.08e-04    6.900000e+00   8.800000e+00

After 4 iterations the fit converged.
final sum of squares of residuals : 1.1
rel. change during last iteration : -1.28401e-06

degrees of freedom    (FIT_NDF)                        : 3
rms of residuals      (FIT_STDFIT) = sqrt(WSSR/ndf)    : 0.60553
variance of residuals (reduced chisquare) = WSSR/ndf   : 0.366667

Final set of parameters            Asymptotic Standard Error
=======================            ==========================
a               = 6.9              +/- 0.1915       (2.775%)
b               = 8.8              +/- 0.8124       (9.232%)

correlation matrix of the fit parameters:
                a      b      
a               1.000 
b              -0.943  1.000 


*******************************************************************************
Mon Mar 16 15:21:26 2026


FIT:    data read from 'dichte.csv' using 1:2
        format = x:z
        x range restricted to [0.00000 : 8.00000]
        #datapoints = 5
        residuals are weighted equally (unit weight)

function used for fitting: f(x)
	f(x) = a*x + b
fitted parameters initialized with current variable values

   4 1.1000000000e+00  -1.28e-01  3.08e-04    6.900000e+00   8.800000e+00

After 4 iterations the fit converged.
final sum of squares of residuals : 1.1
rel. change during last iteration : -1.28401e-06

degrees of freedom    (FIT_NDF)                        : 3
rms of residuals      (FIT_STDFIT) = sqrt(WSSR/ndf)    : 0.60553
variance of residuals (reduced chisquare) = WSSR/ndf   : 0.366667

Final set of parameters            Asymptotic Standard Error
=======================            ==========================
a               = 6.9              +/- 0.1915       (2.775%)
b               = 8.8              +/- 0.8124       (9.232%)

correlation matrix of the fit parameters:
                a      b      
a               1.000 
b              -0.943  1.000 


*******************************************************************************
Tue Mar 17 06:50:41 2026


FIT:    data read from 'dichte.csv' using 1:2
        format = x:z
        x range restricted to [0.00000 : 8.00000]
        #datapoints = 5
        residuals are weighted equally (unit weight)

function used for fitting: f(x)
	f(x) = a*x + b
fitted parameters initialized with current variable values

   4 1.1000000000e+00  -1.28e-01  3.08e-04    6.900000e+00   8.800000e+00

After 4 iterations the fit converged.
final sum of squares of residuals : 1.1
rel. change during last iteration : -1.28401e-06

degrees of freedom    (FIT_NDF)                        : 3
rms of residuals      (FIT_STDFIT) = sqrt(WSSR/ndf)    : 0.60553
variance of residuals (reduced chisquare) = WSSR/ndf   : 0.366667

Final set of parameters            Asymptotic Standard Error
=======================            ==========================
a               = 6.9              +/- 0.1915       (2.775%)
b               = 8.8              +/- 0.8124       (9.232%)

correlation matrix of the fit parameters:
                a      b      
a               1.000 
b              -0.943  1.000 


*******************************************************************************
Tue Mar 17 06:55:11 2026


FIT:    data read from 'dichte.csv' using 1:2
        format = x:z
        x range restricted to [0.00000 : 8.00000]
        #datapoints = 5
        residuals are weighted equally (unit weight)

function used for fitting: f(x)
	f(x) = a*x + b
fitted parameters initialized with current variable values

   4 1.1000000000e+00  -1.28e-01  3.08e-04    6.900000e+00   8.800000e+00

After 4 iterations the fit converged.
final sum of squares of residuals : 1.1
rel. change during last iteration : -1.28401e-06

degrees of freedom    (FIT_NDF)                        : 3
rms of residuals      (FIT_STDFIT) = sqrt(WSSR/ndf)    : 0.60553
variance of residuals (reduced chisquare) = WSSR/ndf   : 0.366667

Final set of parameters            Asymptotic Standard Error
=======================            ==========================
a               = 6.9              +/- 0.1915       (2.775%)
b               = 8.8              +/- 0.8124       (9.232%)

correlation matrix of the fit parameters:
                a      b      
a               1.000 
b              -0.943  1.000 


*******************************************************************************
Tue Mar 17 06:56:11 2026


FIT:    data read from 'dichte.csv' using 1:2
        format = x:z
        x range restricted to [0.00000 : 8.00000]
        #datapoints = 5
        residuals are weighted equally (unit weight)

function used for fitting: f(x)
	f(x) = a*x + b
fitted parameters initialized with current variable values

   4 1.1000000000e+00  -1.28e-01  3.08e-04    6.900000e+00   8.800000e+00

After 4 iterations the fit converged.
final sum of squares of residuals : 1.1
rel. change during last iteration : -1.28401e-06

degrees of freedom    (FIT_NDF)                        : 3
rms of residuals      (FIT_STDFIT) = sqrt(WSSR/ndf)    : 0.60553
variance of residuals (reduced chisquare) = WSSR/ndf   : 0.366667

Final set of parameters            Asymptotic Standard Error
=======================            ==========================
a               = 6.9              +/- 0.1915       (2.775%)
b               = 8.8              +/- 0.8124       (9.232%)

correlation matrix of the fit parameters:
                a      b      
a               1.000 
b              -0.943  1.000 


*******************************************************************************
Tue Mar 17 09:12:30 2026


FIT:    data read from 'dichte.csv' using 1:2
        format = x:z
        x range restricted to [0.00000 : 8.00000]
        #datapoints = 5
        residuals are weighted equally (unit weight)

function used for fitting: f(x)
	f(x) = a*x + b
fitted parameters initialized with current variable values

   4 1.1000000000e+00  -1.28e-01  3.08e-04    6.900000e+00   8.800000e+00

After 4 iterations the fit converged.
final sum of squares of residuals : 1.1
rel. change during last iteration : -1.28401e-06

degrees of freedom    (FIT_NDF)                        : 3
rms of residuals      (FIT_STDFIT) = sqrt(WSSR/ndf)    : 0.60553
variance of residuals (reduced chisquare) = WSSR/ndf   : 0.366667

Final set of parameters            Asymptotic Standard Error
=======================            ==========================
a               = 6.9              +/- 0.1915       (2.775%)
b               = 8.8              +/- 0.8124       (9.232%)

correlation matrix of the fit parameters:
                a      b      
a               1.000 
b              -0.943  1.000 


*******************************************************************************
Sat Mar 21 15:20:13 2026


FIT:    data read from 'dichte.csv' using 1:2
        format = x:z
        x range restricted to [0.00000 : 8.00000]
        #datapoints = 5
        residuals are weighted equally (unit weight)

function used for fitting: f(x)
	f(x) = a*x + b
fitted parameters initialized with current variable values

   4 1.1000000000e+00  -1.28e-01  3.08e-04    6.900000e+00   8.800000e+00

After 4 iterations the fit converged.
final sum of squares of residuals : 1.1
rel. change during last iteration : -1.28401e-06

degrees of freedom    (FIT_NDF)                        : 3
rms of residuals      (FIT_STDFIT) = sqrt(WSSR/ndf)    : 0.60553
variance of residuals (reduced chisquare) = WSSR/ndf   : 0.366667

Final set of parameters            Asymptotic Standard Error
=======================            ==========================
a               = 6.9              +/- 0.1915       (2.775%)
b               = 8.8              +/- 0.8124       (9.232%)

correlation matrix of the fit parameters:
                a      b      
a               1.000 
b              -0.943  1.000 


*******************************************************************************
Sat Mar 21 15:20:40 2026


FIT:    data read from 'dichte.csv' using 1:2
        format = x:z
        x range restricted to [0.00000 : 8.00000]
        #datapoints = 5
        residuals are weighted equally (unit weight)

function used for fitting: f(x)
	f(x) = a*x + b
fitted parameters initialized with current variable values

   4 1.1000000000e+00  -1.28e-01  3.08e-04    6.900000e+00   8.800000e+00

After 4 iterations the fit converged.
final sum of squares of residuals : 1.1
rel. change during last iteration : -1.28401e-06

degrees of freedom    (FIT_NDF)                        : 3
rms of residuals      (FIT_STDFIT) = sqrt(WSSR/ndf)    : 0.60553
variance of residuals (reduced chisquare) = WSSR/ndf   : 0.366667

Final set of parameters            Asymptotic Standard Error
=======================            ==========================
a               = 6.9              +/- 0.1915       (2.775%)
b               = 8.8              +/- 0.8124       (9.232%)

correlation matrix of the fit parameters:
                a      b      
a               1.000 
b              -0.943  1.000 


*******************************************************************************
Sat Mar 21 15:20:59 2026


FIT:    data read from 'dichte.csv' using 1:2
        format = x:z
        x range restricted to [0.00000 : 8.00000]
        #datapoints = 5
        residuals are weighted equally (unit weight)

function used for fitting: f(x)
	f(x) = a*x + b
fitted parameters initialized with current variable values

   4 1.1000000000e+00  -1.28e-01  3.08e-04    6.900000e+00   8.800000e+00

After 4 iterations the fit converged.
final sum of squares of residuals : 1.1
rel. change during last iteration : -1.28401e-06

degrees of freedom    (FIT_NDF)                        : 3
rms of residuals      (FIT_STDFIT) = sqrt(WSSR/ndf)    : 0.60553
variance of residuals (reduced chisquare) = WSSR/ndf   : 0.366667

Final set of parameters            Asymptotic Standard Error
=======================            ==========================
a               = 6.9              +/- 0.1915       (2.775%)
b               = 8.8              +/- 0.8124       (9.232%)

correlation matrix of the fit parameters:
                a      b      
a               1.000 
b              -0.943  1.000 


*******************************************************************************
Sat Mar 21 15:23:23 2026


FIT:    data read from 'dichte.csv' using 1:2
        format = x:z
        x range restricted to [0.00000 : 8.00000]
        #datapoints = 5
        residuals are weighted equally (unit weight)

function used for fitting: f(x)
	f(x) = a*x + b
fitted parameters initialized with current variable values

   4 1.1000000000e+00  -1.28e-01  3.08e-04    6.900000e+00   8.800000e+00

After 4 iterations the fit converged.
final sum of squares of residuals : 1.1
rel. change during last iteration : -1.28401e-06

degrees of freedom    (FIT_NDF)                        : 3
rms of residuals      (FIT_STDFIT) = sqrt(WSSR/ndf)    : 0.60553
variance of residuals (reduced chisquare) = WSSR/ndf   : 0.366667

Final set of parameters            Asymptotic Standard Error
=======================            ==========================
a               = 6.9              +/- 0.1915       (2.775%)
b               = 8.8              +/- 0.8124       (9.232%)

correlation matrix of the fit parameters:
                a      b      
a               1.000 
b              -0.943  1.000 


*******************************************************************************
Sat Mar 21 15:23:38 2026


FIT:    data read from 'dichte.csv' using 1:2
        format = x:z
        x range restricted to [0.00000 : 8.00000]
        #datapoints = 5
        residuals are weighted equally (unit weight)

function used for fitting: f(x)
	f(x) = a*x + b
fitted parameters initialized with current variable values

   4 1.1000000000e+00  -1.28e-01  3.08e-04    6.900000e+00   8.800000e+00

After 4 iterations the fit converged.
final sum of squares of residuals : 1.1
rel. change during last iteration : -1.28401e-06

degrees of freedom    (FIT_NDF)                        : 3
rms of residuals      (FIT_STDFIT) = sqrt(WSSR/ndf)    : 0.60553
variance of residuals (reduced chisquare) = WSSR/ndf   : 0.366667

Final set of parameters            Asymptotic Standard Error
=======================            ==========================
a               = 6.9              +/- 0.1915       (2.775%)
b               = 8.8              +/- 0.8124       (9.232%)

correlation matrix of the fit parameters:
                a      b      
a               1.000 
b              -0.943  1.000 


*******************************************************************************
Sat Mar 21 15:23:43 2026


FIT:    data read from 'dichte.csv' using 1:2
        format = x:z
        x range restricted to [0.00000 : 8.00000]
        #datapoints = 5
        residuals are weighted equally (unit weight)

function used for fitting: f(x)
	f(x) = a*x + b
fitted parameters initialized with current variable values

   4 1.1000000000e+00  -1.28e-01  3.08e-04    6.900000e+00   8.800000e+00

After 4 iterations the fit converged.
final sum of squares of residuals : 1.1
rel. change during last iteration : -1.28401e-06

degrees of freedom    (FIT_NDF)                        : 3
rms of residuals      (FIT_STDFIT) = sqrt(WSSR/ndf)    : 0.60553
variance of residuals (reduced chisquare) = WSSR/ndf   : 0.366667

Final set of parameters            Asymptotic Standard Error
=======================            ==========================
a               = 6.9              +/- 0.1915       (2.775%)
b               = 8.8              +/- 0.8124       (9.232%)

correlation matrix of the fit parameters:
                a      b      
a               1.000 
b              -0.943  1.000 


*******************************************************************************
Sat Mar 21 15:23:48 2026


FIT:    data read from 'dichte.csv' using 1:2
        format = x:z
        x range restricted to [0.00000 : 8.00000]
        #datapoints = 5
        residuals are weighted equally (unit weight)

function used for fitting: f(x)
	f(x) = a*x + b
fitted parameters initialized with current variable values

   4 1.1000000000e+00  -1.28e-01  3.08e-04    6.900000e+00   8.800000e+00

After 4 iterations the fit converged.
final sum of squares of residuals : 1.1
rel. change during last iteration : -1.28401e-06

degrees of freedom    (FIT_NDF)                        : 3
rms of residuals      (FIT_STDFIT) = sqrt(WSSR/ndf)    : 0.60553
variance of residuals (reduced chisquare) = WSSR/ndf   : 0.366667

Final set of parameters            Asymptotic Standard Error
=======================            ==========================
a               = 6.9              +/- 0.1915       (2.775%)
b               = 8.8              +/- 0.8124       (9.232%)

correlation matrix of the fit parameters:
                a      b      
a               1.000 
b              -0.943  1.000 


*******************************************************************************
Sat Mar 21 15:23:54 2026


FIT:    data read from 'dichte.csv' using 1:2
        format = x:z
        x range restricted to [0.00000 : 8.00000]
        #datapoints = 5
        residuals are weighted equally (unit weight)

function used for fitting: f(x)
	f(x) = a*x + b
fitted parameters initialized with current variable values

   4 1.1000000000e+00  -1.28e-01  3.08e-04    6.900000e+00   8.800000e+00

After 4 iterations the fit converged.
final sum of squares of residuals : 1.1
rel. change during last iteration : -1.28401e-06

degrees of freedom    (FIT_NDF)                        : 3
rms of residuals      (FIT_STDFIT) = sqrt(WSSR/ndf)    : 0.60553
variance of residuals (reduced chisquare) = WSSR/ndf   : 0.366667

Final set of parameters            Asymptotic Standard Error
=======================            ==========================
a               = 6.9              +/- 0.1915       (2.775%)
b               = 8.8              +/- 0.8124       (9.232%)

correlation matrix of the fit parameters:
                a      b      
a               1.000 
b              -0.943  1.000 


*******************************************************************************
Sat Mar 21 15:24:02 2026


FIT:    data read from 'dichte.csv' using 1:2
        format = x:z
        x range restricted to [0.00000 : 8.00000]
        #datapoints = 5
        residuals are weighted equally (unit weight)

function used for fitting: f(x)
	f(x) = a*x + b
fitted parameters initialized with current variable values

   4 1.1000000000e+00  -1.28e-01  3.08e-04    6.900000e+00   8.800000e+00

After 4 iterations the fit converged.
final sum of squares of residuals : 1.1
rel. change during last iteration : -1.28401e-06

degrees of freedom    (FIT_NDF)                        : 3
rms of residuals      (FIT_STDFIT) = sqrt(WSSR/ndf)    : 0.60553
variance of residuals (reduced chisquare) = WSSR/ndf   : 0.366667

Final set of parameters            Asymptotic Standard Error
=======================            ==========================
a               = 6.9              +/- 0.1915       (2.775%)
b               = 8.8              +/- 0.8124       (9.232%)

correlation matrix of the fit parameters:
                a      b      
a               1.000 
b              -0.943  1.000 


*******************************************************************************
Sat Mar 21 15:24:06 2026


FIT:    data read from 'dichte.csv' using 1:2
        format = x:z
        x range restricted to [0.00000 : 8.00000]
        #datapoints = 5
        residuals are weighted equally (unit weight)

function used for fitting: f(x)
	f(x) = a*x + b
fitted parameters initialized with current variable values

   4 1.1000000000e+00  -1.28e-01  3.08e-04    6.900000e+00   8.800000e+00

After 4 iterations the fit converged.
final sum of squares of residuals : 1.1
rel. change during last iteration : -1.28401e-06

degrees of freedom    (FIT_NDF)                        : 3
rms of residuals      (FIT_STDFIT) = sqrt(WSSR/ndf)    : 0.60553
variance of residuals (reduced chisquare) = WSSR/ndf   : 0.366667

Final set of parameters            Asymptotic Standard Error
=======================            ==========================
a               = 6.9              +/- 0.1915       (2.775%)
b               = 8.8              +/- 0.8124       (9.232%)

correlation matrix of the fit parameters:
                a      b      
a               1.000 
b              -0.943  1.000 


*******************************************************************************
Sat Mar 21 15:24:17 2026


FIT:    data read from 'dichte.csv' using 1:2
        format = x:z
        x range restricted to [0.00000 : 8.00000]
        #datapoints = 5
        residuals are weighted equally (unit weight)

function used for fitting: f(x)
	f(x) = a*x + b
fitted parameters initialized with current variable values

   4 1.1000000000e+00  -1.28e-01  3.08e-04    6.900000e+00   8.800000e+00

After 4 iterations the fit converged.
final sum of squares of residuals : 1.1
rel. change during last iteration : -1.28401e-06

degrees of freedom    (FIT_NDF)                        : 3
rms of residuals      (FIT_STDFIT) = sqrt(WSSR/ndf)    : 0.60553
variance of residuals (reduced chisquare) = WSSR/ndf   : 0.366667

Final set of parameters            Asymptotic Standard Error
=======================            ==========================
a               = 6.9              +/- 0.1915       (2.775%)
b               = 8.8              +/- 0.8124       (9.232%)

correlation matrix of the fit parameters:
                a      b      
a               1.000 
b              -0.943  1.000 


*******************************************************************************
Sat Mar 21 15:24:30 2026


FIT:    data read from 'dichte.csv' using 1:2
        format = x:z
        x range restricted to [0.00000 : 8.00000]
        #datapoints = 5
        residuals are weighted equally (unit weight)

function used for fitting: f(x)
	f(x) = a*x + b
fitted parameters initialized with current variable values

   4 1.1000000000e+00  -1.28e-01  3.08e-04    6.900000e+00   8.800000e+00

After 4 iterations the fit converged.
final sum of squares of residuals : 1.1
rel. change during last iteration : -1.28401e-06

degrees of freedom    (FIT_NDF)                        : 3
rms of residuals      (FIT_STDFIT) = sqrt(WSSR/ndf)    : 0.60553
variance of residuals (reduced chisquare) = WSSR/ndf   : 0.366667

Final set of parameters            Asymptotic Standard Error
=======================            ==========================
a               = 6.9              +/- 0.1915       (2.775%)
b               = 8.8              +/- 0.8124       (9.232%)

correlation matrix of the fit parameters:
                a      b      
a               1.000 
b              -0.943  1.000 


*******************************************************************************
Sat Mar 21 15:26:55 2026


FIT:    data read from 'dichte.csv' using 1:2:(1) yerrors
        format = x:z:s
        x range restricted to [0.00000 : 8.00000]
        #datapoints = 5
function used for fitting: f(x)
	f(x) = a*x + b
fitted parameters initialized with current variable values

   4 1.1000000000e+00  -1.28e-01  3.08e-04    6.900000e+00   8.800000e+00

After 4 iterations the fit converged.
final sum of squares of residuals : 1.1
rel. change during last iteration : -1.28401e-06

degrees of freedom    (FIT_NDF)                        : 3
rms of residuals      (FIT_STDFIT) = sqrt(WSSR/ndf)    : 0.60553
variance of residuals (reduced chisquare) = WSSR/ndf   : 0.366667
p-value of the Chisq distribution (FIT_P)              : 0.777074

Final set of parameters            Asymptotic Standard Error
=======================            ==========================
a               = 6.9              +/- 0.1915       (2.775%)
b               = 8.8              +/- 0.8124       (9.232%)

correlation matrix of the fit parameters:
                a      b      
a               1.000 
b              -0.943  1.000 


*******************************************************************************
Sat Mar 21 15:28:11 2026


FIT:    data read from 'dichte.csv' using 1:2:(1) yerrors
        format = x:z:s
        x range restricted to [0.00000 : 8.00000]
        #datapoints = 5
function used for fitting: f(x)
	f(x) = a*x + b
fitted parameters initialized with current variable values

   4 1.1000000000e+00  -1.28e-01  3.08e-04    6.900000e+00   8.800000e+00

After 4 iterations the fit converged.
final sum of squares of residuals : 1.1
rel. change during last iteration : -1.28401e-06

degrees of freedom    (FIT_NDF)                        : 3
rms of residuals      (FIT_STDFIT) = sqrt(WSSR/ndf)    : 0.60553
variance of residuals (reduced chisquare) = WSSR/ndf   : 0.366667
p-value of the Chisq distribution (FIT_P)              : 0.777074

Final set of parameters            Asymptotic Standard Error
=======================            ==========================
a               = 6.9              +/- 0.1915       (2.775%)
b               = 8.8              +/- 0.8124       (9.232%)

correlation matrix of the fit parameters:
                a      b      
a               1.000 
b              -0.943  1.000 


*******************************************************************************
Sat Mar 21 15:28:43 2026


FIT:    data read from 'dichte.csv' using 1:2:(1) yerrors
        format = x:z:s
        x range restricted to [0.00000 : 8.00000]
        #datapoints = 5
function used for fitting: f(x)
	f(x) = a*x + b
fitted parameters initialized with current variable values

   4 1.1000000000e+00  -1.28e-01  3.08e-04    6.900000e+00   8.800000e+00

After 4 iterations the fit converged.
final sum of squares of residuals : 1.1
rel. change during last iteration : -1.28401e-06

degrees of freedom    (FIT_NDF)                        : 3
rms of residuals      (FIT_STDFIT) = sqrt(WSSR/ndf)    : 0.60553
variance of residuals (reduced chisquare) = WSSR/ndf   : 0.366667
p-value of the Chisq distribution (FIT_P)              : 0.777074

Final set of parameters            Asymptotic Standard Error
=======================            ==========================
a               = 6.9              +/- 0.1915       (2.775%)
b               = 8.8              +/- 0.8124       (9.232%)

correlation matrix of the fit parameters:
                a      b      
a               1.000 
b              -0.943  1.000 


*******************************************************************************
Sat Mar 21 15:28:58 2026


FIT:    data read from 'dichte.csv' using 1:2:(1) yerrors
        format = x:z:s
        x range restricted to [0.00000 : 8.00000]
        #datapoints = 5
function used for fitting: f(x)
	f(x) = a*x + b
fitted parameters initialized with current variable values

   4 1.1000000000e+00  -1.28e-01  3.08e-04    6.900000e+00   8.800000e+00

After 4 iterations the fit converged.
final sum of squares of residuals : 1.1
rel. change during last iteration : -1.28401e-06

degrees of freedom    (FIT_NDF)                        : 3
rms of residuals      (FIT_STDFIT) = sqrt(WSSR/ndf)    : 0.60553
variance of residuals (reduced chisquare) = WSSR/ndf   : 0.366667
p-value of the Chisq distribution (FIT_P)              : 0.777074

Final set of parameters            Asymptotic Standard Error
=======================            ==========================
a               = 6.9              +/- 0.1915       (2.775%)
b               = 8.8              +/- 0.8124       (9.232%)

correlation matrix of the fit parameters:
                a      b      
a               1.000 
b              -0.943  1.000 


*******************************************************************************
Sat Mar 21 15:29:39 2026


FIT:    data read from 'dichte.csv' using 1:2:(1) yerrors
        format = x:z:s
        x range restricted to [0.00000 : 8.00000]
        #datapoints = 5
function used for fitting: f(x)
	f(x) = a*x + b
fitted parameters initialized with current variable values

   4 1.1000000000e+00  -1.28e-01  3.08e-04    6.900000e+00   8.800000e+00

After 4 iterations the fit converged.
final sum of squares of residuals : 1.1
rel. change during last iteration : -1.28401e-06

degrees of freedom    (FIT_NDF)                        : 3
rms of residuals      (FIT_STDFIT) = sqrt(WSSR/ndf)    : 0.60553
variance of residuals (reduced chisquare) = WSSR/ndf   : 0.366667
p-value of the Chisq distribution (FIT_P)              : 0.777074

Final set of parameters            Asymptotic Standard Error
=======================            ==========================
a               = 6.9              +/- 0.1915       (2.775%)
b               = 8.8              +/- 0.8124       (9.232%)

correlation matrix of the fit parameters:
                a      b      
a               1.000 
b              -0.943  1.000 


*******************************************************************************
Sat Mar 21 15:29:47 2026


FIT:    data read from 'dichte.csv' using 1:2:(1) yerrors
        format = x:z:s
        x range restricted to [0.00000 : 8.00000]
        #datapoints = 5
function used for fitting: f(x)
	f(x) = a*x + b
fitted parameters initialized with current variable values

   4 1.1000000000e+00  -1.28e-01  3.08e-04    6.900000e+00   8.800000e+00

After 4 iterations the fit converged.
final sum of squares of residuals : 1.1
rel. change during last iteration : -1.28401e-06

degrees of freedom    (FIT_NDF)                        : 3
rms of residuals      (FIT_STDFIT) = sqrt(WSSR/ndf)    : 0.60553
variance of residuals (reduced chisquare) = WSSR/ndf   : 0.366667
p-value of the Chisq distribution (FIT_P)              : 0.777074

Final set of parameters            Asymptotic Standard Error
=======================            ==========================
a               = 6.9              +/- 0.1915       (2.775%)
b               = 8.8              +/- 0.8124       (9.232%)

correlation matrix of the fit parameters:
                a      b      
a               1.000 
b              -0.943  1.000 


*******************************************************************************
Sat Mar 21 15:29:54 2026


FIT:    data read from 'dichte.csv' using 1:2:(1) yerrors
        format = x:z:s
        x range restricted to [0.00000 : 8.00000]
        #datapoints = 5
function used for fitting: f(x)
	f(x) = a*x + b
fitted parameters initialized with current variable values

   4 1.1000000000e+00  -1.28e-01  3.08e-04    6.900000e+00   8.800000e+00

After 4 iterations the fit converged.
final sum of squares of residuals : 1.1
rel. change during last iteration : -1.28401e-06

degrees of freedom    (FIT_NDF)                        : 3
rms of residuals      (FIT_STDFIT) = sqrt(WSSR/ndf)    : 0.60553
variance of residuals (reduced chisquare) = WSSR/ndf   : 0.366667
p-value of the Chisq distribution (FIT_P)              : 0.777074

Final set of parameters            Asymptotic Standard Error
=======================            ==========================
a               = 6.9              +/- 0.1915       (2.775%)
b               = 8.8              +/- 0.8124       (9.232%)

correlation matrix of the fit parameters:
                a      b      
a               1.000 
b              -0.943  1.000 


*******************************************************************************
Sat Mar 21 15:40:44 2026


FIT:    data read from 'dichte.csv' using 1:2:(1) yerrors
        format = x:z:s
        x range restricted to [0.00000 : 8.00000]
        #datapoints = 5
function used for fitting: f(x)
	f(x) = a*x + b
fitted parameters initialized with current variable values

   4 1.1000000000e+00  -1.28e-01  3.08e-04    6.900000e+00   8.800000e+00

After 4 iterations the fit converged.
final sum of squares of residuals : 1.1
rel. change during last iteration : -1.28401e-06

degrees of freedom    (FIT_NDF)                        : 3
rms of residuals      (FIT_STDFIT) = sqrt(WSSR/ndf)    : 0.60553
variance of residuals (reduced chisquare) = WSSR/ndf   : 0.366667
p-value of the Chisq distribution (FIT_P)              : 0.777074

Final set of parameters            Asymptotic Standard Error
=======================            ==========================
a               = 6.9              +/- 0.1915       (2.775%)
b               = 8.8              +/- 0.8124       (9.232%)

correlation matrix of the fit parameters:
                a      b      
a               1.000 
b              -0.943  1.000 


*******************************************************************************
Sat Mar 21 15:40:50 2026


FIT:    data read from 'dichte.csv' using 1:2:(1) yerrors
        format = x:z:s
        x range restricted to [0.00000 : 8.00000]
        #datapoints = 5
function used for fitting: f(x)
	f(x) = a*x + b
fitted parameters initialized with current variable values

   4 1.1000000000e+00  -1.28e-01  3.08e-04    6.900000e+00   8.800000e+00

After 4 iterations the fit converged.
final sum of squares of residuals : 1.1
rel. change during last iteration : -1.28401e-06

degrees of freedom    (FIT_NDF)                        : 3
rms of residuals      (FIT_STDFIT) = sqrt(WSSR/ndf)    : 0.60553
variance of residuals (reduced chisquare) = WSSR/ndf   : 0.366667
p-value of the Chisq distribution (FIT_P)              : 0.777074

Final set of parameters            Asymptotic Standard Error
=======================            ==========================
a               = 6.9              +/- 0.1915       (2.775%)
b               = 8.8              +/- 0.8124       (9.232%)

correlation matrix of the fit parameters:
                a      b      
a               1.000 
b              -0.943  1.000 


*******************************************************************************
Sat Mar 21 15:41:19 2026


FIT:    data read from 'dichte.csv' using 1:2:(1) yerrors
        format = x:z:s
        x range restricted to [0.00000 : 8.00000]
        #datapoints = 5
function used for fitting: f(x)
	f(x) = a*x + b
fitted parameters initialized with current variable values

   4 1.1000000000e+00  -1.28e-01  3.08e-04    6.900000e+00   8.800000e+00

After 4 iterations the fit converged.
final sum of squares of residuals : 1.1
rel. change during last iteration : -1.28401e-06

degrees of freedom    (FIT_NDF)                        : 3
rms of residuals      (FIT_STDFIT) = sqrt(WSSR/ndf)    : 0.60553
variance of residuals (reduced chisquare) = WSSR/ndf   : 0.366667
p-value of the Chisq distribution (FIT_P)              : 0.777074

Final set of parameters            Asymptotic Standard Error
=======================            ==========================
a               = 6.9              +/- 0.1915       (2.775%)
b               = 8.8              +/- 0.8124       (9.232%)

correlation matrix of the fit parameters:
                a      b      
a               1.000 
b              -0.943  1.000 
