

*******************************************************************************
Wed Sep 03 12:08:41 2025


FIT:    data read from 'data.csv' using 1:($3/p0)
        format = x:z
        #datapoints = 7
        residuals are weighted equally (unit weight)

function used for fitting: f(x)
	f(x) = a*x+b
fitted parameters initialized with current variable values

   5 1.9220630264e-04  -8.46e-10  4.86e-06    2.317771e-03   6.123803e-01

After 5 iterations the fit converged.
final sum of squares of residuals : 0.000192206
rel. change during last iteration : -8.46124e-15

degrees of freedom    (FIT_NDF)                        : 5
rms of residuals      (FIT_STDFIT) = sqrt(WSSR/ndf)    : 0.0062001
variance of residuals (reduced chisquare) = WSSR/ndf   : 3.84413e-05

Final set of parameters            Asymptotic Standard Error
=======================            ==========================
a               = 0.00231777       +/- 7.811e-05    (3.37%)
b               = 0.61238          +/- 0.004225     (0.6899%)

correlation matrix of the fit parameters:
                a      b      
a               1.000 
b              -0.832  1.000 


*******************************************************************************
Wed Sep 03 12:09:36 2025


FIT:    data read from 'data.csv' using 1:($3/p0)
        format = x:z
        #datapoints = 7
        residuals are weighted equally (unit weight)

function used for fitting: f(x)
	f(x) = a*x+b
fitted parameters initialized with current variable values

   5 1.9220630264e-04  -2.19e-01  3.82e-04    2.317771e-03   6.123803e-01

After 5 iterations the fit converged.
final sum of squares of residuals : 0.000192206
rel. change during last iteration : -2.19409e-06

degrees of freedom    (FIT_NDF)                        : 5
rms of residuals      (FIT_STDFIT) = sqrt(WSSR/ndf)    : 0.0062001
variance of residuals (reduced chisquare) = WSSR/ndf   : 3.84413e-05

Final set of parameters            Asymptotic Standard Error
=======================            ==========================
a               = 0.00231777       +/- 7.811e-05    (3.37%)
b               = 0.61238          +/- 0.004225     (0.6899%)

correlation matrix of the fit parameters:
                a      b      
a               1.000 
b              -0.832  1.000 


*******************************************************************************
Wed Sep 03 12:10:32 2025


FIT:    data read from 'data.csv' using 1:($3/p0)
        format = x:z
        #datapoints = 7
        residuals are weighted equally (unit weight)

function used for fitting: f(x)
	f(x) = a*x+b
fitted parameters initialized with current variable values

   1 1.9220630264e-04  -1.55e-10  4.42e-01    2.317771e-03   6.123803e-01

After 1 iterations the fit converged.
final sum of squares of residuals : 0.000192206
rel. change during last iteration : -1.55123e-15

degrees of freedom    (FIT_NDF)                        : 5
rms of residuals      (FIT_STDFIT) = sqrt(WSSR/ndf)    : 0.0062001
variance of residuals (reduced chisquare) = WSSR/ndf   : 3.84413e-05

Final set of parameters            Asymptotic Standard Error
=======================            ==========================
a               = 0.00231777       +/- 7.811e-05    (3.37%)
b               = 0.61238          +/- 0.004225     (0.6899%)

correlation matrix of the fit parameters:
                a      b      
a               1.000 
b              -0.832  1.000 


*******************************************************************************
Wed Sep 03 12:11:19 2025


FIT:    data read from 'data.csv' using 1:($3/p0)
        format = x:z
        #datapoints = 7
        residuals are weighted equally (unit weight)

function used for fitting: f(x)
	f(x) = a*x+b
fitted parameters initialized with current variable values

   1 1.9220630264e-04  -1.41e-11  4.42e-02    2.317771e-03   6.123803e-01

After 1 iterations the fit converged.
final sum of squares of residuals : 0.000192206
rel. change during last iteration : -1.41021e-16

degrees of freedom    (FIT_NDF)                        : 5
rms of residuals      (FIT_STDFIT) = sqrt(WSSR/ndf)    : 0.0062001
variance of residuals (reduced chisquare) = WSSR/ndf   : 3.84413e-05

Final set of parameters            Asymptotic Standard Error
=======================            ==========================
a               = 0.00231777       +/- 7.811e-05    (3.37%)
b               = 0.61238          +/- 0.004225     (0.6899%)

correlation matrix of the fit parameters:
                a      b      
a               1.000 
b              -0.832  1.000 


*******************************************************************************
Wed Sep 03 12:12:35 2025


FIT:    data read from 'data.csv' using 1:($3/p0)
        format = x:z
        #datapoints = 7
        residuals are weighted equally (unit weight)

function used for fitting: f(x)
	f(x) = a*x+b
fitted parameters initialized with current variable values

   1 1.9220630264e-04  -2.82e-10  4.42e-02    2.317771e-03   6.123803e-01

After 1 iterations the fit converged.
final sum of squares of residuals : 0.000192206
rel. change during last iteration : -2.82041e-15

degrees of freedom    (FIT_NDF)                        : 5
rms of residuals      (FIT_STDFIT) = sqrt(WSSR/ndf)    : 0.0062001
variance of residuals (reduced chisquare) = WSSR/ndf   : 3.84413e-05

Final set of parameters            Asymptotic Standard Error
=======================            ==========================
a               = 0.00231777       +/- 7.811e-05    (3.37%)
b               = 0.61238          +/- 0.004225     (0.6899%)

correlation matrix of the fit parameters:
                a      b      
a               1.000 
b              -0.832  1.000 


*******************************************************************************
Wed Sep 03 12:15:41 2025


FIT:    data read from 'data.csv' using 1:($3/p0)
        format = x:z
        #datapoints = 7
        residuals are weighted equally (unit weight)

function used for fitting: f(x)
	f(x) = a*x+b
fitted parameters initialized with current variable values

   1 1.9220630264e-04  -1.69e-10  4.42e-01    2.317771e-03   6.123803e-01

After 1 iterations the fit converged.
final sum of squares of residuals : 0.000192206
rel. change during last iteration : -1.69225e-15

degrees of freedom    (FIT_NDF)                        : 5
rms of residuals      (FIT_STDFIT) = sqrt(WSSR/ndf)    : 0.0062001
variance of residuals (reduced chisquare) = WSSR/ndf   : 3.84413e-05

Final set of parameters            Asymptotic Standard Error
=======================            ==========================
a               = 0.00231777       +/- 7.811e-05    (3.37%)
b               = 0.61238          +/- 0.004225     (0.6899%)

correlation matrix of the fit parameters:
                a      b      
a               1.000 
b              -0.832  1.000 


*******************************************************************************
Wed Sep 03 12:16:17 2025


FIT:    data read from 'data.csv' using 1:((p0 + $2)/p0)
        format = x:z
        #datapoints = 7
        residuals are weighted equally (unit weight)

function used for fitting: f(x)
	f(x) = a*x+b
fitted parameters initialized with current variable values

   4 1.9220630264e-04  -6.64e-02  4.42e-05   -2.317771e-03   1.387620e+00

After 4 iterations the fit converged.
final sum of squares of residuals : 0.000192206
rel. change during last iteration : -6.64412e-07

degrees of freedom    (FIT_NDF)                        : 5
rms of residuals      (FIT_STDFIT) = sqrt(WSSR/ndf)    : 0.0062001
variance of residuals (reduced chisquare) = WSSR/ndf   : 3.84413e-05

Final set of parameters            Asymptotic Standard Error
=======================            ==========================
a               = -0.00231777      +/- 7.811e-05    (3.37%)
b               = 1.38762          +/- 0.004225     (0.3045%)

correlation matrix of the fit parameters:
                a      b      
a               1.000 
b              -0.832  1.000 


*******************************************************************************
Wed Sep 03 12:16:46 2025


FIT:    data read from 'data.csv' using 1:($3/p0)
        format = x:z
        #datapoints = 7
        residuals are weighted equally (unit weight)

function used for fitting: f(x)
	f(x) = a*x+b
fitted parameters initialized with current variable values

   5 1.9220630264e-04  -2.34e-08  9.85e-06    2.317771e-03   6.123803e-01

After 5 iterations the fit converged.
final sum of squares of residuals : 0.000192206
rel. change during last iteration : -2.33953e-13

degrees of freedom    (FIT_NDF)                        : 5
rms of residuals      (FIT_STDFIT) = sqrt(WSSR/ndf)    : 0.0062001
variance of residuals (reduced chisquare) = WSSR/ndf   : 3.84413e-05

Final set of parameters            Asymptotic Standard Error
=======================            ==========================
a               = 0.00231777       +/- 7.811e-05    (3.37%)
b               = 0.61238          +/- 0.004225     (0.6899%)

correlation matrix of the fit parameters:
                a      b      
a               1.000 
b              -0.832  1.000 


*******************************************************************************
Wed Sep 03 12:23:09 2025


FIT:    data read from 'data.csv' using 1:($3/p0)
        format = x:z
        #datapoints = 7
        residuals are weighted equally (unit weight)

function used for fitting: f(x)
	f(x) = a*x+b
fitted parameters initialized with current variable values

   1 1.9220630264e-04  -1.55e-10  4.42e-02    2.317771e-03   6.123803e-01

After 1 iterations the fit converged.
final sum of squares of residuals : 0.000192206
rel. change during last iteration : -1.55123e-15

degrees of freedom    (FIT_NDF)                        : 5
rms of residuals      (FIT_STDFIT) = sqrt(WSSR/ndf)    : 0.0062001
variance of residuals (reduced chisquare) = WSSR/ndf   : 3.84413e-05

Final set of parameters            Asymptotic Standard Error
=======================            ==========================
a               = 0.00231777       +/- 7.811e-05    (3.37%)
b               = 0.61238          +/- 0.004225     (0.6899%)

correlation matrix of the fit parameters:
                a      b      
a               1.000 
b              -0.832  1.000 


*******************************************************************************
Wed Sep 03 12:36:08 2025


FIT:    data read from 'data.csv' using 1:(($2+p0)/p0)
        format = x:z
        #datapoints = 7
        residuals are weighted equally (unit weight)

function used for fitting: f(x)
	f(x) = a*x+b
fitted parameters initialized with current variable values

   4 1.9220630264e-04  -6.64e-02  4.42e-05   -2.317771e-03   1.387620e+00

After 4 iterations the fit converged.
final sum of squares of residuals : 0.000192206
rel. change during last iteration : -6.64412e-07

degrees of freedom    (FIT_NDF)                        : 5
rms of residuals      (FIT_STDFIT) = sqrt(WSSR/ndf)    : 0.0062001
variance of residuals (reduced chisquare) = WSSR/ndf   : 3.84413e-05

Final set of parameters            Asymptotic Standard Error
=======================            ==========================
a               = -0.00231777      +/- 7.811e-05    (3.37%)
b               = 1.38762          +/- 0.004225     (0.3045%)

correlation matrix of the fit parameters:
                a      b      
a               1.000 
b              -0.832  1.000 


*******************************************************************************
Wed Sep 03 12:36:22 2025


FIT:    data read from 'data.csv' using 1:(($2+p0)/p0)
        format = x:z
        #datapoints = 7
        residuals are weighted equally (unit weight)

function used for fitting: f(x)
	f(x) = a*x+b
fitted parameters initialized with current variable values

   5 1.9220630264e-04  -2.57e-01  3.82e-04   -2.317771e-03   1.387620e+00

After 5 iterations the fit converged.
final sum of squares of residuals : 0.000192206
rel. change during last iteration : -2.57182e-06

degrees of freedom    (FIT_NDF)                        : 5
rms of residuals      (FIT_STDFIT) = sqrt(WSSR/ndf)    : 0.0062001
variance of residuals (reduced chisquare) = WSSR/ndf   : 3.84413e-05

Final set of parameters            Asymptotic Standard Error
=======================            ==========================
a               = -0.00231777      +/- 7.811e-05    (3.37%)
b               = 1.38762          +/- 0.004225     (0.3045%)

correlation matrix of the fit parameters:
                a      b      
a               1.000 
b              -0.832  1.000 


*******************************************************************************
Wed Sep 03 12:37:06 2025


FIT:    data read from 'data.csv' using 1:($2+p0)
        format = x:z
        #datapoints = 7
        residuals are weighted equally (unit weight)

function used for fitting: f(x)
	f(x) = a*x+b
fitted parameters initialized with current variable values

   5 9.8535714286e+01  -6.24e-09  9.85e-06   -1.659524e+00   9.935357e+02

After 5 iterations the fit converged.
final sum of squares of residuals : 98.5357
rel. change during last iteration : -6.24474e-14

degrees of freedom    (FIT_NDF)                        : 5
rms of residuals      (FIT_STDFIT) = sqrt(WSSR/ndf)    : 4.43927
variance of residuals (reduced chisquare) = WSSR/ndf   : 19.7071

Final set of parameters            Asymptotic Standard Error
=======================            ==========================
a               = -1.65952         +/- 0.05593      (3.37%)
b               = 993.536          +/- 3.025        (0.3045%)

correlation matrix of the fit parameters:
                a      b      
a               1.000 
b              -0.832  1.000 


*******************************************************************************
Wed Sep 03 12:37:53 2025


FIT:    data read from 'data.csv' using 1:(p0 - $2)
        format = x:z
        #datapoints = 7
        residuals are weighted equally (unit weight)

function used for fitting: f(x)
	f(x) = a*x+b
fitted parameters initialized with current variable values

   5 9.8535714286e+01  -2.35e-08  7.05e-03    1.659524e+00   4.384643e+02

After 5 iterations the fit converged.
final sum of squares of residuals : 98.5357
rel. change during last iteration : -2.34935e-13

degrees of freedom    (FIT_NDF)                        : 5
rms of residuals      (FIT_STDFIT) = sqrt(WSSR/ndf)    : 4.43927
variance of residuals (reduced chisquare) = WSSR/ndf   : 19.7071

Final set of parameters            Asymptotic Standard Error
=======================            ==========================
a               = 1.65952          +/- 0.05593      (3.37%)
b               = 438.464          +/- 3.025        (0.6899%)

correlation matrix of the fit parameters:
                a      b      
a               1.000 
b              -0.832  1.000 


*******************************************************************************
Wed Sep 03 12:39:36 2025


FIT:    data read from 'data.csv' using 1:($3/p0)
        format = x:z
        #datapoints = 7
        residuals are weighted equally (unit weight)

function used for fitting: f(x)
	f(x) = a*x+b
fitted parameters initialized with current variable values

   5 2.9090266496e-04  -1.11e-07  3.16e-03    2.851415e-03   7.533751e-01

After 5 iterations the fit converged.
final sum of squares of residuals : 0.000290903
rel. change during last iteration : -1.10562e-12

degrees of freedom    (FIT_NDF)                        : 5
rms of residuals      (FIT_STDFIT) = sqrt(WSSR/ndf)    : 0.00762762
variance of residuals (reduced chisquare) = WSSR/ndf   : 5.81805e-05

Final set of parameters            Asymptotic Standard Error
=======================            ==========================
a               = 0.00285142       +/- 9.61e-05     (3.37%)
b               = 0.753375         +/- 0.005197     (0.6899%)

correlation matrix of the fit parameters:
                a      b      
a               1.000 
b              -0.832  1.000 


*******************************************************************************
Wed Sep 03 12:40:02 2025


FIT:    data read from 'data.csv' using 1:($3/p0)
        format = x:z
        #datapoints = 7
        residuals are weighted equally (unit weight)

function used for fitting: f(x)
	f(x) = a*x+b
fitted parameters initialized with current variable values

   1 2.9090266496e-04   0.00e+00  5.44e+00    2.851415e-03   7.533751e-01

After 1 iterations the fit converged.
final sum of squares of residuals : 0.000290903
rel. change during last iteration : 0

degrees of freedom    (FIT_NDF)                        : 5
rms of residuals      (FIT_STDFIT) = sqrt(WSSR/ndf)    : 0.00762762
variance of residuals (reduced chisquare) = WSSR/ndf   : 5.81805e-05

Final set of parameters            Asymptotic Standard Error
=======================            ==========================
a               = 0.00285142       +/- 9.61e-05     (3.37%)
b               = 0.753375         +/- 0.005197     (0.6899%)

correlation matrix of the fit parameters:
                a      b      
a               1.000 
b              -0.832  1.000 


*******************************************************************************
Wed Sep 03 12:40:12 2025


FIT:    data read from 'data.csv' using 1:($3/p0)
        format = x:z
        #datapoints = 7
        residuals are weighted equally (unit weight)

function used for fitting: f(x)
	f(x) = a*x+b
fitted parameters initialized with current variable values

   4 5.2799058152e-04  -6.14e-04  5.44e-05    3.841490e-03   1.014964e+00

After 4 iterations the fit converged.
final sum of squares of residuals : 0.000527991
rel. change during last iteration : -6.14148e-09

degrees of freedom    (FIT_NDF)                        : 5
rms of residuals      (FIT_STDFIT) = sqrt(WSSR/ndf)    : 0.0102761
variance of residuals (reduced chisquare) = WSSR/ndf   : 0.000105598

Final set of parameters            Asymptotic Standard Error
=======================            ==========================
a               = 0.00384149       +/- 0.0001295    (3.37%)
b               = 1.01496          +/- 0.007002     (0.6899%)

correlation matrix of the fit parameters:
                a      b      
a               1.000 
b              -0.832  1.000 


*******************************************************************************
Wed Sep 03 12:42:05 2025


FIT:    data read from 'data.csv' using 1:($3/p0)
        format = x:z
        #datapoints = 7
        residuals are weighted equally (unit weight)

function used for fitting: f(x)
	f(x) = a*x+b
fitted parameters initialized with current variable values

   1 5.2799058152e-04  -7.60e-10  7.33e-02    3.841490e-03   1.014964e+00

After 1 iterations the fit converged.
final sum of squares of residuals : 0.000527991
rel. change during last iteration : -7.59776e-15

degrees of freedom    (FIT_NDF)                        : 5
rms of residuals      (FIT_STDFIT) = sqrt(WSSR/ndf)    : 0.0102761
variance of residuals (reduced chisquare) = WSSR/ndf   : 0.000105598

Final set of parameters            Asymptotic Standard Error
=======================            ==========================
a               = 0.00384149       +/- 0.0001295    (3.37%)
b               = 1.01496          +/- 0.007002     (0.6899%)

correlation matrix of the fit parameters:
                a      b      
a               1.000 
b              -0.832  1.000 
